#
# There is insufficient memory for the Java Runtime Environment to continue.
# Native memory allocation (malloc) failed to allocate 852656 bytes for Chunk::new
# Possible reasons:
#   The system is out of physical RAM or swap space
#   The process is running with CompressedOops enabled, and the Java Heap may be blocking the growth of the native heap
# Possible solutions:
#   Reduce memory load on the system
#   Increase physical memory or swap space
#   Check if swap backing store is full
#   Decrease Java heap size (-Xmx/-Xms)
#   Decrease number of Java threads
#   Decrease Java thread stack sizes (-Xss)
#   Set larger code cache with -XX:ReservedCodeCacheSize=
#   JVM is running with Unscaled Compressed Oops mode in which the Java heap is
#     placed in the first 4GB address space. The Java Heap base address is the
#     maximum limit for the native heap growth. Please use -XX:HeapBaseMinAddress
#     to set the Java Heap base and to place the Java Heap above 4GB virtual address.
# This output file may be truncated or incomplete.
#
#  Out of Memory Error (allocation.cpp:389), pid=5480, tid=0x000000000000071c
#
# JRE version: OpenJDK Runtime Environment (8.0_202-b03) (build 1.8.0_202-release-1483-b03)
# Java VM: OpenJDK 64-Bit Server VM (25.202-b03 mixed mode windows-amd64 compressed oops)
# Failed to write core dump. Minidumps are not enabled by default on client versions of Windows
#

---------------  T H R E A D  ---------------

Current thread (0x0000000013c05000):  JavaThread "C2 CompilerThread1" daemon [_thread_in_native, id=1820, stack(0x0000000015350000,0x0000000015450000)]

Stack: [0x0000000015350000,0x0000000015450000]
[error occurred during error reporting (printing stack bounds), id 0xc0000005]

Native frames: (J=compiled Java code, j=interpreted, Vv=VM code, C=native code)


Current CompileTask:
C2:  26118 9195       4       org.jetbrains.kotlin.load.kotlin.TypeSignatureMappingKt::mapBuiltInType (384 bytes)


---------------  P R O C E S S  ---------------

Java Threads: ( => current thread )
  0x0000000013c4b800 JavaThread "Service Thread" daemon [_thread_blocked, id=7024, stack(0x0000000015950000,0x0000000015a50000)]
  0x0000000013c09800 JavaThread "C1 CompilerThread2" daemon [_thread_blocked, id=2028, stack(0x0000000015450000,0x0000000015550000)]
=>0x0000000013c05000 JavaThread "C2 CompilerThread1" daemon [_thread_in_native, id=1820, stack(0x0000000015350000,0x0000000015450000)]
  0x0000000013c02800 JavaThread "C2 CompilerThread0" daemon [_thread_in_native, id=804, stack(0x0000000015250000,0x0000000015350000)]
  0x0000000013bf9800 JavaThread "Attach Listener" daemon [_thread_blocked, id=4976, stack(0x0000000015150000,0x0000000015250000)]
  0x0000000013bfe000 JavaThread "Signal Dispatcher" daemon [_thread_blocked, id=2056, stack(0x0000000015050000,0x0000000015150000)]
  0x000000000294d800 JavaThread "Finalizer" daemon [_thread_blocked, id=6584, stack(0x0000000014e50000,0x0000000014f50000)]
  0x0000000013bd9000 JavaThread "Reference Handler" daemon [_thread_blocked, id=4828, stack(0x0000000014d50000,0x0000000014e50000)]
  0x0000000002858000 JavaThread "main" [_thread_in_Java, id=5952, stack(0x0000000002750000,0x0000000002850000)]

Other Threads:
  0x0000000013bb6800 VMThread [stack: 0x0000000014c50000,0x0000000014d50000] [id=5624]
  0x0000000013c4d800 WatcherThread [stack: 0x0000000015a50000,0x0000000015b50000] [id=5792]

VM state:not at safepoint (normal execution)

VM Mutex/Monitor currently owned by a thread: None

heap address: 0x00000000e2a00000, size: 470 MB, Compressed Oops mode: 32-bit
Narrow klass base: 0x0000000000000000, Narrow klass shift: 3
Compressed class space size: 1073741824 Address: 0x0000000100000000

Heap:
 PSYoungGen      total 77824K, used 26449K [0x00000000f6380000, 0x00000000fe100000, 0x0000000100000000)
  eden space 61440K, 16% used [0x00000000f6380000,0x00000000f6d59230,0x00000000f9f80000)
  from space 16384K, 99% used [0x00000000fb780000,0x00000000fc77b510,0x00000000fc780000)
  to   space 24576K, 0% used [0x00000000f9f80000,0x00000000f9f80000,0x00000000fb780000)
 ParOldGen       total 74752K, used 43202K [0x00000000e2a00000, 0x00000000e7300000, 0x00000000f6380000)
  object space 74752K, 57% used [0x00000000e2a00000,0x00000000e5430940,0x00000000e7300000)
 Metaspace       used 59823K, capacity 60970K, committed 61232K, reserved 1103872K
  class space    used 7077K, capacity 7385K, committed 7472K, reserved 1048576K

Card table byte_map: [0x0000000011d10000,0x0000000011e00000] byte_map_base: 0x00000000115fb000

Marking Bits: (ParMarkBitMap*) 0x0000000067819f30
 Begin Bits: [0x00000000122a0000, 0x00000000129f8000)
 End Bits:   [0x00000000129f8000, 0x0000000013150000)

Polling page: 0x0000000000e60000

CodeCache: size=245760Kb used=27960Kb max_used=27960Kb free=217799Kb
 bounds [0x0000000002950000, 0x00000000044c0000, 0x0000000011950000]
 total_blobs=8776 nmethods=8264 adapters=425
 compilation: enabled

Compilation events (10 events):
Event: 26.044 Thread 0x0000000013c09800 nmethod 9288 0x00000000044b4250 code [0x00000000044b44c0, 0x00000000044b5448]
Event: 26.044 Thread 0x0000000013c09800 9289       3       kotlin.sequences.DropSequence::iterator (12 bytes)
Event: 26.045 Thread 0x0000000013c09800 nmethod 9289 0x00000000044b5d50 code [0x00000000044b5ee0, 0x00000000044b6288]
Event: 26.093 Thread 0x0000000013c09800 9291       3       org.jetbrains.kotlin.load.java.components.JavaSourceElementImpl::getPsi (29 bytes)
Event: 26.094 Thread 0x0000000013c09800 nmethod 9291 0x00000000044b6410 code [0x00000000044b65a0, 0x00000000044b6b68]
Event: 26.094 Thread 0x0000000013c09800 9292       3       kotlin.sequences.SequencesKt___SequencesKt::drop (112 bytes)
Event: 26.096 Thread 0x0000000013c09800 nmethod 9292 0x00000000044b6c90 code [0x00000000044b6ee0, 0x00000000044b7db8]
Event: 26.096 Thread 0x0000000013c09800 9293       3       org.jetbrains.kotlin.codegen.signature.AsmTypeFactory::toString (9 bytes)
Event: 26.097 Thread 0x0000000013c09800 nmethod 9293 0x00000000044b8350 code [0x00000000044b84e0, 0x00000000044b8978]
Event: 26.097 Thread 0x0000000013c09800 9294       3       org.jetbrains.kotlin.codegen.signature.AsmTypeFactory::toString (11 bytes)

GC Heap History (10 events):
Event: 14.613 GC heap before
{Heap before GC invocations=15 (full 2):
 PSYoungGen      total 69120K, used 67215K [0x00000000f6380000, 0x00000000fb780000, 0x0000000100000000)
  eden space 57344K, 100% used [0x00000000f6380000,0x00000000f9b80000,0x00000000f9b80000)
  from space 11776K, 83% used [0x00000000fa800000,0x00000000fb1a3f10,0x00000000fb380000)
  to   space 12800K, 0% used [0x00000000f9b80000,0x00000000f9b80000,0x00000000fa800000)
 ParOldGen       total 47104K, used 22053K [0x00000000e2a00000, 0x00000000e5800000, 0x00000000f6380000)
  object space 47104K, 46% used [0x00000000e2a00000,0x00000000e3f89768,0x00000000e5800000)
 Metaspace       used 41275K, capacity 41896K, committed 42416K, reserved 1087488K
  class space    used 5052K, capacity 5202K, committed 5296K, reserved 1048576K
Event: 14.640 GC heap after
Heap after GC invocations=15 (full 2):
 PSYoungGen      total 70144K, used 12793K [0x00000000f6380000, 0x00000000fc780000, 0x0000000100000000)
  eden space 57344K, 0% used [0x00000000f6380000,0x00000000f6380000,0x00000000f9b80000)
  from space 12800K, 99% used [0x00000000f9b80000,0x00000000fa7fe408,0x00000000fa800000)
  to   space 16384K, 0% used [0x00000000fb780000,0x00000000fb780000,0x00000000fc780000)
 ParOldGen       total 47104K, used 26654K [0x00000000e2a00000, 0x00000000e5800000, 0x00000000f6380000)
  object space 47104K, 56% used [0x00000000e2a00000,0x00000000e4407be8,0x00000000e5800000)
 Metaspace       used 41275K, capacity 41896K, committed 42416K, reserved 1087488K
  class space    used 5052K, capacity 5202K, committed 5296K, reserved 1048576K
}
Event: 16.926 GC heap before
{Heap before GC invocations=16 (full 2):
 PSYoungGen      total 70144K, used 70137K [0x00000000f6380000, 0x00000000fc780000, 0x0000000100000000)
  eden space 57344K, 100% used [0x00000000f6380000,0x00000000f9b80000,0x00000000f9b80000)
  from space 12800K, 99% used [0x00000000f9b80000,0x00000000fa7fe408,0x00000000fa800000)
  to   space 16384K, 0% used [0x00000000fb780000,0x00000000fb780000,0x00000000fc780000)
 ParOldGen       total 47104K, used 26654K [0x00000000e2a00000, 0x00000000e5800000, 0x00000000f6380000)
  object space 47104K, 56% used [0x00000000e2a00000,0x00000000e4407be8,0x00000000e5800000)
 Metaspace       used 45094K, capacity 45786K, committed 46256K, reserved 1089536K
  class space    used 5515K, capacity 5721K, committed 5808K, reserved 1048576K
Event: 16.971 GC heap after
Heap after GC invocations=16 (full 2):
 PSYoungGen      total 84480K, used 12475K [0x00000000f6380000, 0x00000000fcb80000, 0x0000000100000000)
  eden space 68096K, 0% used [0x00000000f6380000,0x00000000f6380000,0x00000000fa600000)
  from space 16384K, 76% used [0x00000000fb780000,0x00000000fc3aee20,0x00000000fc780000)
  to   space 17920K, 0% used [0x00000000fa600000,0x00000000fa600000,0x00000000fb780000)
 ParOldGen       total 47104K, used 38881K [0x00000000e2a00000, 0x00000000e5800000, 0x00000000f6380000)
  object space 47104K, 82% used [0x00000000e2a00000,0x00000000e4ff85a0,0x00000000e5800000)
 Metaspace       used 45094K, capacity 45786K, committed 46256K, reserved 1089536K
  class space    used 5515K, capacity 5721K, committed 5808K, reserved 1048576K
}
Event: 16.972 GC heap before
{Heap before GC invocations=17 (full 3):
 PSYoungGen      total 84480K, used 12475K [0x00000000f6380000, 0x00000000fcb80000, 0x0000000100000000)
  eden space 68096K, 0% used [0x00000000f6380000,0x00000000f6380000,0x00000000fa600000)
  from space 16384K, 76% used [0x00000000fb780000,0x00000000fc3aee20,0x00000000fc780000)
  to   space 17920K, 0% used [0x00000000fa600000,0x00000000fa600000,0x00000000fb780000)
 ParOldGen       total 47104K, used 38881K [0x00000000e2a00000, 0x00000000e5800000, 0x00000000f6380000)
  object space 47104K, 82% used [0x00000000e2a00000,0x00000000e4ff85a0,0x00000000e5800000)
 Metaspace       used 45094K, capacity 45786K, committed 46256K, reserved 1089536K
  class space    used 5515K, capacity 5721K, committed 5808K, reserved 1048576K
Event: 17.286 GC heap after
Heap after GC invocations=17 (full 3):
 PSYoungGen      total 84480K, used 0K [0x00000000f6380000, 0x00000000fcb80000, 0x0000000100000000)
  eden space 68096K, 0% used [0x00000000f6380000,0x00000000f6380000,0x00000000fa600000)
  from space 16384K, 0% used [0x00000000fb780000,0x00000000fb780000,0x00000000fc780000)
  to   space 17920K, 0% used [0x00000000fa600000,0x00000000fa600000,0x00000000fb780000)
 ParOldGen       total 74752K, used 37394K [0x00000000e2a00000, 0x00000000e7300000, 0x00000000f6380000)
  object space 74752K, 50% used [0x00000000e2a00000,0x00000000e4e84920,0x00000000e7300000)
 Metaspace       used 45094K, capacity 45786K, committed 46256K, reserved 1089536K
  class space    used 5515K, capacity 5721K, committed 5808K, reserved 1048576K
}
Event: 21.970 GC heap before
{Heap before GC invocations=18 (full 3):
 PSYoungGen      total 84480K, used 68096K [0x00000000f6380000, 0x00000000fcb80000, 0x0000000100000000)
  eden space 68096K, 100% used [0x00000000f6380000,0x00000000fa600000,0x00000000fa600000)
  from space 16384K, 0% used [0x00000000fb780000,0x00000000fb780000,0x00000000fc780000)
  to   space 17920K, 0% used [0x00000000fa600000,0x00000000fa600000,0x00000000fb780000)
 ParOldGen       total 74752K, used 37394K [0x00000000e2a00000, 0x00000000e7300000, 0x00000000f6380000)
  object space 74752K, 50% used [0x00000000e2a00000,0x00000000e4e84920,0x00000000e7300000)
 Metaspace       used 52014K, capacity 53092K, committed 53296K, reserved 1095680K
  class space    used 6380K, capacity 6660K, committed 6704K, reserved 1048576K
Event: 21.996 GC heap after
Heap after GC invocations=18 (full 3):
 PSYoungGen      total 86016K, used 17361K [0x00000000f6380000, 0x00000000fcb80000, 0x0000000100000000)
  eden space 68096K, 0% used [0x00000000f6380000,0x00000000f6380000,0x00000000fa600000)
  from space 17920K, 96% used [0x00000000fa600000,0x00000000fb6f4420,0x00000000fb780000)
  to   space 16384K, 0% used [0x00000000fb780000,0x00000000fb780000,0x00000000fc780000)
 ParOldGen       total 74752K, used 37402K [0x00000000e2a00000, 0x00000000e7300000, 0x00000000f6380000)
  object space 74752K, 50% used [0x00000000e2a00000,0x00000000e4e86920,0x00000000e7300000)
 Metaspace       used 52014K, capacity 53092K, committed 53296K, reserved 1095680K
  class space    used 6380K, capacity 6660K, committed 6704K, reserved 1048576K
}
Event: 25.702 GC heap before
{Heap before GC invocations=19 (full 3):
 PSYoungGen      total 86016K, used 85457K [0x00000000f6380000, 0x00000000fcb80000, 0x0000000100000000)
  eden space 68096K, 100% used [0x00000000f6380000,0x00000000fa600000,0x00000000fa600000)
  from space 17920K, 96% used [0x00000000fa600000,0x00000000fb6f4420,0x00000000fb780000)
  to   space 16384K, 0% used [0x00000000fb780000,0x00000000fb780000,0x00000000fc780000)
 ParOldGen       total 74752K, used 37402K [0x00000000e2a00000, 0x00000000e7300000, 0x00000000f6380000)
  object space 74752K, 50% used [0x00000000e2a00000,0x00000000e4e86920,0x00000000e7300000)
 Metaspace       used 59653K, capacity 60810K, committed 61232K, reserved 1103872K
  class space    used 7070K, capacity 7353K, committed 7472K, reserved 1048576K
Event: 25.733 GC heap after
Heap after GC invocations=19 (full 3):
 PSYoungGen      total 77824K, used 16365K [0x00000000f6380000, 0x00000000fe100000, 0x0000000100000000)
  eden space 61440K, 0% used [0x00000000f6380000,0x00000000f6380000,0x00000000f9f80000)
  from space 16384K, 99% used [0x00000000fb780000,0x00000000fc77b510,0x00000000fc780000)
  to   space 24576K, 0% used [0x00000000f9f80000,0x00000000f9f80000,0x00000000fb780000)
 ParOldGen       total 74752K, used 43202K [0x00000000e2a00000, 0x00000000e7300000, 0x00000000f6380000)
  object space 74752K, 57% used [0x00000000e2a00000,0x00000000e5430940,0x00000000e7300000)
 Metaspace       used 59653K, capacity 60810K, committed 61232K, reserved 1103872K
  class space    used 7070K, capacity 7353K, committed 7472K, reserved 1048576K
}

Deoptimization events (10 events):
Event: 24.631 Thread 0x0000000002858000 Uncommon trap: reason=class_check action=maybe_recompile pc=0x000000000350d76c method=org.jetbrains.kotlin.storage.LockBasedStorageManager$LockBasedLazyValue.invoke()Ljava/lang/Object; @ 24
Event: 24.936 Thread 0x0000000002858000 Uncommon trap: reason=class_check action=maybe_recompile pc=0x0000000003c21130 method=org.jetbrains.kotlin.storage.LockBasedStorageManager$LockBasedLazyValue.invoke()Ljava/lang/Object; @ 24
Event: 25.205 Thread 0x0000000002858000 Uncommon trap: reason=unstable_if action=reinterpret pc=0x0000000003c5fc98 method=java.util.HashMap$HashIterator.<init>(Ljava/util/HashMap;)V @ 45
Event: 25.250 Thread 0x0000000002858000 Uncommon trap: reason=class_check action=maybe_recompile pc=0x0000000003967b0c method=org.jetbrains.kotlin.storage.LockBasedStorageManager$LockBasedLazyValue.invoke()Ljava/lang/Object; @ 24
Event: 25.251 Thread 0x0000000002858000 Uncommon trap: reason=speculate_class_check action=maybe_recompile pc=0x0000000003e8fdb4 method=java.util.ArrayList.<init>(Ljava/util/Collection;)V @ 36
Event: 25.358 Thread 0x0000000002858000 Uncommon trap: reason=speculate_class_check action=maybe_recompile pc=0x0000000003e8fdb4 method=java.util.ArrayList.<init>(Ljava/util/Collection;)V @ 36
Event: 25.519 Thread 0x0000000002858000 Uncommon trap: reason=unstable_if action=reinterpret pc=0x0000000003865a98 method=org.jetbrains.kotlin.descriptors.impl.ValueParameterDescriptorImpl.declaresDefaultValue()Z @ 4
Event: 25.585 Thread 0x0000000002858000 Uncommon trap: reason=speculate_class_check action=maybe_recompile pc=0x0000000003e8fdb4 method=java.util.ArrayList.<init>(Ljava/util/Collection;)V @ 36
Event: 25.665 Thread 0x0000000002858000 Uncommon trap: reason=unstable_if action=reinterpret pc=0x0000000004284fb8 method=org.jetbrains.kotlin.resolve.MemberComparator$NameAndTypeMemberComparator.getDeclarationPriority(Lorg/jetbrains/kotlin/descriptors/DeclarationDescriptor;)I @ 48
Event: 25.666 Thread 0x0000000002858000 Uncommon trap: reason=unstable_if action=reinterpret pc=0x00000000038f0838 method=org.jetbrains.kotlin.resolve.MemberComparator$NameAndTypeMemberComparator.getDeclarationPriority(Lorg/jetbrains/kotlin/descriptors/DeclarationDescriptor;)I @ 48

Classes redefined (0 events):
No events

Internal exceptions (10 events):
Event: 22.847 Thread 0x0000000002858000 Implicit null exception at 0x0000000002ba8555 to 0x0000000002ba8741
Event: 22.848 Thread 0x0000000002858000 Implicit null exception at 0x0000000002c22e6f to 0x0000000002c22ed9
Event: 22.868 Thread 0x0000000002858000 Implicit null exception at 0x0000000002ec3c8c to 0x0000000002ec3ce6
Event: 23.126 Thread 0x0000000002858000 Implicit null exception at 0x0000000003fbfe3e to 0x0000000003fc3965
Event: 23.462 Thread 0x0000000002858000 Implicit null exception at 0x0000000002e46614 to 0x0000000002e467e4
Event: 24.119 Thread 0x0000000002858000 Implicit null exception at 0x000000000352d316 to 0x000000000352d661
Event: 24.123 Thread 0x0000000002858000 Exception <a 'java/lang/NoSuchMethodError': java.lang.Object.lambda$static$0(Lorg/jetbrains/kotlin/descriptors/ValueParameterDescriptor;Lorg/jetbrains/kotlin/codegen/ExpressionCodegen;)Lorg/jetbrains/kotlin/codegen/StackValue;> (0x00000000f8aba3f8) thrown
Event: 24.128 Thread 0x0000000002858000 Implicit null exception at 0x00000000034f9ad5 to 0x00000000034f9ce1
Event: 25.047 Thread 0x0000000002858000 Exception <a 'java/lang/NoSuchMethodError': java.lang.Object.lambda$static$0(Ljava/lang/String;)Z> (0x00000000f9a664b8) thrown at [D:\src\AOSP-openjdk-cygwin\jdk8u\hotspot\src\share\vm\interpreter\linkResolver.cpp, line 620]
Event: 25.049 Thread 0x0000000002858000 Exception <a 'java/lang/NoSuchMethodError': java.lang.Object.lambda$static$1(Ljava/lang/String;)Z> (0x00000000f9a69138) thrown at [D:\src\AOSP-openjdk-cygwin\jdk8u\hotspot\src\share\vm\interpreter\linkResolver.cpp, line 620]

Events (10 events):
Event: 25.922 loading class org/jetbrains/kotlin/asJava/FilteredJvmDiagnostics$Companion
Event: 25.922 loading class org/jetbrains/kotlin/asJava/FilteredJvmDiagnostics$Companion done
Event: 25.924 loading class org/jetbrains/kotlin/codegen/state/BuilderFactoryForDuplicateSignatureDiagnosticsKt
Event: 25.924 loading class org/jetbrains/kotlin/codegen/state/BuilderFactoryForDuplicateSignatureDiagnosticsKt done
Event: 25.925 loading class org/jetbrains/kotlin/codegen/state/BuilderFactoryForDuplicateSignatureDiagnostics$groupMembersDescriptorsBySignature$1
Event: 25.925 loading class org/jetbrains/kotlin/codegen/state/BuilderFactoryForDuplicateSignatureDiagnostics$groupMembersDescriptorsBySignature$1 done
Event: 25.927 loading class org/jetbrains/kotlin/resolve/descriptorUtil/DescriptorUtilsKt$overriddenTreeUniqueAsSequence$1
Event: 25.927 loading class org/jetbrains/kotlin/resolve/descriptorUtil/DescriptorUtilsKt$overriddenTreeUniqueAsSequence$1 done
Event: 25.928 loading class org/jetbrains/kotlin/resolve/descriptorUtil/DescriptorUtilsKt$overriddenTreeUniqueAsSequence$1$doBuildOverriddenTreeAsSequence$$inlined$with$lambda$1
Event: 25.928 loading class org/jetbrains/kotlin/resolve/descriptorUtil/DescriptorUtilsKt$overriddenTreeUniqueAsSequence$1$doBuildOverriddenTreeAsSequence$$inlined$with$lambda$1 done


Dynamic libraries:
0x00007ff715d20000 - 0x00007ff715d51000 	C:\Program Files\Android\Android Studio\jre\jre\bin\java.exe
0x00007ff961260000 - 0x00007ff961432000 	C:\WINDOWS\SYSTEM32\ntdll.dll
0x00007ff961030000 - 0x00007ff9610dc000 	C:\WINDOWS\System32\KERNEL32.DLL
0x00007ff95e5d0000 - 0x00007ff95e7ed000 	C:\WINDOWS\System32\KERNELBASE.dll
0x00007ff95eeb0000 - 0x00007ff95ef52000 	C:\WINDOWS\System32\ADVAPI32.dll
0x00007ff95ebb0000 - 0x00007ff95ec4e000 	C:\WINDOWS\System32\msvcrt.dll
0x00007ff95ef60000 - 0x00007ff95efb9000 	C:\WINDOWS\System32\sechost.dll
0x00007ff95f3f0000 - 0x00007ff95f511000 	C:\WINDOWS\System32\RPCRT4.dll
0x00007ff95e840000 - 0x00007ff95e9a5000 	C:\WINDOWS\System32\USER32.dll
0x00007ff95d760000 - 0x00007ff95d77e000 	C:\WINDOWS\System32\win32u.dll
0x00007ff95e7f0000 - 0x00007ff95e824000 	C:\WINDOWS\System32\GDI32.dll
0x00007ff95db70000 - 0x00007ff95dcf0000 	C:\WINDOWS\System32\gdi32full.dll
0x00007ff94b6d0000 - 0x00007ff94b94a000 	C:\WINDOWS\WinSxS\amd64_microsoft.windows.common-controls_6595b64144ccf1df_6.0.14393.953_none_42151e83c686086b\COMCTL32.dll
0x00007ff960d60000 - 0x00007ff961028000 	C:\WINDOWS\System32\combase.dll
0x00007ff95da00000 - 0x00007ff95daf5000 	C:\WINDOWS\System32\ucrtbase.dll
0x00007ff95db00000 - 0x00007ff95db6a000 	C:\WINDOWS\System32\bcryptPrimitives.dll
0x00007ff95eda0000 - 0x00007ff95edce000 	C:\WINDOWS\System32\IMM32.DLL
0x0000000066af0000 - 0x0000000066bc2000 	C:\Program Files\Android\Android Studio\jre\jre\bin\msvcr100.dll
0x0000000067050000 - 0x0000000067896000 	C:\Program Files\Android\Android Studio\jre\jre\bin\server\jvm.dll
0x00007ff95ed90000 - 0x00007ff95ed98000 	C:\WINDOWS\System32\PSAPI.DLL
0x00007ff950a10000 - 0x00007ff950a19000 	C:\WINDOWS\SYSTEM32\WSOCK32.dll
0x00007ff95b5e0000 - 0x00007ff95b603000 	C:\WINDOWS\SYSTEM32\WINMM.dll
0x00007ff94f410000 - 0x00007ff94f41a000 	C:\WINDOWS\SYSTEM32\VERSION.dll
0x0000000002720000 - 0x000000000274b000 	C:\WINDOWS\SYSTEM32\WINMMBASE.dll
0x00007ff95ee40000 - 0x00007ff95eeaa000 	C:\WINDOWS\System32\WS2_32.dll
0x00007ff95dea0000 - 0x00007ff95dee2000 	C:\WINDOWS\System32\cfgmgr32.dll
0x00007ff95a980000 - 0x00007ff95a98f000 	C:\Program Files\Android\Android Studio\jre\jre\bin\verify.dll
0x00007ff95a710000 - 0x00007ff95a739000 	C:\Program Files\Android\Android Studio\jre\jre\bin\java.dll
0x00007ff95a6f0000 - 0x00007ff95a706000 	C:\Program Files\Android\Android Studio\jre\jre\bin\zip.dll
0x00007ff95f790000 - 0x00007ff960c99000 	C:\WINDOWS\System32\SHELL32.dll
0x00007ff95def0000 - 0x00007ff95e5c9000 	C:\WINDOWS\System32\windows.storage.dll
0x00007ff95d710000 - 0x00007ff95d75c000 	C:\WINDOWS\System32\powrprof.dll
0x00007ff961180000 - 0x00007ff9611d2000 	C:\WINDOWS\System32\shlwapi.dll
0x00007ff95d6e0000 - 0x00007ff95d6ef000 	C:\WINDOWS\System32\kernel.appcore.dll
0x00007ff95dd50000 - 0x00007ff95ddf9000 	C:\WINDOWS\System32\shcore.dll
0x00007ff95d6f0000 - 0x00007ff95d704000 	C:\WINDOWS\System32\profapi.dll
0x00007ff9596b0000 - 0x00007ff9596ca000 	C:\Program Files\Android\Android Studio\jre\jre\bin\net.dll
0x00007ff95cfa0000 - 0x00007ff95cffc000 	C:\WINDOWS\system32\mswsock.dll
0x00007ff959690000 - 0x00007ff9596a1000 	C:\Program Files\Android\Android Studio\jre\jre\bin\nio.dll

VM Arguments:
java_command: org.jetbrains.kotlin.cli.jvm.K2JVMCompiler -Xallow-no-source-files -classpath C:\Users\Acer\.gradle\caches\modules-2\files-2.1\org.jetbrains.kotlin\kotlin-android-extensions-runtime\1.3.72\83423235971335be77d2ea025008bc9959738ffc\kotlin-android-extensions-runtime-1.3.72.jar;C:\Users\Acer\.gradle\caches\modules-2\files-2.1\org.jetbrains.kotlin\kotlin-stdlib-jdk7\1.3.72\3adfc2f4ea4243e01204be8081fe63bde6b12815\kotlin-stdlib-jdk7-1.3.72.jar;C:\Users\Acer\.gradle\caches\transforms-2\files-2.1\35dee746bdd807739854ee3c2c27e4de\core-ktx-1.2.0-api.jar;C:\Users\Acer\.gradle\caches\transforms-2\files-2.1\2a726cc3724d35e56c220228b962727b\lifecycle-viewmodel-ktx-2.2.0-api.jar;C:\Users\Acer\.gradle\caches\transforms-2\files-2.1\c4c2f7300eeb2343541ce57e1f167aba\lifecycle-livedata-ktx-2.2.0-api.jar;C:\Users\Acer\.gradle\caches\transforms-2\files-2.1\9fd0fce5ffb38523f62a36e9d17b4688\jetified-kotlinx-coroutines-android-1.3.0.jar;C:\Users\Acer\.gradle\caches\modules-2\files-2.1\org.jetbrains.kotlinx\kotlinx-coroutines-core\1.3.0\36fa8555d92456448ec19e64b00be830df9a7fb5\kotlinx-coroutines-core-1.3.0.jar;C:\Users\Acer\.gradle\caches\transforms-2\files-2.1\55531ddfc8ec62d4a3a0e812b6dff163\lifecycle-livedata-core-ktx-2.2.0-api.jar;C:\Users\Acer\.gradle\caches\modules-2\files-2.1\org.jetbrains.kotlin\kotlin-stdlib\1.3.72\8032138f12c0180bc4e51fe139d4c52b46db6109\kotlin-stdlib-1.3.72.jar;C:\Users\Acer\.gradle\caches\modules-2\files-2.1\org.jetbrains.kotlin\kotlin-stdlib-common\1.3.72\6ca8bee3d88957eaaaef077c41c908c9940492d8\kotlin-stdlib-common-1.3.72.jar;C:\Users\Acer\.gradle\caches\modules-2\files-2.1\org.jetbrains\annotations\13.0\919f0dfe192fb4e063e7dacadee7f8bb9a2672a9\annotations-13.0.jar;C:\Users\Acer\.gradle\caches\transforms-2\files-2.1\2a5e43a1a5172a780ed11bfc9e0a4275\material-1.1.0-api.jar;C:\Users\Acer\.gradle\caches\transforms-2\files-2.1\dcc552481ab0c4d817b7d0b80177fb2e\appcompat-1.1.0-api.jar;C:\Users\Acer\.gradle\caches\transforms-2\files-2.1\921e50f385b74371
java_class_path (initial): C:\Users\Acer\.gradle\caches\modules-2\files-2.1\org.jetbrains.kotlin\kotlin-compiler-embeddable\1.3.72\fb72232c8fa977d5e07d33c43381ddbdc5edab6\kotlin-compiler-embeddable-1.3.72.jar;C:\Users\Acer\.gradle\caches\modules-2\files-2.1\org.jetbrains.kotlin\kotlin-reflect\1.3.72\86613e1a669a701b0c660bfd2af4f82a7ae11fca\kotlin-reflect-1.3.72.jar;C:\Users\Acer\.gradle\caches\modules-2\files-2.1\org.jetbrains.kotlin\kotlin-stdlib\1.3.72\8032138f12c0180bc4e51fe139d4c52b46db6109\kotlin-stdlib-1.3.72.jar;C:\Users\Acer\.gradle\caches\modules-2\files-2.1\org.jetbrains.kotlin\kotlin-script-runtime\1.3.72\657d8d34d91e1964b4439378c09933e840bfe8d5\kotlin-script-runtime-1.3.72.jar;C:\Users\Acer\.gradle\caches\modules-2\files-2.1\org.jetbrains.kotlin\kotlin-daemon-embeddable\1.3.72\53bbaa2816dbf6bdb85f629451b1fcc88f2164d2\kotlin-daemon-embeddable-1.3.72.jar;C:\Users\Acer\.gradle\caches\modules-2\files-2.1\org.jetbrains.intellij.deps\trove4j\1.0.20181211\216c2e14b070f334479d800987affe4054cd563f\trove4j-1.0.20181211.jar;C:\Users\Acer\.gradle\caches\modules-2\files-2.1\org.jetbrains.kotlin\kotlin-stdlib-common\1.3.72\6ca8bee3d88957eaaaef077c41c908c9940492d8\kotlin-stdlib-common-1.3.72.jar;C:\Users\Acer\.gradle\caches\modules-2\files-2.1\org.jetbrains\annotations\13.0\919f0dfe192fb4e063e7dacadee7f8bb9a2672a9\annotations-13.0.jar;C:\Program Files\Android\Android Studio\jre\lib\tools.jar
Launcher Type: SUN_STANDARD

Environment Variables:
PATH=C:\Program Files (x86)\Common Files\Oracle\Java\javapath;C:\eclipse\jre\bin\javawexe;C:\Program Files\Git\cmd;C:\Program Files\Java\jdk-12\bin
USERNAME=Acer
OS=Windows_NT
PROCESSOR_IDENTIFIER=Intel64 Family 6 Model 92 Stepping 9, GenuineIntel



---------------  S Y S T E M  ---------------

OS: Windows 10.0 , 64 bit Build 14393 (10.0.14393.2214)

CPU:total 4 (initial active 4) (4 cores per cpu, 1 threads per core) family 6 model 92 stepping 9, cmov, cx8, fxsr, mmx, sse, sse2, sse3, ssse3, sse4.1, sse4.2, popcnt, aes, clmul, erms, 3dnowpref, tsc, tscinvbit

Memory: 4k page, physical 1921248k(510504k free), swap 4605900k(4468k free)

vm_info: OpenJDK 64-Bit Server VM (25.202-b03) for windows-amd64 JRE (1.8.0_202-release-1483-b03), built by "builder" with MS VC++ 10.0 (VS2010)

time: Sat May 23 21:35:47 2020
timezone: Финландия - лятно часово време
elapsed time: 26 seconds (0d 0h 0m 26s)

