#
# There is insufficient memory for the Java Runtime Environment to continue.
# Native memory allocation (malloc) failed to allocate 1328736 bytes for Chunk::new
# Possible reasons:
#   The system is out of physical RAM or swap space
#   The process is running with CompressedOops enabled, and the Java Heap may be blocking the growth of the native heap
# Possible solutions:
#   Reduce memory load on the system
#   Increase physical memory or swap space
#   Check if swap backing store is full
#   Decrease Java heap size (-Xmx/-Xms)
#   Decrease number of Java threads
#   Decrease Java thread stack sizes (-Xss)
#   Set larger code cache with -XX:ReservedCodeCacheSize=
#   JVM is running with Unscaled Compressed Oops mode in which the Java heap is
#     placed in the first 4GB address space. The Java Heap base address is the
#     maximum limit for the native heap growth. Please use -XX:HeapBaseMinAddress
#     to set the Java Heap base and to place the Java Heap above 4GB virtual address.
# This output file may be truncated or incomplete.
#
#  Out of Memory Error (allocation.cpp:389), pid=6900, tid=0x00000000000019b8
#
# JRE version: OpenJDK Runtime Environment (8.0_202-b03) (build 1.8.0_202-release-1483-b03)
# Java VM: OpenJDK 64-Bit Server VM (25.202-b03 mixed mode windows-amd64 compressed oops)
# Failed to write core dump. Minidumps are not enabled by default on client versions of Windows
#

---------------  T H R E A D  ---------------

Current thread (0x000000001676c800):  JavaThread "C2 CompilerThread1" daemon [_thread_in_native, id=6584, stack(0x0000000017eb0000,0x0000000017fb0000)]

Stack: [0x0000000017eb0000,0x0000000017fb0000]
[error occurred during error reporting (printing stack bounds), id 0xc0000005]

Native frames: (J=compiled Java code, j=interpreted, Vv=VM code, C=native code)


Current CompileTask:
C2:20136221 20241       4       com.android.utils.PositionXmlParser::getPositionHelper (757 bytes)


---------------  P R O C E S S  ---------------

Java Threads: ( => current thread )
  0x0000000021147000 JavaThread "stdout" [_thread_in_native, id=5484, stack(0x00000000331a0000,0x00000000332a0000)]
  0x0000000021145800 JavaThread "stderr" [_thread_in_native, id=5372, stack(0x00000000330a0000,0x00000000331a0000)]
  0x000000001dd80800 JavaThread "pool-17-thread-1" [_thread_blocked, id=2980, stack(0x0000000032da0000,0x0000000032ea0000)]
  0x0000000021148800 JavaThread "WorkerExecutor Queue Thread 4" [_thread_blocked, id=5328, stack(0x00000000324a0000,0x00000000325a0000)]
  0x000000002113d000 JavaThread "WorkerExecutor Queue Thread 3" [_thread_blocked, id=3084, stack(0x00000000322a0000,0x00000000323a0000)]
  0x000000002113e800 JavaThread "WorkerExecutor Queue Thread 2" [_thread_blocked, id=6152, stack(0x00000000321a0000,0x00000000322a0000)]
  0x0000000021144000 JavaThread "WorkerExecutor Queue" [_thread_blocked, id=3128, stack(0x00000000320a0000,0x00000000321a0000)]
  0x0000000021141800 JavaThread "Cache worker for execution history cache (C:\Users\Acer\AndroidStudioProjects\TripOrganizer\.gradle\5.4.1\executionHistory)" [_thread_blocked, id=5028, stack(0x0000000031ea0000,0x0000000031fa0000)]
  0x000000002113e000 JavaThread "Execution worker for ':' Thread 3" [_thread_blocked, id=1408, stack(0x0000000031da0000,0x0000000031ea0000)]
  0x0000000021140000 JavaThread "Execution worker for ':' Thread 2" [_thread_blocked, id=7008, stack(0x0000000031ca0000,0x0000000031da0000)]
  0x0000000021141000 JavaThread "Execution worker for ':'" [_thread_blocked, id=2752, stack(0x0000000031ba0000,0x0000000031ca0000)]
  0x000000002113f800 JavaThread "Cache worker for file content cache (C:\Users\Acer\AndroidStudioProjects\TripOrganizer\.gradle\5.4.1\fileContent)" [_thread_blocked, id=3240, stack(0x0000000031aa0000,0x0000000031ba0000)]
  0x0000000019a32800 JavaThread "Cache worker for file content cache (C:\Users\Acer\.gradle\caches\5.4.1\fileContent)" [_thread_blocked, id=4724, stack(0x00000000319a0000,0x0000000031aa0000)]
  0x0000000019a2f000 JavaThread "Cache worker for Build Output Cleanup Cache (C:\Users\Acer\AndroidStudioProjects\TripOrganizer\.gradle\buildOutputCleanup)" [_thread_blocked, id=5452, stack(0x00000000318a0000,0x00000000319a0000)]
  0x000000001d12b000 JavaThread "Build operations Thread 4" [_thread_blocked, id=4648, stack(0x00000000317a0000,0x00000000318a0000)]
  0x000000001d129800 JavaThread "Build operations Thread 3" [_thread_blocked, id=6260, stack(0x00000000316a0000,0x00000000317a0000)]
  0x000000001d12c800 JavaThread "Build operations Thread 2" [_thread_blocked, id=5900, stack(0x00000000315a0000,0x00000000316a0000)]
  0x000000001dd80000 JavaThread "Build operations" [_thread_blocked, id=680, stack(0x00000000314a0000,0x00000000315a0000)]
  0x000000001dd7f000 JavaThread "Cache worker for cache directory md-rule (C:\Users\Acer\.gradle\caches\5.4.1\md-rule)" [_thread_blocked, id=688, stack(0x00000000313a0000,0x00000000314a0000)]
  0x000000001dd7d000 JavaThread "Cache worker for cache directory md-supplier (C:\Users\Acer\.gradle\caches\5.4.1\md-supplier)" [_thread_blocked, id=5788, stack(0x00000000312a0000,0x00000000313a0000)]
  0x000000001dd7d800 JavaThread "Cache worker for file hash cache (C:\Users\Acer\AndroidStudioProjects\TripOrganizer\.gradle\5.4.1\fileHashes)" [_thread_blocked, id=1084, stack(0x00000000311a0000,0x00000000312a0000)]
  0x000000001dd82800 JavaThread "Thread-171" [_thread_blocked, id=1252, stack(0x00000000310a0000,0x00000000311a0000)]
  0x000000001dd7a800 JavaThread "Asynchronous log dispatcher for DefaultDaemonConnection: socket connection from /127.0.0.1:49771 to /127.0.0.1:50658" [_thread_blocked, id=2584, stack(0x0000000030ea0000,0x0000000030fa0000)]
  0x000000001dd73000 JavaThread "Daemon worker Thread 7" [_thread_in_vm, id=1548, stack(0x0000000030da0000,0x0000000030ea0000)]
  0x000000001dd78800 JavaThread "Cancel handler" [_thread_blocked, id=5500, stack(0x0000000030ca0000,0x0000000030da0000)]
  0x000000001dd76000 JavaThread "Handler for socket connection from /127.0.0.1:49771 to /127.0.0.1:50658" [_thread_in_native, id=6536, stack(0x0000000030ba0000,0x0000000030ca0000)]
  0x000000001dd7a000 JavaThread "Daemon Thread 7" [_thread_blocked, id=1640, stack(0x0000000030aa0000,0x0000000030ba0000)]
  0x000000001dd74800 JavaThread "Memory manager" [_thread_blocked, id=7136, stack(0x00000000233d0000,0x00000000234d0000)]
  0x000000001dd79000 JavaThread "Cache worker for execution history cache (C:\Users\Acer\.gradle\caches\5.4.1\executionHistory)" [_thread_blocked, id=3800, stack(0x0000000020890000,0x0000000020990000)]
  0x0000000019a34800 JavaThread "Cache worker for journal cache (C:\Users\Acer\.gradle\caches\journal-1)" [_thread_blocked, id=4060, stack(0x000000001b2f0000,0x000000001b3f0000)]
  0x0000000019a34000 JavaThread "File lock request listener" [_thread_in_native, id=1304, stack(0x000000001b1f0000,0x000000001b2f0000)]
  0x0000000018310000 JavaThread "Cache worker for file hash cache (C:\Users\Acer\.gradle\caches\5.4.1\fileHashes)" [_thread_blocked, id=4420, stack(0x000000001b0f0000,0x000000001b1f0000)]
  0x000000001831e000 JavaThread "Daemon periodic checks" [_thread_blocked, id=6552, stack(0x000000001a6f0000,0x000000001a7f0000)]
  0x000000001818a800 JavaThread "Incoming local TCP Connector on port 49771" [_thread_in_native, id=6532, stack(0x000000001a4c0000,0x000000001a5c0000)]
  0x00000000197ee800 JavaThread "Daemon health stats" [_thread_blocked, id=6516, stack(0x0000000019e80000,0x0000000019f80000)]
  0x00000000180d3800 JavaThread "Service Thread" daemon [_thread_blocked, id=6604, stack(0x00000000184b0000,0x00000000185b0000)]
  0x000000001678e000 JavaThread "C1 CompilerThread2" daemon [_thread_blocked, id=6588, stack(0x0000000017fb0000,0x00000000180b0000)]
=>0x000000001676c800 JavaThread "C2 CompilerThread1" daemon [_thread_in_native, id=6584, stack(0x0000000017eb0000,0x0000000017fb0000)]
  0x0000000016769000 JavaThread "C2 CompilerThread0" daemon [_thread_blocked, id=1560, stack(0x0000000017db0000,0x0000000017eb0000)]
  0x0000000016764000 JavaThread "Attach Listener" daemon [_thread_blocked, id=5752, stack(0x0000000017cb0000,0x0000000017db0000)]
  0x0000000016762800 JavaThread "Signal Dispatcher" daemon [_thread_blocked, id=1960, stack(0x0000000017bb0000,0x0000000017cb0000)]
  0x0000000002d3a800 JavaThread "Finalizer" daemon [_thread_blocked, id=5720, stack(0x00000000179c0000,0x0000000017ac0000)]
  0x0000000016749000 JavaThread "Reference Handler" daemon [_thread_blocked, id=5692, stack(0x00000000178c0000,0x00000000179c0000)]
  0x0000000002ded800 JavaThread "main" [_thread_blocked, id=3788, stack(0x0000000002ae0000,0x0000000002be0000)]

Other Threads:
  0x0000000016727000 VMThread [stack: 0x00000000177c0000,0x00000000178c0000] [id=5600]
  0x00000000180d4800 WatcherThread [stack: 0x00000000185b0000,0x00000000186b0000] [id=4524]

VM state:not at safepoint (normal execution)

VM Mutex/Monitor currently owned by a thread: None

heap address: 0x00000000a0000000, size: 1536 MB, Compressed Oops mode: 32-bit
Narrow klass base: 0x0000000000000000, Narrow klass shift: 3
Compressed class space size: 1073741824 Address: 0x0000000100000000

Heap:
 PSYoungGen      total 353280K, used 43483K [0x00000000e0000000, 0x00000000f8680000, 0x0000000100000000)
  eden space 322048K, 8% used [0x00000000e0000000,0x00000000e1ac2128,0x00000000f3a80000)
  from space 31232K, 51% used [0x00000000f6800000,0x00000000f77b4c20,0x00000000f8680000)
  to   space 38912K, 0% used [0x00000000f3a80000,0x00000000f3a80000,0x00000000f6080000)
 ParOldGen       total 114176K, used 83063K [0x00000000a0000000, 0x00000000a6f80000, 0x00000000e0000000)
  object space 114176K, 72% used [0x00000000a0000000,0x00000000a511df88,0x00000000a6f80000)
 Metaspace       used 110758K, capacity 117458K, committed 117720K, reserved 1150976K
  class space    used 14041K, capacity 15313K, committed 15360K, reserved 1048576K

Card table byte_map: [0x00000000121b0000,0x00000000124c0000] byte_map_base: 0x0000000011cb0000

Marking Bits: (ParMarkBitMap*) 0x0000000054099f30
 Begin Bits: [0x0000000012ac0000, 0x00000000142c0000)
 End Bits:   [0x00000000142c0000, 0x0000000015ac0000)

Polling page: 0x0000000000e20000

CodeCache: size=245760Kb used=58306Kb max_used=59268Kb free=187453Kb
 bounds [0x0000000002df0000, 0x0000000006840000, 0x0000000011df0000]
 total_blobs=16683 nmethods=15792 adapters=803
 compilation: enabled

Compilation events (10 events):
Event: 20121.852 Thread 0x000000001678e000 nmethod 20246 0x0000000005ad3590 code [0x0000000005ad36e0, 0x0000000005ad3870]
Event: 20121.869 Thread 0x000000001678e000 20248       3       com.android.ide.common.xml.XmlPrettyPrinter::isMarkupElement (51 bytes)
Event: 20121.870 Thread 0x000000001678e000 nmethod 20248 0x0000000003b1f8d0 code [0x0000000003b1fa80, 0x0000000003b20018]
Event: 20121.870 Thread 0x000000001678e000 20249       3       com.android.utils.SdkUtils::endsWith (62 bytes)
Event: 20121.871 Thread 0x000000001678e000 nmethod 20249 0x000000000545a690 code [0x000000000545a840, 0x000000000545adf8]
Event: 20121.871 Thread 0x000000001678e000 20251       3       com.android.ide.common.xml.XmlPrettyPrinter::indent (83 bytes)
Event: 20121.872 Thread 0x000000001678e000 nmethod 20251 0x0000000005b5eed0 code [0x0000000005b5f080, 0x0000000005b5f688]
Event: 20121.872 Thread 0x000000001678e000 20250       3       com.android.ide.common.xml.XmlAttributeSortOrder::getAttributePriority (87 bytes)
Event: 20121.873 Thread 0x000000001678e000 nmethod 20250 0x00000000066d0f10 code [0x00000000066d1100, 0x00000000066d1a48]
Event: 20121.873 Thread 0x000000001678e000 20252       3       com.android.ide.common.xml.XmlPrettyPrinter::hasBlankLineAbove (70 bytes)

GC Heap History (10 events):
Event: 15057.955 GC heap before
{Heap before GC invocations=30 (full 4):
 PSYoungGen      total 295936K, used 280315K [0x00000000e0000000, 0x00000000f6c00000, 0x0000000100000000)
  eden space 253952K, 100% used [0x00000000e0000000,0x00000000ef800000,0x00000000ef800000)
  from space 41984K, 62% used [0x00000000ef800000,0x00000000f11bee10,0x00000000f2100000)
  to   space 43008K, 0% used [0x00000000f4200000,0x00000000f4200000,0x00000000f6c00000)
 ParOldGen       total 114176K, used 75523K [0x00000000a0000000, 0x00000000a6f80000, 0x00000000e0000000)
  object space 114176K, 66% used [0x00000000a0000000,0x00000000a49c0f78,0x00000000a6f80000)
 Metaspace       used 103597K, capacity 108370K, committed 108632K, reserved 1144832K
  class space    used 13209K, capacity 14129K, committed 14208K, reserved 1048576K
Event: 15061.286 GC heap after
Heap after GC invocations=30 (full 4):
 PSYoungGen      total 316416K, used 13886K [0x00000000e0000000, 0x00000000f6380000, 0x0000000100000000)
  eden space 282112K, 0% used [0x00000000e0000000,0x00000000e0000000,0x00000000f1380000)
  from space 34304K, 40% used [0x00000000f4200000,0x00000000f4f8fa50,0x00000000f6380000)
  to   space 40960K, 0% used [0x00000000f1380000,0x00000000f1380000,0x00000000f3b80000)
 ParOldGen       total 114176K, used 75531K [0x00000000a0000000, 0x00000000a6f80000, 0x00000000e0000000)
  object space 114176K, 66% used [0x00000000a0000000,0x00000000a49c2f78,0x00000000a6f80000)
 Metaspace       used 103597K, capacity 108370K, committed 108632K, reserved 1144832K
  class space    used 13209K, capacity 14129K, committed 14208K, reserved 1048576K
}
Event: 15095.027 GC heap before
{Heap before GC invocations=31 (full 4):
 PSYoungGen      total 316416K, used 295998K [0x00000000e0000000, 0x00000000f6380000, 0x0000000100000000)
  eden space 282112K, 100% used [0x00000000e0000000,0x00000000f1380000,0x00000000f1380000)
  from space 34304K, 40% used [0x00000000f4200000,0x00000000f4f8fa50,0x00000000f6380000)
  to   space 40960K, 0% used [0x00000000f1380000,0x00000000f1380000,0x00000000f3b80000)
 ParOldGen       total 114176K, used 75531K [0x00000000a0000000, 0x00000000a6f80000, 0x00000000e0000000)
  object space 114176K, 66% used [0x00000000a0000000,0x00000000a49c2f78,0x00000000a6f80000)
 Metaspace       used 105179K, capacity 110390K, committed 110680K, reserved 1144832K
  class space    used 13389K, capacity 14369K, committed 14464K, reserved 1048576K
Event: 15096.561 GC heap after
Heap after GC invocations=31 (full 4):
 PSYoungGen      total 323072K, used 22891K [0x00000000e0000000, 0x00000000f9000000, 0x0000000100000000)
  eden space 282112K, 0% used [0x00000000e0000000,0x00000000e0000000,0x00000000f1380000)
  from space 40960K, 55% used [0x00000000f1380000,0x00000000f29dad18,0x00000000f3b80000)
  to   space 40960K, 0% used [0x00000000f6800000,0x00000000f6800000,0x00000000f9000000)
 ParOldGen       total 114176K, used 75539K [0x00000000a0000000, 0x00000000a6f80000, 0x00000000e0000000)
  object space 114176K, 66% used [0x00000000a0000000,0x00000000a49c4f78,0x00000000a6f80000)
 Metaspace       used 105179K, capacity 110390K, committed 110680K, reserved 1144832K
  class space    used 13389K, capacity 14369K, committed 14464K, reserved 1048576K
}
Event: 16326.752 GC heap before
{Heap before GC invocations=32 (full 4):
 PSYoungGen      total 323072K, used 305003K [0x00000000e0000000, 0x00000000f9000000, 0x0000000100000000)
  eden space 282112K, 100% used [0x00000000e0000000,0x00000000f1380000,0x00000000f1380000)
  from space 40960K, 55% used [0x00000000f1380000,0x00000000f29dad18,0x00000000f3b80000)
  to   space 40960K, 0% used [0x00000000f6800000,0x00000000f6800000,0x00000000f9000000)
 ParOldGen       total 114176K, used 75539K [0x00000000a0000000, 0x00000000a6f80000, 0x00000000e0000000)
  object space 114176K, 66% used [0x00000000a0000000,0x00000000a49c4f78,0x00000000a6f80000)
 Metaspace       used 107564K, capacity 113696K, committed 113880K, reserved 1148928K
  class space    used 13690K, capacity 14834K, committed 14848K, reserved 1048576K
Event: 16329.179 GC heap after
Heap after GC invocations=32 (full 4):
 PSYoungGen      total 353280K, used 14577K [0x00000000e0000000, 0x00000000f8680000, 0x0000000100000000)
  eden space 322048K, 0% used [0x00000000e0000000,0x00000000e0000000,0x00000000f3a80000)
  from space 31232K, 46% used [0x00000000f6800000,0x00000000f763c488,0x00000000f8680000)
  to   space 38912K, 0% used [0x00000000f3a80000,0x00000000f3a80000,0x00000000f6080000)
 ParOldGen       total 114176K, used 83047K [0x00000000a0000000, 0x00000000a6f80000, 0x00000000e0000000)
  object space 114176K, 72% used [0x00000000a0000000,0x00000000a5119f88,0x00000000a6f80000)
 Metaspace       used 107564K, capacity 113696K, committed 113880K, reserved 1148928K
  class space    used 13690K, capacity 14834K, committed 14848K, reserved 1048576K
}
Event: 20059.297 GC heap before
{Heap before GC invocations=33 (full 4):
 PSYoungGen      total 353280K, used 336625K [0x00000000e0000000, 0x00000000f8680000, 0x0000000100000000)
  eden space 322048K, 100% used [0x00000000e0000000,0x00000000f3a80000,0x00000000f3a80000)
  from space 31232K, 46% used [0x00000000f6800000,0x00000000f763c488,0x00000000f8680000)
  to   space 38912K, 0% used [0x00000000f3a80000,0x00000000f3a80000,0x00000000f6080000)
 ParOldGen       total 114176K, used 83047K [0x00000000a0000000, 0x00000000a6f80000, 0x00000000e0000000)
  object space 114176K, 72% used [0x00000000a0000000,0x00000000a5119f88,0x00000000a6f80000)
 Metaspace       used 108150K, capacity 114558K, committed 114776K, reserved 1148928K
  class space    used 13763K, capacity 14955K, committed 14976K, reserved 1048576K
Event: 20062.938 GC heap after
Heap after GC invocations=33 (full 4):
 PSYoungGen      total 360960K, used 11126K [0x00000000e0000000, 0x00000000f8680000, 0x0000000100000000)
  eden space 322048K, 0% used [0x00000000e0000000,0x00000000e0000000,0x00000000f3a80000)
  from space 38912K, 28% used [0x00000000f3a80000,0x00000000f455db70,0x00000000f6080000)
  to   space 31232K, 0% used [0x00000000f6800000,0x00000000f6800000,0x00000000f8680000)
 ParOldGen       total 114176K, used 83055K [0x00000000a0000000, 0x00000000a6f80000, 0x00000000e0000000)
  object space 114176K, 72% used [0x00000000a0000000,0x00000000a511bf88,0x00000000a6f80000)
 Metaspace       used 108150K, capacity 114558K, committed 114776K, reserved 1148928K
  class space    used 13763K, capacity 14955K, committed 14976K, reserved 1048576K
}
Event: 20111.845 GC heap before
{Heap before GC invocations=34 (full 4):
 PSYoungGen      total 360960K, used 333174K [0x00000000e0000000, 0x00000000f8680000, 0x0000000100000000)
  eden space 322048K, 100% used [0x00000000e0000000,0x00000000f3a80000,0x00000000f3a80000)
  from space 38912K, 28% used [0x00000000f3a80000,0x00000000f455db70,0x00000000f6080000)
  to   space 31232K, 0% used [0x00000000f6800000,0x00000000f6800000,0x00000000f8680000)
 ParOldGen       total 114176K, used 83055K [0x00000000a0000000, 0x00000000a6f80000, 0x00000000e0000000)
  object space 114176K, 72% used [0x00000000a0000000,0x00000000a511bf88,0x00000000a6f80000)
 Metaspace       used 110114K, capacity 116840K, committed 117208K, reserved 1150976K
  class space    used 13966K, capacity 15238K, committed 15360K, reserved 1048576K
Event: 20114.389 GC heap after
Heap after GC invocations=34 (full 4):
 PSYoungGen      total 353280K, used 16083K [0x00000000e0000000, 0x00000000f8680000, 0x0000000100000000)
  eden space 322048K, 0% used [0x00000000e0000000,0x00000000e0000000,0x00000000f3a80000)
  from space 31232K, 51% used [0x00000000f6800000,0x00000000f77b4c20,0x00000000f8680000)
  to   space 38912K, 0% used [0x00000000f3a80000,0x00000000f3a80000,0x00000000f6080000)
 ParOldGen       total 114176K, used 83063K [0x00000000a0000000, 0x00000000a6f80000, 0x00000000e0000000)
  object space 114176K, 72% used [0x00000000a0000000,0x00000000a511df88,0x00000000a6f80000)
 Metaspace       used 110114K, capacity 116840K, committed 117208K, reserved 1150976K
  class space    used 13966K, capacity 15238K, committed 15360K, reserved 1048576K
}

Deoptimization events (10 events):
Event: 20120.345 Thread 0x000000001dd73000 Uncommon trap: reason=unstable_if action=reinterpret pc=0x00000000067c8bfc method=com.sun.org.apache.xerces.internal.dom.ParentNode.internalInsertBefore(Lorg/w3c/dom/Node;Lorg/w3c/dom/Node;Z)Lorg/w3c/dom/Node; @ 572
Event: 20120.346 Thread 0x000000001dd73000 Uncommon trap: reason=bimorphic action=maybe_recompile pc=0x00000000066f6064 method=com.sun.org.apache.xerces.internal.dom.ElementImpl.getNodeName()Ljava/lang/String; @ 8
Event: 20120.462 Thread 0x000000001dd73000 Uncommon trap: reason=class_check action=maybe_recompile pc=0x000000000674f930 method=com.sun.org.apache.xerces.internal.dom.NamedNodeMapImpl.item(I)Lorg/w3c/dom/Node; @ 33
Event: 20120.462 Thread 0x000000001dd73000 Uncommon trap: reason=class_check action=maybe_recompile pc=0x0000000006766188 method=com.sun.org.apache.xerces.internal.dom.AttributeMap.reconcileDefaults(Lcom/sun/org/apache/xerces/internal/dom/NamedNodeMapImpl;)V @ 39
Event: 20120.463 Thread 0x000000001dd73000 Uncommon trap: reason=bimorphic action=maybe_recompile pc=0x000000000571f06c method=com.google.common.collect.AbstractIndexedListIterator.next()Ljava/lang/Object; @ 27
Event: 20120.486 Thread 0x000000001dd73000 Uncommon trap: reason=bimorphic action=maybe_recompile pc=0x000000000571f06c method=com.google.common.collect.AbstractIndexedListIterator.next()Ljava/lang/Object; @ 27
Event: 20120.487 Thread 0x000000001dd73000 Uncommon trap: reason=class_check action=maybe_recompile pc=0x000000000674175c method=com.sun.org.apache.xerces.internal.dom.NamedNodeMapImpl.item(I)Lorg/w3c/dom/Node; @ 33
Event: 20120.487 Thread 0x000000001dd73000 Uncommon trap: reason=class_check action=maybe_recompile pc=0x0000000006766188 method=com.sun.org.apache.xerces.internal.dom.AttributeMap.reconcileDefaults(Lcom/sun/org/apache/xerces/internal/dom/NamedNodeMapImpl;)V @ 39
Event: 20120.489 Thread 0x000000001dd73000 Uncommon trap: reason=class_check action=maybe_recompile pc=0x0000000006766188 method=com.sun.org.apache.xerces.internal.dom.AttributeMap.reconcileDefaults(Lcom/sun/org/apache/xerces/internal/dom/NamedNodeMapImpl;)V @ 39
Event: 20120.502 Thread 0x000000001dd73000 Uncommon trap: reason=class_check action=maybe_recompile pc=0x0000000006766188 method=com.sun.org.apache.xerces.internal.dom.AttributeMap.reconcileDefaults(Lcom/sun/org/apache/xerces/internal/dom/NamedNodeMapImpl;)V @ 39

Classes redefined (0 events):
No events

Internal exceptions (10 events):
Event: 20108.888 Thread 0x0000000021141000 Exception <a 'java/lang/NoSuchMethodError': <clinit>> (0x00000000f14172f8) thrown at [D:\src\AOSP-openjdk-cygwin\jdk8u\hotspot\src\share\vm\prims\jni.cpp, line 1614]
Event: 20110.984 Thread 0x0000000021148800 Exception <a 'java/io/IOException'> (0x00000000f23c7228) thrown at [D:\src\AOSP-openjdk-cygwin\jdk8u\hotspot\src\share\vm\prims\jni.cpp, line 710]
Event: 20110.984 Thread 0x000000002113e800 Exception <a 'java/io/IOException'> (0x00000000f29de750) thrown at [D:\src\AOSP-openjdk-cygwin\jdk8u\hotspot\src\share\vm\prims\jni.cpp, line 710]
Event: 20110.984 Thread 0x0000000021144000 Exception <a 'java/io/IOException'> (0x00000000f1c72f40) thrown at [D:\src\AOSP-openjdk-cygwin\jdk8u\hotspot\src\share\vm\prims\jni.cpp, line 710]
Event: 20110.985 Thread 0x000000002113d000 Exception <a 'java/io/IOException'> (0x00000000f20c1fd0) thrown at [D:\src\AOSP-openjdk-cygwin\jdk8u\hotspot\src\share\vm\prims\jni.cpp, line 710]
Event: 20111.313 Thread 0x000000002113d000 Exception <a 'java/io/IOException'> (0x00000000f3215d78) thrown at [D:\src\AOSP-openjdk-cygwin\jdk8u\hotspot\src\share\vm\prims\jni.cpp, line 710]
Event: 20111.385 Thread 0x0000000021148800 Exception <a 'java/io/IOException'> (0x00000000f339fb68) thrown at [D:\src\AOSP-openjdk-cygwin\jdk8u\hotspot\src\share\vm\prims\jni.cpp, line 710]
Event: 20111.654 Thread 0x000000002113d000 Exception <a 'java/io/IOException'> (0x00000000f353e950) thrown at [D:\src\AOSP-openjdk-cygwin\jdk8u\hotspot\src\share\vm\prims\jni.cpp, line 710]
Event: 20114.483 Thread 0x000000001dd73000 Exception <a 'java/lang/NoSuchMethodError': <clinit>> (0x00000000e010c798) thrown at [D:\src\AOSP-openjdk-cygwin\jdk8u\hotspot\src\share\vm\prims\jni.cpp, line 1614]
Event: 20120.255 Thread 0x000000001dd73000 Implicit null exception at 0x00000000066b2118 to 0x00000000066b2c58

Events (10 events):
Event: 20121.770 loading class com/android/ide/common/xml/XmlAttributeSortOrder$2
Event: 20121.770 loading class com/android/ide/common/xml/XmlAttributeSortOrder$2 done
Event: 20121.772 loading class com/android/ide/common/xml/XmlFormatStyle
Event: 20121.772 loading class com/android/ide/common/xml/XmlFormatStyle done
Event: 20121.779 loading class com/android/ide/common/xml/XmlPrettyPrinter
Event: 20121.779 loading class com/android/ide/common/xml/XmlPrettyPrinter done
Event: 20121.792 loading class com/android/ide/common/xml/XmlPrettyPrinter$ExitWithErrorStatusException
Event: 20121.792 loading class com/android/ide/common/xml/XmlPrettyPrinter$ExitWithErrorStatusException done
Event: 20121.824 loading class com/android/ide/common/xml/XmlAttributeSortOrder$3
Event: 20121.824 loading class com/android/ide/common/xml/XmlAttributeSortOrder$3 done


Dynamic libraries:
0x00007ff6a2650000 - 0x00007ff6a2681000 	C:\Program Files\Android\Android Studio\jre\bin\java.exe
0x00007ff8c2fb0000 - 0x00007ff8c3182000 	C:\WINDOWS\SYSTEM32\ntdll.dll
0x00007ff8c24d0000 - 0x00007ff8c257c000 	C:\WINDOWS\System32\KERNEL32.DLL
0x00007ff8bf700000 - 0x00007ff8bf91d000 	C:\WINDOWS\System32\KERNELBASE.dll
0x00007ff8c2d60000 - 0x00007ff8c2e02000 	C:\WINDOWS\System32\ADVAPI32.dll
0x00007ff8c2580000 - 0x00007ff8c261e000 	C:\WINDOWS\System32\msvcrt.dll
0x00007ff8c29f0000 - 0x00007ff8c2a49000 	C:\WINDOWS\System32\sechost.dll
0x00007ff8c2e10000 - 0x00007ff8c2f31000 	C:\WINDOWS\System32\RPCRT4.dll
0x00007ff8c1bd0000 - 0x00007ff8c1d35000 	C:\WINDOWS\System32\USER32.dll
0x00007ff8c0400000 - 0x00007ff8c041e000 	C:\WINDOWS\System32\win32u.dll
0x00007ff8c2d20000 - 0x00007ff8c2d54000 	C:\WINDOWS\System32\GDI32.dll
0x00007ff8c0220000 - 0x00007ff8c03a0000 	C:\WINDOWS\System32\gdi32full.dll
0x00007ff8ad440000 - 0x00007ff8ad6ba000 	C:\WINDOWS\WinSxS\amd64_microsoft.windows.common-controls_6595b64144ccf1df_6.0.14393.953_none_42151e83c686086b\COMCTL32.dll
0x00007ff8c2a50000 - 0x00007ff8c2d18000 	C:\WINDOWS\System32\combase.dll
0x00007ff8bf550000 - 0x00007ff8bf645000 	C:\WINDOWS\System32\ucrtbase.dll
0x00007ff8c04d0000 - 0x00007ff8c053a000 	C:\WINDOWS\System32\bcryptPrimitives.dll
0x00007ff8c26c0000 - 0x00007ff8c26ee000 	C:\WINDOWS\System32\IMM32.DLL
0x00000000537f0000 - 0x00000000538c2000 	C:\Program Files\Android\Android Studio\jre\jre\bin\msvcr100.dll
0x00000000538d0000 - 0x0000000054116000 	C:\Program Files\Android\Android Studio\jre\jre\bin\server\jvm.dll
0x00007ff8c27b0000 - 0x00007ff8c27b8000 	C:\WINDOWS\System32\PSAPI.DLL
0x00007ff8bcf80000 - 0x00007ff8bcfa3000 	C:\WINDOWS\SYSTEM32\WINMM.dll
0x00007ff8bda40000 - 0x00007ff8bda4a000 	C:\WINDOWS\SYSTEM32\VERSION.dll
0x00007ff8b1e70000 - 0x00007ff8b1e79000 	C:\WINDOWS\SYSTEM32\WSOCK32.dll
0x0000000001300000 - 0x000000000132b000 	C:\WINDOWS\SYSTEM32\WINMMBASE.dll
0x00007ff8c1b50000 - 0x00007ff8c1bba000 	C:\WINDOWS\System32\WS2_32.dll
0x00007ff8c0000000 - 0x00007ff8c0042000 	C:\WINDOWS\System32\cfgmgr32.dll
0x00007ff8b6f40000 - 0x00007ff8b6f4f000 	C:\Program Files\Android\Android Studio\jre\jre\bin\verify.dll
0x00007ff8af950000 - 0x00007ff8af979000 	C:\Program Files\Android\Android Studio\jre\jre\bin\java.dll
0x00007ff8afe40000 - 0x00007ff8afe56000 	C:\Program Files\Android\Android Studio\jre\jre\bin\zip.dll
0x00007ff8c0540000 - 0x00007ff8c1a49000 	C:\WINDOWS\System32\SHELL32.dll
0x00007ff8bf920000 - 0x00007ff8bfff9000 	C:\WINDOWS\System32\windows.storage.dll
0x00007ff8bf430000 - 0x00007ff8bf47c000 	C:\WINDOWS\System32\powrprof.dll
0x00007ff8c2830000 - 0x00007ff8c2882000 	C:\WINDOWS\System32\shlwapi.dll
0x00007ff8bf4a0000 - 0x00007ff8bf4af000 	C:\WINDOWS\System32\kernel.appcore.dll
0x00007ff8bf650000 - 0x00007ff8bf6f9000 	C:\WINDOWS\System32\shcore.dll
0x00007ff8bf480000 - 0x00007ff8bf494000 	C:\WINDOWS\System32\profapi.dll
0x00007ff8afe20000 - 0x00007ff8afe3a000 	C:\Program Files\Android\Android Studio\jre\jre\bin\net.dll
0x00007ff8be9f0000 - 0x00007ff8bea4c000 	C:\WINDOWS\system32\mswsock.dll
0x00007ff8af930000 - 0x00007ff8af941000 	C:\Program Files\Android\Android Studio\jre\jre\bin\nio.dll
0x00007ff8b2d50000 - 0x00007ff8b2d76000 	C:\Users\Acer\.gradle\native\29\windows-amd64\native-platform.dll
0x00007ff8b64c0000 - 0x00007ff8b64cd000 	C:\Program Files\Android\Android Studio\jre\jre\bin\management.dll
0x00007ff8bee50000 - 0x00007ff8bee67000 	C:\WINDOWS\SYSTEM32\CRYPTSP.dll
0x00007ff8be5f0000 - 0x00007ff8be623000 	C:\WINDOWS\system32\rsaenh.dll
0x00007ff8bf360000 - 0x00007ff8bf38b000 	C:\WINDOWS\SYSTEM32\bcrypt.dll
0x00007ff8be870000 - 0x00007ff8be88f000 	C:\WINDOWS\SYSTEM32\USERENV.dll
0x00007ff8beb90000 - 0x00007ff8beb9b000 	C:\WINDOWS\SYSTEM32\CRYPTBASE.dll
0x00007ff8be770000 - 0x00007ff8be7a8000 	C:\WINDOWS\SYSTEM32\IPHLPAPI.DLL
0x00007ff8c2fa0000 - 0x00007ff8c2fa8000 	C:\WINDOWS\System32\NSI.dll
0x00007ff8b8a40000 - 0x00007ff8b8a56000 	C:\WINDOWS\SYSTEM32\dhcpcsvc6.DLL
0x00007ff8b93e0000 - 0x00007ff8b93fa000 	C:\WINDOWS\SYSTEM32\dhcpcsvc.DLL
0x00007ff8af4a0000 - 0x00007ff8af4c4000 	C:\Program Files\Android\Android Studio\jre\jre\bin\sunec.dll
0x00007ff8be7b0000 - 0x00007ff8be851000 	C:\WINDOWS\SYSTEM32\DNSAPI.dll
0x00007ff8b0de0000 - 0x00007ff8b0dea000 	C:\Windows\System32\rasadhlp.dll
0x00007ff8b7530000 - 0x00007ff8b759a000 	C:\WINDOWS\System32\fwpuclnt.dll
0x00007ff8afb70000 - 0x00007ff8afb7b000 	C:\Program Files\Android\Android Studio\jre\jre\bin\sunmscapi.dll
0x00007ff8c0050000 - 0x00007ff8c0219000 	C:\WINDOWS\System32\CRYPT32.dll
0x00007ff8bf420000 - 0x00007ff8bf430000 	C:\WINDOWS\System32\MSASN1.dll
0x00007ff8bd610000 - 0x00007ff8bd68a000 	C:\WINDOWS\system32\apphelp.dll

VM Arguments:
jvm_args: -Xmx1536m -Dfile.encoding=windows-1251 -Duser.country=BG -Duser.language=bg -Duser.variant 
java_command: org.gradle.launcher.daemon.bootstrap.GradleDaemon 5.4.1
java_class_path (initial): C:\Users\Acer\.gradle\wrapper\dists\gradle-5.4.1-all\3221gyojl5jsh0helicew7rwx\gradle-5.4.1\lib\gradle-launcher-5.4.1.jar
Launcher Type: SUN_STANDARD

Environment Variables:
PATH=C:\Program Files (x86)\Common Files\Oracle\Java\javapath;C:\eclipse\jre\bin\javawexe;C:\Program Files\Git\cmd;C:\Program Files\Java\jdk-12\bin
USERNAME=Acer
OS=Windows_NT
PROCESSOR_IDENTIFIER=Intel64 Family 6 Model 92 Stepping 9, GenuineIntel



---------------  S Y S T E M  ---------------

OS: Windows 10.0 , 64 bit Build 14393 (10.0.14393.2214)

CPU:total 4 (initial active 4) (4 cores per cpu, 1 threads per core) family 6 model 92 stepping 9, cmov, cx8, fxsr, mmx, sse, sse2, sse3, ssse3, sse4.1, sse4.2, popcnt, aes, clmul, erms, 3dnowpref, tsc, tscinvbit

Memory: 4k page, physical 1921248k(316740k free), swap 4502616k(6540k free)

vm_info: OpenJDK 64-Bit Server VM (25.202-b03) for windows-amd64 JRE (1.8.0_202-release-1483-b03), built by "builder" with MS VC++ 10.0 (VS2010)

time: Tue May 19 01:35:44 2020
timezone: Финландия - лятно часово време
elapsed time: 20122 seconds (0d 5h 35m 22s)

