#
# There is insufficient memory for the Java Runtime Environment to continue.
# Native memory allocation (malloc) failed to allocate 773616 bytes for Chunk::new
# Possible reasons:
#   The system is out of physical RAM or swap space
#   The process is running with CompressedOops enabled, and the Java Heap may be blocking the growth of the native heap
# Possible solutions:
#   Reduce memory load on the system
#   Increase physical memory or swap space
#   Check if swap backing store is full
#   Decrease Java heap size (-Xmx/-Xms)
#   Decrease number of Java threads
#   Decrease Java thread stack sizes (-Xss)
#   Set larger code cache with -XX:ReservedCodeCacheSize=
#   JVM is running with Unscaled Compressed Oops mode in which the Java heap is
#     placed in the first 4GB address space. The Java Heap base address is the
#     maximum limit for the native heap growth. Please use -XX:HeapBaseMinAddress
#     to set the Java Heap base and to place the Java Heap above 4GB virtual address.
# This output file may be truncated or incomplete.
#
#  Out of Memory Error (allocation.cpp:389), pid=2132, tid=0x00000000000019d8
#
# JRE version: OpenJDK Runtime Environment (8.0_202-b03) (build 1.8.0_202-release-1483-b03)
# Java VM: OpenJDK 64-Bit Server VM (25.202-b03 mixed mode windows-amd64 compressed oops)
# Failed to write core dump. Minidumps are not enabled by default on client versions of Windows
#

---------------  T H R E A D  ---------------

Current thread (0x0000000013bb1000):  JavaThread "C2 CompilerThread1" daemon [_thread_in_native, id=6616, stack(0x00000000152e0000,0x00000000153e0000)]

Stack: [0x00000000152e0000,0x00000000153e0000]
[error occurred during error reporting (printing stack bounds), id 0xc0000005]

Native frames: (J=compiled Java code, j=interpreted, Vv=VM code, C=native code)


Current CompileTask:
C2:  40867 9209       4       org.jetbrains.kotlin.load.kotlin.TypeSignatureMappingKt::mapType (910 bytes)


---------------  P R O C E S S  ---------------

Java Threads: ( => current thread )
  0x0000000013bfe800 JavaThread "Service Thread" daemon [_thread_blocked, id=4616, stack(0x00000000158e0000,0x00000000159e0000)]
  0x0000000013bb5000 JavaThread "C1 CompilerThread2" daemon [_thread_blocked, id=756, stack(0x00000000153e0000,0x00000000154e0000)]
=>0x0000000013bb1000 JavaThread "C2 CompilerThread1" daemon [_thread_in_native, id=6616, stack(0x00000000152e0000,0x00000000153e0000)]
  0x0000000013ba9800 JavaThread "C2 CompilerThread0" daemon [_thread_in_native, id=6844, stack(0x00000000151e0000,0x00000000152e0000)]
  0x0000000013ba8800 JavaThread "Attach Listener" daemon [_thread_blocked, id=196, stack(0x00000000150e0000,0x00000000151e0000)]
  0x0000000013baf000 JavaThread "Signal Dispatcher" daemon [_thread_blocked, id=4340, stack(0x0000000014fe0000,0x00000000150e0000)]
  0x0000000013b90000 JavaThread "Finalizer" daemon [_thread_blocked, id=3212, stack(0x0000000014df0000,0x0000000014ef0000)]
  0x0000000013b89000 JavaThread "Reference Handler" daemon [_thread_blocked, id=1028, stack(0x0000000014cf0000,0x0000000014df0000)]
  0x00000000028b8000 JavaThread "main" [_thread_in_Java, id=5316, stack(0x00000000027b0000,0x00000000028b0000)]

Other Threads:
  0x0000000013b66000 VMThread [stack: 0x0000000014bf0000,0x0000000014cf0000] [id=5796]
  0x0000000015526000 WatcherThread [stack: 0x00000000159e0000,0x0000000015ae0000] [id=4392]

VM state:not at safepoint (normal execution)

VM Mutex/Monitor currently owned by a thread: None

heap address: 0x00000000e2a00000, size: 470 MB, Compressed Oops mode: 32-bit
Narrow klass base: 0x0000000000000000, Narrow klass shift: 3
Compressed class space size: 1073741824 Address: 0x0000000100000000

Heap:
 PSYoungGen      total 56320K, used 25066K [0x00000000f6380000, 0x00000000fb300000, 0x0000000100000000)
  eden space 41984K, 59% used [0x00000000f6380000,0x00000000f7bfaa78,0x00000000f8c80000)
  from space 14336K, 0% used [0x00000000f8c80000,0x00000000f8c80000,0x00000000f9a80000)
  to   space 16384K, 0% used [0x00000000fa300000,0x00000000fa300000,0x00000000fb300000)
 ParOldGen       total 44032K, used 43906K [0x00000000e2a00000, 0x00000000e5500000, 0x00000000f6380000)
  object space 44032K, 99% used [0x00000000e2a00000,0x00000000e54e0bf0,0x00000000e5500000)
 Metaspace       used 59672K, capacity 60798K, committed 60976K, reserved 1103872K
  class space    used 7071K, capacity 7351K, committed 7472K, reserved 1048576K

Card table byte_map: [0x0000000011d70000,0x0000000011e60000] byte_map_base: 0x000000001165b000

Marking Bits: (ParMarkBitMap*) 0x0000000067819f30
 Begin Bits: [0x0000000012260000, 0x00000000129b8000)
 End Bits:   [0x00000000129b8000, 0x0000000013110000)

Polling page: 0x0000000000940000

CodeCache: size=245760Kb used=27749Kb max_used=27749Kb free=218010Kb
 bounds [0x00000000029b0000, 0x00000000044f0000, 0x00000000119b0000]
 total_blobs=8672 nmethods=8159 adapters=425
 compilation: enabled

Compilation events (10 events):
Event: 40.807 Thread 0x0000000013bb5000 nmethod 9249 0x00000000044db310 code [0x00000000044db500, 0x00000000044dbeb8]
Event: 40.807 Thread 0x0000000013bb5000 9250       3       org.jetbrains.org.objectweb.asm.tree.JumpInsnNode::accept (21 bytes)
Event: 40.808 Thread 0x0000000013bb5000 nmethod 9250 0x00000000044dc190 code [0x00000000044dc320, 0x00000000044dc7f8]
Event: 40.813 Thread 0x0000000013bb5000 9251       3       org.jetbrains.org.objectweb.asm.Frame::<init> (10 bytes)
Event: 40.813 Thread 0x0000000013bb5000 nmethod 9251 0x00000000044dca10 code [0x00000000044dcb60, 0x00000000044dcd30]
Event: 40.819 Thread 0x0000000013bb5000 9252       2       org.jetbrains.kotlin.descriptors.impl.SimpleFunctionDescriptorImpl::getOriginal (5 bytes)
Event: 40.819 Thread 0x0000000013bb5000 nmethod 9252 0x00000000044dcdd0 code [0x00000000044dcf40, 0x00000000044dd0c8]
Event: 40.820 Thread 0x0000000013bb5000 9253       3       org.jetbrains.org.objectweb.asm.tree.JumpInsnNode::<init> (11 bytes)
Event: 40.821 Thread 0x0000000013bb5000 nmethod 9253 0x00000000044dd150 code [0x00000000044dd2c0, 0x00000000044dd4f0]
Event: 40.827 Thread 0x0000000013bb5000 9254       3       org.jetbrains.org.objectweb.asm.tree.MethodNode::accept (874 bytes)

GC Heap History (10 events):
Event: 27.186 GC heap before
{Heap before GC invocations=22 (full 2):
 PSYoungGen      total 49664K, used 47066K [0x00000000f6380000, 0x00000000fa580000, 0x0000000100000000)
  eden space 38912K, 100% used [0x00000000f6380000,0x00000000f8980000,0x00000000f8980000)
  from space 10752K, 75% used [0x00000000f8980000,0x00000000f9176978,0x00000000f9400000)
  to   space 11264K, 0% used [0x00000000f9a80000,0x00000000f9a80000,0x00000000fa580000)
 ParOldGen       total 40448K, used 27518K [0x00000000e2a00000, 0x00000000e5180000, 0x00000000f6380000)
  object space 40448K, 68% used [0x00000000e2a00000,0x00000000e44df9c0,0x00000000e5180000)
 Metaspace       used 46306K, capacity 47072K, committed 47536K, reserved 1091584K
  class space    used 5758K, capacity 5998K, committed 6064K, reserved 1048576K
Event: 27.212 GC heap after
Heap after GC invocations=22 (full 2):
 PSYoungGen      total 53248K, used 11243K [0x00000000f6380000, 0x00000000fac00000, 0x0000000100000000)
  eden space 41984K, 0% used [0x00000000f6380000,0x00000000f6380000,0x00000000f8c80000)
  from space 11264K, 99% used [0x00000000f9a80000,0x00000000fa57afb0,0x00000000fa580000)
  to   space 14336K, 0% used [0x00000000f8c80000,0x00000000f8c80000,0x00000000f9a80000)
 ParOldGen       total 40448K, used 31363K [0x00000000e2a00000, 0x00000000e5180000, 0x00000000f6380000)
  object space 40448K, 77% used [0x00000000e2a00000,0x00000000e48a0ef8,0x00000000e5180000)
 Metaspace       used 46306K, capacity 47072K, committed 47536K, reserved 1091584K
  class space    used 5758K, capacity 5998K, committed 6064K, reserved 1048576K
}
Event: 30.711 GC heap before
{Heap before GC invocations=23 (full 2):
 PSYoungGen      total 53248K, used 53227K [0x00000000f6380000, 0x00000000fac00000, 0x0000000100000000)
  eden space 41984K, 100% used [0x00000000f6380000,0x00000000f8c80000,0x00000000f8c80000)
  from space 11264K, 99% used [0x00000000f9a80000,0x00000000fa57afb0,0x00000000fa580000)
  to   space 14336K, 0% used [0x00000000f8c80000,0x00000000f8c80000,0x00000000f9a80000)
 ParOldGen       total 40448K, used 31363K [0x00000000e2a00000, 0x00000000e5180000, 0x00000000f6380000)
  object space 40448K, 77% used [0x00000000e2a00000,0x00000000e48a0ef8,0x00000000e5180000)
 Metaspace       used 50851K, capacity 51802K, committed 52016K, reserved 1095680K
  class space    used 6306K, capacity 6583K, committed 6704K, reserved 1048576K
Event: 30.757 GC heap after
Heap after GC invocations=23 (full 2):
 PSYoungGen      total 56320K, used 13497K [0x00000000f6380000, 0x00000000fb300000, 0x0000000100000000)
  eden space 41984K, 0% used [0x00000000f6380000,0x00000000f6380000,0x00000000f8c80000)
  from space 14336K, 94% used [0x00000000f8c80000,0x00000000f99ae558,0x00000000f9a80000)
  to   space 16384K, 0% used [0x00000000fa300000,0x00000000fa300000,0x00000000fb300000)
 ParOldGen       total 44032K, used 42573K [0x00000000e2a00000, 0x00000000e5500000, 0x00000000f6380000)
  object space 44032K, 96% used [0x00000000e2a00000,0x00000000e5393620,0x00000000e5500000)
 Metaspace       used 50851K, capacity 51802K, committed 52016K, reserved 1095680K
  class space    used 6306K, capacity 6583K, committed 6704K, reserved 1048576K
}
Event: 30.757 GC heap before
{Heap before GC invocations=24 (full 3):
 PSYoungGen      total 56320K, used 13497K [0x00000000f6380000, 0x00000000fb300000, 0x0000000100000000)
  eden space 41984K, 0% used [0x00000000f6380000,0x00000000f6380000,0x00000000f8c80000)
  from space 14336K, 94% used [0x00000000f8c80000,0x00000000f99ae558,0x00000000f9a80000)
  to   space 16384K, 0% used [0x00000000fa300000,0x00000000fa300000,0x00000000fb300000)
 ParOldGen       total 44032K, used 42573K [0x00000000e2a00000, 0x00000000e5500000, 0x00000000f6380000)
  object space 44032K, 96% used [0x00000000e2a00000,0x00000000e5393620,0x00000000e5500000)
 Metaspace       used 50851K, capacity 51802K, committed 52016K, reserved 1095680K
  class space    used 6306K, capacity 6583K, committed 6704K, reserved 1048576K
Event: 31.217 GC heap after
Heap after GC invocations=24 (full 3):
 PSYoungGen      total 56320K, used 3055K [0x00000000f6380000, 0x00000000fb300000, 0x0000000100000000)
  eden space 41984K, 0% used [0x00000000f6380000,0x00000000f6380000,0x00000000f8c80000)
  from space 14336K, 21% used [0x00000000f8c80000,0x00000000f8f7bf08,0x00000000f9a80000)
  to   space 16384K, 0% used [0x00000000fa300000,0x00000000fa300000,0x00000000fb300000)
 ParOldGen       total 44032K, used 43632K [0x00000000e2a00000, 0x00000000e5500000, 0x00000000f6380000)
  object space 44032K, 99% used [0x00000000e2a00000,0x00000000e549c038,0x00000000e5500000)
 Metaspace       used 50851K, capacity 51802K, committed 52016K, reserved 1095680K
  class space    used 6306K, capacity 6583K, committed 6704K, reserved 1048576K
}
Event: 33.929 GC heap before
{Heap before GC invocations=25 (full 4):
 PSYoungGen      total 56320K, used 45039K [0x00000000f6380000, 0x00000000fb300000, 0x0000000100000000)
  eden space 41984K, 100% used [0x00000000f6380000,0x00000000f8c80000,0x00000000f8c80000)
  from space 14336K, 21% used [0x00000000f8c80000,0x00000000f8f7bf08,0x00000000f9a80000)
  to   space 16384K, 0% used [0x00000000fa300000,0x00000000fa300000,0x00000000fb300000)
 ParOldGen       total 44032K, used 43632K [0x00000000e2a00000, 0x00000000e5500000, 0x00000000f6380000)
  object space 44032K, 99% used [0x00000000e2a00000,0x00000000e549c038,0x00000000e5500000)
 Metaspace       used 52896K, capacity 53954K, committed 54192K, reserved 1097728K
  class space    used 6432K, capacity 6729K, committed 6832K, reserved 1048576K
Event: 34.608 GC heap after
Heap after GC invocations=25 (full 4):
 PSYoungGen      total 56320K, used 4449K [0x00000000f6380000, 0x00000000fb300000, 0x0000000100000000)
  eden space 41984K, 10% used [0x00000000f6380000,0x00000000f67d85c0,0x00000000f8c80000)
  from space 14336K, 0% used [0x00000000f8c80000,0x00000000f8c80000,0x00000000f9a80000)
  to   space 16384K, 0% used [0x00000000fa300000,0x00000000fa300000,0x00000000fb300000)
 ParOldGen       total 44032K, used 43918K [0x00000000e2a00000, 0x00000000e5500000, 0x00000000f6380000)
  object space 44032K, 99% used [0x00000000e2a00000,0x00000000e54e3880,0x00000000e5500000)
 Metaspace       used 52896K, capacity 53954K, committed 54192K, reserved 1097728K
  class space    used 6432K, capacity 6729K, committed 6832K, reserved 1048576K
}
Event: 39.163 GC heap before
{Heap before GC invocations=26 (full 5):
 PSYoungGen      total 56320K, used 41984K [0x00000000f6380000, 0x00000000fb300000, 0x0000000100000000)
  eden space 41984K, 100% used [0x00000000f6380000,0x00000000f8c80000,0x00000000f8c80000)
  from space 14336K, 0% used [0x00000000f8c80000,0x00000000f8c80000,0x00000000f9a80000)
  to   space 16384K, 0% used [0x00000000fa300000,0x00000000fa300000,0x00000000fb300000)
 ParOldGen       total 44032K, used 43918K [0x00000000e2a00000, 0x00000000e5500000, 0x00000000f6380000)
  object space 44032K, 99% used [0x00000000e2a00000,0x00000000e54e3880,0x00000000e5500000)
 Metaspace       used 58843K, capacity 60000K, committed 60080K, reserved 1101824K
  class space    used 7004K, capacity 7300K, committed 7344K, reserved 1048576K
Event: 39.858 GC heap after
Heap after GC invocations=26 (full 5):
 PSYoungGen      total 56320K, used 9654K [0x00000000f6380000, 0x00000000fb300000, 0x0000000100000000)
  eden space 41984K, 22% used [0x00000000f6380000,0x00000000f6cedbf0,0x00000000f8c80000)
  from space 14336K, 0% used [0x00000000f8c80000,0x00000000f8c80000,0x00000000f9a80000)
  to   space 16384K, 0% used [0x00000000fa300000,0x00000000fa300000,0x00000000fb300000)
 ParOldGen       total 44032K, used 43906K [0x00000000e2a00000, 0x00000000e5500000, 0x00000000f6380000)
  object space 44032K, 99% used [0x00000000e2a00000,0x00000000e54e0bf0,0x00000000e5500000)
 Metaspace       used 58843K, capacity 60000K, committed 60080K, reserved 1101824K
  class space    used 7004K, capacity 7300K, committed 7344K, reserved 1048576K
}

Deoptimization events (10 events):
Event: 40.089 Thread 0x00000000028b8000 Uncommon trap: reason=speculate_class_check action=maybe_recompile pc=0x0000000003d4cab4 method=java.util.ArrayList.<init>(Ljava/util/Collection;)V @ 36
Event: 40.183 Thread 0x00000000028b8000 Uncommon trap: reason=speculate_class_check action=maybe_recompile pc=0x0000000003d4cab4 method=java.util.ArrayList.<init>(Ljava/util/Collection;)V @ 36
Event: 40.353 Thread 0x00000000028b8000 Uncommon trap: reason=unstable_if action=reinterpret pc=0x0000000002d1d158 method=org.jetbrains.kotlin.descriptors.impl.ValueParameterDescriptorImpl.declaresDefaultValue()Z @ 4
Event: 40.422 Thread 0x00000000028b8000 Uncommon trap: reason=speculate_class_check action=maybe_recompile pc=0x0000000003d4cab4 method=java.util.ArrayList.<init>(Ljava/util/Collection;)V @ 36
Event: 40.444 Thread 0x00000000028b8000 Uncommon trap: reason=unstable_if action=reinterpret pc=0x000000000370e030 method=org.jetbrains.kotlin.codegen.JvmBridgesImplKt.isAbstractOnJvmIgnoringActualModality(Lorg/jetbrains/kotlin/descriptors/FunctionDescriptor;)Z @ 15
Event: 40.491 Thread 0x00000000028b8000 Uncommon trap: reason=predicate action=maybe_recompile pc=0x0000000004471114 method=org.jetbrains.kotlin.com.intellij.extapi.psi.StubBasedPsiElementBase.getStubOrPsiChildren(Lorg/jetbrains/kotlin/com/intellij/psi/stubs/IStubElementType;Lorg/jetbrains/kotl
Event: 40.492 Thread 0x00000000028b8000 Uncommon trap: reason=bimorphic action=maybe_recompile pc=0x00000000032aa48c method=org.jetbrains.kotlin.util.slicedMap.SlicedMapImpl.get(Lorg/jetbrains/kotlin/util/slicedMap/ReadOnlySlice;Ljava/lang/Object;)Ljava/lang/Object; @ 62
Event: 40.495 Thread 0x00000000028b8000 Uncommon trap: reason=bimorphic action=maybe_recompile pc=0x00000000032aa48c method=org.jetbrains.kotlin.util.slicedMap.SlicedMapImpl.get(Lorg/jetbrains/kotlin/util/slicedMap/ReadOnlySlice;Ljava/lang/Object;)Ljava/lang/Object; @ 62
Event: 40.510 Thread 0x00000000028b8000 Uncommon trap: reason=unstable_if action=reinterpret pc=0x00000000043e33f4 method=org.jetbrains.kotlin.resolve.MemberComparator$NameAndTypeMemberComparator.getDeclarationPriority(Lorg/jetbrains/kotlin/descriptors/DeclarationDescriptor;)I @ 48
Event: 40.510 Thread 0x00000000028b8000 Uncommon trap: reason=unstable_if action=reinterpret pc=0x00000000042f4c78 method=org.jetbrains.kotlin.resolve.MemberComparator$NameAndTypeMemberComparator.getDeclarationPriority(Lorg/jetbrains/kotlin/descriptors/DeclarationDescriptor;)I @ 48

Classes redefined (0 events):
No events

Internal exceptions (10 events):
Event: 33.568 Thread 0x00000000028b8000 Implicit null exception at 0x0000000002c01495 to 0x0000000002c01681
Event: 33.568 Thread 0x00000000028b8000 Implicit null exception at 0x0000000002c8252f to 0x0000000002c82599
Event: 33.588 Thread 0x00000000028b8000 Implicit null exception at 0x0000000002bc9f0c to 0x0000000002bc9f66
Event: 33.862 Thread 0x00000000028b8000 Implicit null exception at 0x0000000003de14fe to 0x0000000003de6e2b
Event: 37.369 Thread 0x00000000028b8000 Implicit null exception at 0x0000000003a353d4 to 0x0000000003a355a4
Event: 38.327 Thread 0x00000000028b8000 Implicit null exception at 0x0000000003554916 to 0x0000000003554c61
Event: 38.332 Thread 0x00000000028b8000 Exception <a 'java/lang/NoSuchMethodError': java.lang.Object.lambda$static$0(Lorg/jetbrains/kotlin/descriptors/ValueParameterDescriptor;Lorg/jetbrains/kotlin/codegen/ExpressionCodegen;)Lorg/jetbrains/kotlin/codegen/StackValue;> (0x00000000f7ce1bc8) thrown
Event: 38.337 Thread 0x00000000028b8000 Implicit null exception at 0x00000000034eda55 to 0x00000000034edc61
Event: 39.866 Thread 0x00000000028b8000 Exception <a 'java/lang/NoSuchMethodError': java.lang.Object.lambda$static$0(Ljava/lang/String;)Z> (0x00000000f6d03950) thrown at [D:\src\AOSP-openjdk-cygwin\jdk8u\hotspot\src\share\vm\interpreter\linkResolver.cpp, line 620]
Event: 39.868 Thread 0x00000000028b8000 Exception <a 'java/lang/NoSuchMethodError': java.lang.Object.lambda$static$1(Ljava/lang/String;)Z> (0x00000000f6d065d0) thrown at [D:\src\AOSP-openjdk-cygwin\jdk8u\hotspot\src\share\vm\interpreter\linkResolver.cpp, line 620]

Events (10 events):
Event: 40.495 Thread 0x00000000028b8000 DEOPT PACKING pc=0x00000000032aa48c sp=0x00000000028ae5e0
Event: 40.495 Thread 0x00000000028b8000 DEOPT UNPACKING pc=0x00000000029f557b sp=0x00000000028ae488 mode 2
Event: 40.510 Thread 0x00000000028b8000 Uncommon trap: trap_request=0xffffff65 fr.pc=0x00000000043e33f4
Event: 40.510 Thread 0x00000000028b8000 DEOPT PACKING pc=0x00000000043e33f4 sp=0x00000000028ae360
Event: 40.510 Thread 0x00000000028b8000 DEOPT UNPACKING pc=0x00000000029f557b sp=0x00000000028ae2b0 mode 2
Event: 40.510 Thread 0x00000000028b8000 Uncommon trap: trap_request=0xffffff65 fr.pc=0x00000000042f4c78
Event: 40.510 Thread 0x00000000028b8000 DEOPT PACKING pc=0x00000000042f4c78 sp=0x00000000028ae2f0
Event: 40.510 Thread 0x00000000028b8000 DEOPT UNPACKING pc=0x00000000029f557b sp=0x00000000028ae298 mode 2
Event: 40.585 Executing VM operation: ForceSafepoint
Event: 40.585 Executing VM operation: ForceSafepoint done


Dynamic libraries:
0x00007ff609c80000 - 0x00007ff609cb1000 	C:\Program Files\Android\Android Studio\jre\jre\bin\java.exe
0x00007ff961260000 - 0x00007ff961432000 	C:\WINDOWS\SYSTEM32\ntdll.dll
0x00007ff961030000 - 0x00007ff9610dc000 	C:\WINDOWS\System32\KERNEL32.DLL
0x00007ff95e5d0000 - 0x00007ff95e7ed000 	C:\WINDOWS\System32\KERNELBASE.dll
0x00007ff95eeb0000 - 0x00007ff95ef52000 	C:\WINDOWS\System32\ADVAPI32.dll
0x00007ff95ebb0000 - 0x00007ff95ec4e000 	C:\WINDOWS\System32\msvcrt.dll
0x00007ff95ef60000 - 0x00007ff95efb9000 	C:\WINDOWS\System32\sechost.dll
0x00007ff95f3f0000 - 0x00007ff95f511000 	C:\WINDOWS\System32\RPCRT4.dll
0x00007ff95e840000 - 0x00007ff95e9a5000 	C:\WINDOWS\System32\USER32.dll
0x00007ff95d760000 - 0x00007ff95d77e000 	C:\WINDOWS\System32\win32u.dll
0x00007ff95e7f0000 - 0x00007ff95e824000 	C:\WINDOWS\System32\GDI32.dll
0x00007ff95db70000 - 0x00007ff95dcf0000 	C:\WINDOWS\System32\gdi32full.dll
0x00007ff94b6d0000 - 0x00007ff94b94a000 	C:\WINDOWS\WinSxS\amd64_microsoft.windows.common-controls_6595b64144ccf1df_6.0.14393.953_none_42151e83c686086b\COMCTL32.dll
0x00007ff960d60000 - 0x00007ff961028000 	C:\WINDOWS\System32\combase.dll
0x00007ff95da00000 - 0x00007ff95daf5000 	C:\WINDOWS\System32\ucrtbase.dll
0x00007ff95db00000 - 0x00007ff95db6a000 	C:\WINDOWS\System32\bcryptPrimitives.dll
0x00007ff95eda0000 - 0x00007ff95edce000 	C:\WINDOWS\System32\IMM32.DLL
0x0000000066af0000 - 0x0000000066bc2000 	C:\Program Files\Android\Android Studio\jre\jre\bin\msvcr100.dll
0x0000000067050000 - 0x0000000067896000 	C:\Program Files\Android\Android Studio\jre\jre\bin\server\jvm.dll
0x00007ff95ed90000 - 0x00007ff95ed98000 	C:\WINDOWS\System32\PSAPI.DLL
0x00007ff94f410000 - 0x00007ff94f41a000 	C:\WINDOWS\SYSTEM32\VERSION.dll
0x00007ff95b5e0000 - 0x00007ff95b603000 	C:\WINDOWS\SYSTEM32\WINMM.dll
0x00007ff950a10000 - 0x00007ff950a19000 	C:\WINDOWS\SYSTEM32\WSOCK32.dll
0x00007ff95b590000 - 0x00007ff95b5bb000 	C:\WINDOWS\SYSTEM32\WINMMBASE.dll
0x00007ff95ee40000 - 0x00007ff95eeaa000 	C:\WINDOWS\System32\WS2_32.dll
0x00007ff95dea0000 - 0x00007ff95dee2000 	C:\WINDOWS\System32\cfgmgr32.dll
0x00007ff95a980000 - 0x00007ff95a98f000 	C:\Program Files\Android\Android Studio\jre\jre\bin\verify.dll
0x00007ff95a710000 - 0x00007ff95a739000 	C:\Program Files\Android\Android Studio\jre\jre\bin\java.dll
0x00007ff95a6f0000 - 0x00007ff95a706000 	C:\Program Files\Android\Android Studio\jre\jre\bin\zip.dll
0x00007ff95f790000 - 0x00007ff960c99000 	C:\WINDOWS\System32\SHELL32.dll
0x00007ff95def0000 - 0x00007ff95e5c9000 	C:\WINDOWS\System32\windows.storage.dll
0x00007ff95d710000 - 0x00007ff95d75c000 	C:\WINDOWS\System32\powrprof.dll
0x00007ff961180000 - 0x00007ff9611d2000 	C:\WINDOWS\System32\shlwapi.dll
0x00007ff95d6e0000 - 0x00007ff95d6ef000 	C:\WINDOWS\System32\kernel.appcore.dll
0x00007ff95dd50000 - 0x00007ff95ddf9000 	C:\WINDOWS\System32\shcore.dll
0x00007ff95d6f0000 - 0x00007ff95d704000 	C:\WINDOWS\System32\profapi.dll
0x00007ff9596b0000 - 0x00007ff9596ca000 	C:\Program Files\Android\Android Studio\jre\jre\bin\net.dll
0x00007ff95cfa0000 - 0x00007ff95cffc000 	C:\WINDOWS\system32\mswsock.dll
0x00007ff959690000 - 0x00007ff9596a1000 	C:\Program Files\Android\Android Studio\jre\jre\bin\nio.dll

VM Arguments:
java_command: org.jetbrains.kotlin.cli.jvm.K2JVMCompiler -Xallow-no-source-files -classpath C:\Users\Acer\.gradle\caches\modules-2\files-2.1\org.jetbrains.kotlin\kotlin-android-extensions-runtime\1.3.72\83423235971335be77d2ea025008bc9959738ffc\kotlin-android-extensions-runtime-1.3.72.jar;C:\Users\Acer\.gradle\caches\modules-2\files-2.1\org.jetbrains.kotlin\kotlin-stdlib-jdk7\1.3.72\3adfc2f4ea4243e01204be8081fe63bde6b12815\kotlin-stdlib-jdk7-1.3.72.jar;C:\Users\Acer\.gradle\caches\transforms-2\files-2.1\35dee746bdd807739854ee3c2c27e4de\core-ktx-1.2.0-api.jar;C:\Users\Acer\.gradle\caches\transforms-2\files-2.1\2a726cc3724d35e56c220228b962727b\lifecycle-viewmodel-ktx-2.2.0-api.jar;C:\Users\Acer\.gradle\caches\transforms-2\files-2.1\c4c2f7300eeb2343541ce57e1f167aba\lifecycle-livedata-ktx-2.2.0-api.jar;C:\Users\Acer\.gradle\caches\transforms-2\files-2.1\9fd0fce5ffb38523f62a36e9d17b4688\jetified-kotlinx-coroutines-android-1.3.0.jar;C:\Users\Acer\.gradle\caches\modules-2\files-2.1\org.jetbrains.kotlinx\kotlinx-coroutines-core\1.3.0\36fa8555d92456448ec19e64b00be830df9a7fb5\kotlinx-coroutines-core-1.3.0.jar;C:\Users\Acer\.gradle\caches\transforms-2\files-2.1\55531ddfc8ec62d4a3a0e812b6dff163\lifecycle-livedata-core-ktx-2.2.0-api.jar;C:\Users\Acer\.gradle\caches\modules-2\files-2.1\org.jetbrains.kotlin\kotlin-stdlib\1.3.72\8032138f12c0180bc4e51fe139d4c52b46db6109\kotlin-stdlib-1.3.72.jar;C:\Users\Acer\.gradle\caches\modules-2\files-2.1\org.jetbrains.kotlin\kotlin-stdlib-common\1.3.72\6ca8bee3d88957eaaaef077c41c908c9940492d8\kotlin-stdlib-common-1.3.72.jar;C:\Users\Acer\.gradle\caches\modules-2\files-2.1\org.jetbrains\annotations\13.0\919f0dfe192fb4e063e7dacadee7f8bb9a2672a9\annotations-13.0.jar;C:\Users\Acer\.gradle\caches\transforms-2\files-2.1\2a5e43a1a5172a780ed11bfc9e0a4275\material-1.1.0-api.jar;C:\Users\Acer\.gradle\caches\transforms-2\files-2.1\dcc552481ab0c4d817b7d0b80177fb2e\appcompat-1.1.0-api.jar;C:\Users\Acer\.gradle\caches\transforms-2\files-2.1\921e50f385b74371
java_class_path (initial): C:\Users\Acer\.gradle\caches\modules-2\files-2.1\org.jetbrains.kotlin\kotlin-compiler-embeddable\1.3.72\fb72232c8fa977d5e07d33c43381ddbdc5edab6\kotlin-compiler-embeddable-1.3.72.jar;C:\Users\Acer\.gradle\caches\modules-2\files-2.1\org.jetbrains.kotlin\kotlin-reflect\1.3.72\86613e1a669a701b0c660bfd2af4f82a7ae11fca\kotlin-reflect-1.3.72.jar;C:\Users\Acer\.gradle\caches\modules-2\files-2.1\org.jetbrains.kotlin\kotlin-stdlib\1.3.72\8032138f12c0180bc4e51fe139d4c52b46db6109\kotlin-stdlib-1.3.72.jar;C:\Users\Acer\.gradle\caches\modules-2\files-2.1\org.jetbrains.kotlin\kotlin-script-runtime\1.3.72\657d8d34d91e1964b4439378c09933e840bfe8d5\kotlin-script-runtime-1.3.72.jar;C:\Users\Acer\.gradle\caches\modules-2\files-2.1\org.jetbrains.kotlin\kotlin-daemon-embeddable\1.3.72\53bbaa2816dbf6bdb85f629451b1fcc88f2164d2\kotlin-daemon-embeddable-1.3.72.jar;C:\Users\Acer\.gradle\caches\modules-2\files-2.1\org.jetbrains.intellij.deps\trove4j\1.0.20181211\216c2e14b070f334479d800987affe4054cd563f\trove4j-1.0.20181211.jar;C:\Users\Acer\.gradle\caches\modules-2\files-2.1\org.jetbrains.kotlin\kotlin-stdlib-common\1.3.72\6ca8bee3d88957eaaaef077c41c908c9940492d8\kotlin-stdlib-common-1.3.72.jar;C:\Users\Acer\.gradle\caches\modules-2\files-2.1\org.jetbrains\annotations\13.0\919f0dfe192fb4e063e7dacadee7f8bb9a2672a9\annotations-13.0.jar;C:\Program Files\Android\Android Studio\jre\lib\tools.jar
Launcher Type: SUN_STANDARD

Environment Variables:
PATH=C:\Program Files (x86)\Common Files\Oracle\Java\javapath;C:\eclipse\jre\bin\javawexe;C:\Program Files\Git\cmd;C:\Program Files\Java\jdk-12\bin
USERNAME=Acer
OS=Windows_NT
PROCESSOR_IDENTIFIER=Intel64 Family 6 Model 92 Stepping 9, GenuineIntel



---------------  S Y S T E M  ---------------

OS: Windows 10.0 , 64 bit Build 14393 (10.0.14393.2214)

CPU:total 4 (initial active 4) (4 cores per cpu, 1 threads per core) family 6 model 92 stepping 9, cmov, cx8, fxsr, mmx, sse, sse2, sse3, ssse3, sse4.1, sse4.2, popcnt, aes, clmul, erms, 3dnowpref, tsc, tscinvbit

Memory: 4k page, physical 1921248k(257452k free), swap 4605900k(3776k free)

vm_info: OpenJDK 64-Bit Server VM (25.202-b03) for windows-amd64 JRE (1.8.0_202-release-1483-b03), built by "builder" with MS VC++ 10.0 (VS2010)

time: Sat May 23 22:34:27 2020
timezone: Финландия - лятно часово време
elapsed time: 40 seconds (0d 0h 0m 40s)

