#
# There is insufficient memory for the Java Runtime Environment to continue.
# Native memory allocation (malloc) failed to allocate 437456 bytes for Chunk::new
# Possible reasons:
#   The system is out of physical RAM or swap space
#   The process is running with CompressedOops enabled, and the Java Heap may be blocking the growth of the native heap
# Possible solutions:
#   Reduce memory load on the system
#   Increase physical memory or swap space
#   Check if swap backing store is full
#   Decrease Java heap size (-Xmx/-Xms)
#   Decrease number of Java threads
#   Decrease Java thread stack sizes (-Xss)
#   Set larger code cache with -XX:ReservedCodeCacheSize=
#   JVM is running with Unscaled Compressed Oops mode in which the Java heap is
#     placed in the first 4GB address space. The Java Heap base address is the
#     maximum limit for the native heap growth. Please use -XX:HeapBaseMinAddress
#     to set the Java Heap base and to place the Java Heap above 4GB virtual address.
# This output file may be truncated or incomplete.
#
#  Out of Memory Error (allocation.cpp:389), pid=5924, tid=0x0000000000001128
#
# JRE version: OpenJDK Runtime Environment (8.0_202-b03) (build 1.8.0_202-release-1483-b03)
# Java VM: OpenJDK 64-Bit Server VM (25.202-b03 mixed mode windows-amd64 compressed oops)
# Failed to write core dump. Minidumps are not enabled by default on client versions of Windows
#

---------------  T H R E A D  ---------------

Current thread (0x00000000140d9000):  JavaThread "C2 CompilerThread0" daemon [_thread_in_native, id=4392, stack(0x0000000015720000,0x0000000015820000)]

Stack: [0x0000000015720000,0x0000000015820000]
[error occurred during error reporting (printing stack bounds), id 0xc0000005]

Native frames: (J=compiled Java code, j=interpreted, Vv=VM code, C=native code)


Current CompileTask:
C2:  28077 8681       4       org.jetbrains.kotlin.resolve.MemberComparator::compare (847 bytes)


---------------  P R O C E S S  ---------------

Java Threads: ( => current thread )
  0x000000001412d800 JavaThread "Service Thread" daemon [_thread_blocked, id=4472, stack(0x0000000015e20000,0x0000000015f20000)]
  0x00000000140e4800 JavaThread "C1 CompilerThread2" daemon [_thread_blocked, id=4328, stack(0x0000000015920000,0x0000000015a20000)]
  0x00000000140e0000 JavaThread "C2 CompilerThread1" daemon [_thread_in_native, id=4128, stack(0x0000000015820000,0x0000000015920000)]
=>0x00000000140d9000 JavaThread "C2 CompilerThread0" daemon [_thread_in_native, id=4392, stack(0x0000000015720000,0x0000000015820000)]
  0x00000000140d7800 JavaThread "Attach Listener" daemon [_thread_blocked, id=6140, stack(0x0000000015620000,0x0000000015720000)]
  0x00000000140de000 JavaThread "Signal Dispatcher" daemon [_thread_blocked, id=3820, stack(0x0000000015520000,0x0000000015620000)]
  0x0000000002dfd800 JavaThread "Finalizer" daemon [_thread_blocked, id=1108, stack(0x0000000015320000,0x0000000015420000)]
  0x00000000140b9000 JavaThread "Reference Handler" daemon [_thread_blocked, id=1484, stack(0x0000000015220000,0x0000000015320000)]
  0x0000000002d08000 JavaThread "main" [_thread_in_Java, id=5972, stack(0x0000000002c00000,0x0000000002d00000)]

Other Threads:
  0x0000000014096800 VMThread [stack: 0x0000000015120000,0x0000000015220000] [id=5464]
  0x0000000015a61000 WatcherThread [stack: 0x0000000015f20000,0x0000000016020000] [id=6520]

VM state:not at safepoint (normal execution)

VM Mutex/Monitor currently owned by a thread:  ([mutex/lock_event])
[0x0000000002d060b0] Compile_lock - owner thread: 0x0000000000000000

heap address: 0x00000000e2a00000, size: 470 MB, Compressed Oops mode: 32-bit
Narrow klass base: 0x0000000000000000, Narrow klass shift: 3
Compressed class space size: 1073741824 Address: 0x0000000100000000

Heap:
 PSYoungGen      total 84992K, used 61760K [0x00000000f6380000, 0x00000000fe080000, 0x0000000100000000)
  eden space 67072K, 86% used [0x00000000f6380000,0x00000000f9bd9608,0x00000000fa500000)
  from space 17920K, 22% used [0x00000000fa500000,0x00000000fa8f6bd8,0x00000000fb680000)
  to   space 23552K, 0% used [0x00000000fc980000,0x00000000fc980000,0x00000000fe080000)
 ParOldGen       total 46592K, used 46253K [0x00000000e2a00000, 0x00000000e5780000, 0x00000000f6380000)
  object space 46592K, 99% used [0x00000000e2a00000,0x00000000e572b6e0,0x00000000e5780000)
 Metaspace       used 58409K, capacity 59574K, committed 59824K, reserved 1101824K
  class space    used 6970K, capacity 7269K, committed 7344K, reserved 1048576K

Card table byte_map: [0x00000000121f0000,0x00000000122e0000] byte_map_base: 0x0000000011adb000

Marking Bits: (ParMarkBitMap*) 0x0000000067819f30
 Begin Bits: [0x0000000012780000, 0x0000000012ed8000)
 End Bits:   [0x0000000012ed8000, 0x0000000013630000)

Polling page: 0x0000000002e00000

CodeCache: size=245760Kb used=25853Kb max_used=25853Kb free=219906Kb
 bounds [0x0000000002e30000, 0x0000000004790000, 0x0000000011e30000]
 total_blobs=8189 nmethods=7684 adapters=416
 compilation: enabled

Compilation events (10 events):
Event: 28.030 Thread 0x00000000140e4800 8735       3       org.jetbrains.kotlin.builtins.FunctionTypesKt$isSuspendFunctionTypeOrSubtype$1::invoke (11 bytes)
Event: 28.030 Thread 0x00000000140e4800 nmethod 8735 0x00000000047874d0 code [0x0000000004787640, 0x0000000004787898]
Event: 28.030 Thread 0x00000000140e4800 8736       1       org.jetbrains.kotlin.metadata.jvm.JvmProtoBuf$StringTableTypes$Record::getSubstringIndexList (5 bytes)
Event: 28.030 Thread 0x00000000140e4800 nmethod 8736 0x0000000004787990 code [0x0000000004787ae0, 0x0000000004787bf0]
Event: 28.030 Thread 0x00000000140e4800 8737       1       org.jetbrains.kotlin.metadata.jvm.JvmProtoBuf$StringTableTypes$Record::getReplaceCharList (5 bytes)
Event: 28.030 Thread 0x00000000140e4800 nmethod 8737 0x0000000004787c50 code [0x0000000004787da0, 0x0000000004787eb0]
Event: 28.041 Thread 0x00000000140e4800 8738       1       org.jetbrains.kotlin.com.intellij.psi.tree.IElementType::toString (5 bytes)
Event: 28.042 Thread 0x00000000140e4800 nmethod 8738 0x0000000004787f10 code [0x0000000004788060, 0x0000000004788170]
Event: 28.043 Thread 0x00000000140e4800 8739       1       org.jetbrains.kotlin.descriptors.impl.PropertyDescriptorImpl::getBackingField (5 bytes)
Event: 28.043 Thread 0x00000000140e4800 nmethod 8739 0x00000000047881d0 code [0x0000000004788320, 0x0000000004788430]

GC Heap History (10 events):
Event: 10.915 GC heap before
{Heap before GC invocations=14 (full 2):
 PSYoungGen      total 56320K, used 49152K [0x00000000f6380000, 0x00000000fb300000, 0x0000000100000000)
  eden space 49152K, 100% used [0x00000000f6380000,0x00000000f9380000,0x00000000f9380000)
  from space 7168K, 0% used [0x00000000f9380000,0x00000000f9380000,0x00000000f9a80000)
  to   space 11776K, 0% used [0x00000000fa780000,0x00000000fa780000,0x00000000fb300000)
 ParOldGen       total 46592K, used 21831K [0x00000000e2a00000, 0x00000000e5780000, 0x00000000f6380000)
  object space 46592K, 46% used [0x00000000e2a00000,0x00000000e3f51e00,0x00000000e5780000)
 Metaspace       used 37266K, capacity 37884K, committed 38192K, reserved 1083392K
  class space    used 4725K, capacity 4888K, committed 4912K, reserved 1048576K
Event: 10.940 GC heap after
Heap after GC invocations=14 (full 2):
 PSYoungGen      total 68096K, used 10822K [0x00000000f6380000, 0x00000000fb900000, 0x0000000100000000)
  eden space 56320K, 0% used [0x00000000f6380000,0x00000000f6380000,0x00000000f9a80000)
  from space 11776K, 91% used [0x00000000fa780000,0x00000000fb211930,0x00000000fb300000)
  to   space 13312K, 0% used [0x00000000f9a80000,0x00000000f9a80000,0x00000000fa780000)
 ParOldGen       total 46592K, used 21839K [0x00000000e2a00000, 0x00000000e5780000, 0x00000000f6380000)
  object space 46592K, 46% used [0x00000000e2a00000,0x00000000e3f53e00,0x00000000e5780000)
 Metaspace       used 37266K, capacity 37884K, committed 38192K, reserved 1083392K
  class space    used 4725K, capacity 4888K, committed 4912K, reserved 1048576K
}
Event: 16.479 GC heap before
{Heap before GC invocations=15 (full 2):
 PSYoungGen      total 68096K, used 67142K [0x00000000f6380000, 0x00000000fb900000, 0x0000000100000000)
  eden space 56320K, 100% used [0x00000000f6380000,0x00000000f9a80000,0x00000000f9a80000)
  from space 11776K, 91% used [0x00000000fa780000,0x00000000fb211930,0x00000000fb300000)
  to   space 13312K, 0% used [0x00000000f9a80000,0x00000000f9a80000,0x00000000fa780000)
 ParOldGen       total 46592K, used 21839K [0x00000000e2a00000, 0x00000000e5780000, 0x00000000f6380000)
  object space 46592K, 46% used [0x00000000e2a00000,0x00000000e3f53e00,0x00000000e5780000)
 Metaspace       used 41258K, capacity 41880K, committed 42160K, reserved 1085440K
  class space    used 5050K, capacity 5202K, committed 5296K, reserved 1048576K
Event: 16.507 GC heap after
Heap after GC invocations=15 (full 2):
 PSYoungGen      total 69632K, used 13305K [0x00000000f6380000, 0x00000000fc700000, 0x0000000100000000)
  eden space 56320K, 0% used [0x00000000f6380000,0x00000000f6380000,0x00000000f9a80000)
  from space 13312K, 99% used [0x00000000f9a80000,0x00000000fa77e740,0x00000000fa780000)
  to   space 16896K, 0% used [0x00000000fb680000,0x00000000fb680000,0x00000000fc700000)
 ParOldGen       total 46592K, used 25602K [0x00000000e2a00000, 0x00000000e5780000, 0x00000000f6380000)
  object space 46592K, 54% used [0x00000000e2a00000,0x00000000e4300920,0x00000000e5780000)
 Metaspace       used 41258K, capacity 41880K, committed 42160K, reserved 1085440K
  class space    used 5050K, capacity 5202K, committed 5296K, reserved 1048576K
}
Event: 19.427 GC heap before
{Heap before GC invocations=16 (full 2):
 PSYoungGen      total 69632K, used 69625K [0x00000000f6380000, 0x00000000fc700000, 0x0000000100000000)
  eden space 56320K, 100% used [0x00000000f6380000,0x00000000f9a80000,0x00000000f9a80000)
  from space 13312K, 99% used [0x00000000f9a80000,0x00000000fa77e740,0x00000000fa780000)
  to   space 16896K, 0% used [0x00000000fb680000,0x00000000fb680000,0x00000000fc700000)
 ParOldGen       total 46592K, used 25602K [0x00000000e2a00000, 0x00000000e5780000, 0x00000000f6380000)
  object space 46592K, 54% used [0x00000000e2a00000,0x00000000e4300920,0x00000000e5780000)
 Metaspace       used 44255K, capacity 44950K, committed 45360K, reserved 1089536K
  class space    used 5407K, capacity 5613K, committed 5680K, reserved 1048576K
Event: 19.474 GC heap after
Heap after GC invocations=16 (full 2):
 PSYoungGen      total 83968K, used 12274K [0x00000000f6380000, 0x00000000fc900000, 0x0000000100000000)
  eden space 67072K, 0% used [0x00000000f6380000,0x00000000f6380000,0x00000000fa500000)
  from space 16896K, 72% used [0x00000000fb680000,0x00000000fc27ca80,0x00000000fc700000)
  to   space 17920K, 0% used [0x00000000fa500000,0x00000000fa500000,0x00000000fb680000)
 ParOldGen       total 46592K, used 37418K [0x00000000e2a00000, 0x00000000e5780000, 0x00000000f6380000)
  object space 46592K, 80% used [0x00000000e2a00000,0x00000000e4e8aac0,0x00000000e5780000)
 Metaspace       used 44255K, capacity 44950K, committed 45360K, reserved 1089536K
  class space    used 5407K, capacity 5613K, committed 5680K, reserved 1048576K
}
Event: 24.057 GC heap before
{Heap before GC invocations=17 (full 2):
 PSYoungGen      total 83968K, used 79346K [0x00000000f6380000, 0x00000000fc900000, 0x0000000100000000)
  eden space 67072K, 100% used [0x00000000f6380000,0x00000000fa500000,0x00000000fa500000)
  from space 16896K, 72% used [0x00000000fb680000,0x00000000fc27ca80,0x00000000fc700000)
  to   space 17920K, 0% used [0x00000000fa500000,0x00000000fa500000,0x00000000fb680000)
 ParOldGen       total 46592K, used 37418K [0x00000000e2a00000, 0x00000000e5780000, 0x00000000f6380000)
  object space 46592K, 80% used [0x00000000e2a00000,0x00000000e4e8aac0,0x00000000e5780000)
 Metaspace       used 51913K, capacity 52928K, committed 53296K, reserved 1095680K
  class space    used 6373K, capacity 6656K, committed 6704K, reserved 1048576K
Event: 24.106 GC heap after
Heap after GC invocations=17 (full 2):
 PSYoungGen      total 84992K, used 17910K [0x00000000f6380000, 0x00000000fe080000, 0x0000000100000000)
  eden space 67072K, 0% used [0x00000000f6380000,0x00000000f6380000,0x00000000fa500000)
  from space 17920K, 99% used [0x00000000fa500000,0x00000000fb67d848,0x00000000fb680000)
  to   space 23552K, 0% used [0x00000000fc980000,0x00000000fc980000,0x00000000fe080000)
 ParOldGen       total 46592K, used 45160K [0x00000000e2a00000, 0x00000000e5780000, 0x00000000f6380000)
  object space 46592K, 96% used [0x00000000e2a00000,0x00000000e561a2e0,0x00000000e5780000)
 Metaspace       used 51913K, capacity 52928K, committed 53296K, reserved 1095680K
  class space    used 6373K, capacity 6656K, committed 6704K, reserved 1048576K
}
Event: 24.106 GC heap before
{Heap before GC invocations=18 (full 3):
 PSYoungGen      total 84992K, used 17910K [0x00000000f6380000, 0x00000000fe080000, 0x0000000100000000)
  eden space 67072K, 0% used [0x00000000f6380000,0x00000000f6380000,0x00000000fa500000)
  from space 17920K, 99% used [0x00000000fa500000,0x00000000fb67d848,0x00000000fb680000)
  to   space 23552K, 0% used [0x00000000fc980000,0x00000000fc980000,0x00000000fe080000)
 ParOldGen       total 46592K, used 45160K [0x00000000e2a00000, 0x00000000e5780000, 0x00000000f6380000)
  object space 46592K, 96% used [0x00000000e2a00000,0x00000000e561a2e0,0x00000000e5780000)
 Metaspace       used 51913K, capacity 52928K, committed 53296K, reserved 1095680K
  class space    used 6373K, capacity 6656K, committed 6704K, reserved 1048576K
Event: 24.516 GC heap after
Heap after GC invocations=18 (full 3):
 PSYoungGen      total 84992K, used 4058K [0x00000000f6380000, 0x00000000fe080000, 0x0000000100000000)
  eden space 67072K, 0% used [0x00000000f6380000,0x00000000f6380000,0x00000000fa500000)
  from space 17920K, 22% used [0x00000000fa500000,0x00000000fa8f6bd8,0x00000000fb680000)
  to   space 23552K, 0% used [0x00000000fc980000,0x00000000fc980000,0x00000000fe080000)
 ParOldGen       total 46592K, used 46253K [0x00000000e2a00000, 0x00000000e5780000, 0x00000000f6380000)
  object space 46592K, 99% used [0x00000000e2a00000,0x00000000e572b6e0,0x00000000e5780000)
 Metaspace       used 51913K, capacity 52928K, committed 53296K, reserved 1095680K
  class space    used 6373K, capacity 6656K, committed 6704K, reserved 1048576K
}

Deoptimization events (10 events):
Event: 27.616 Thread 0x0000000002d08000 Uncommon trap: reason=unstable_if action=reinterpret pc=0x0000000003091334 method=java.lang.String.indexOf([CII[CIII)I @ 3
Event: 27.708 Thread 0x0000000002d08000 Uncommon trap: reason=bimorphic action=maybe_recompile pc=0x0000000003b7b590 method=org.jetbrains.kotlin.resolve.calls.callResolverUtil.CallResolverUtilKt.isOrOverridesSynthesized(Lorg/jetbrains/kotlin/descriptors/CallableMemberDescriptor;)Z @ 34
Event: 27.708 Thread 0x0000000002d08000 Uncommon trap: reason=bimorphic action=maybe_recompile pc=0x0000000003b7b590 method=org.jetbrains.kotlin.resolve.calls.callResolverUtil.CallResolverUtilKt.isOrOverridesSynthesized(Lorg/jetbrains/kotlin/descriptors/CallableMemberDescriptor;)Z @ 34
Event: 27.708 Thread 0x0000000002d08000 Uncommon trap: reason=bimorphic action=maybe_recompile pc=0x0000000003b7b590 method=org.jetbrains.kotlin.resolve.calls.callResolverUtil.CallResolverUtilKt.isOrOverridesSynthesized(Lorg/jetbrains/kotlin/descriptors/CallableMemberDescriptor;)Z @ 34
Event: 27.708 Thread 0x0000000002d08000 Uncommon trap: reason=bimorphic action=maybe_recompile pc=0x0000000003b7b590 method=org.jetbrains.kotlin.resolve.calls.callResolverUtil.CallResolverUtilKt.isOrOverridesSynthesized(Lorg/jetbrains/kotlin/descriptors/CallableMemberDescriptor;)Z @ 34
Event: 27.763 Thread 0x0000000002d08000 Uncommon trap: reason=class_check action=maybe_recompile pc=0x0000000003852eb0 method=org.jetbrains.kotlin.storage.LockBasedStorageManager$LockBasedLazyValue.invoke()Ljava/lang/Object; @ 24
Event: 27.774 Thread 0x0000000002d08000 Uncommon trap: reason=class_check action=maybe_recompile pc=0x000000000395e0f8 method=org.jetbrains.kotlin.storage.LockBasedStorageManager$LockBasedLazyValue.invoke()Ljava/lang/Object; @ 24
Event: 27.826 Thread 0x0000000002d08000 Uncommon trap: reason=class_check action=maybe_recompile pc=0x0000000003d9d65c method=org.jetbrains.kotlin.storage.LockBasedStorageManager$LockBasedLazyValue.invoke()Ljava/lang/Object; @ 24
Event: 27.826 Thread 0x0000000002d08000 Uncommon trap: reason=speculate_class_check action=maybe_recompile pc=0x0000000004338c74 method=java.util.ArrayList.<init>(Ljava/util/Collection;)V @ 36
Event: 27.843 Thread 0x0000000002d08000 Uncommon trap: reason=class_check action=maybe_recompile pc=0x000000000393a0ac method=org.jetbrains.kotlin.storage.LockBasedStorageManager$LockBasedLazyValue.invoke()Ljava/lang/Object; @ 24

Classes redefined (0 events):
No events

Internal exceptions (10 events):
Event: 21.838 Thread 0x0000000002d08000 Implicit null exception at 0x00000000030e7299 to 0x00000000030e7641
Event: 21.949 Thread 0x0000000002d08000 Implicit null exception at 0x0000000003049316 to 0x00000000030496a9
Event: 23.963 Thread 0x0000000002d08000 Implicit null exception at 0x0000000004211d5c to 0x0000000004212871
Event: 25.595 Thread 0x0000000002d08000 Implicit null exception at 0x0000000003093b15 to 0x0000000003093d01
Event: 25.595 Thread 0x0000000002d08000 Implicit null exception at 0x00000000030eec2f to 0x00000000030eec99
Event: 25.615 Thread 0x0000000002d08000 Implicit null exception at 0x000000000341ae8c to 0x000000000341aee6
Event: 26.309 Thread 0x0000000002d08000 Implicit null exception at 0x00000000033a5a54 to 0x00000000033a5c24
Event: 27.338 Thread 0x0000000002d08000 Implicit null exception at 0x00000000039e8e56 to 0x00000000039e91a1
Event: 27.343 Thread 0x0000000002d08000 Exception <a 'java/lang/NoSuchMethodError': java.lang.Object.lambda$static$0(Lorg/jetbrains/kotlin/descriptors/ValueParameterDescriptor;Lorg/jetbrains/kotlin/codegen/ExpressionCodegen;)Lorg/jetbrains/kotlin/codegen/StackValue;> (0x00000000f8e60640) thrown
Event: 27.348 Thread 0x0000000002d08000 Implicit null exception at 0x00000000039c02d5 to 0x00000000039c04e1

Events (10 events):
Event: 27.977 loading class org/jetbrains/kotlin/codegen/ExpressionCodegen
Event: 27.977 loading class org/jetbrains/kotlin/codegen/ExpressionCodegen done
Event: 27.993 loading class org/jetbrains/kotlin/codegen/state/KotlinTypeMapper$ContainingClassesInfo
Event: 27.993 loading class org/jetbrains/kotlin/codegen/state/KotlinTypeMapper$ContainingClassesInfo done
Event: 27.994 loading class org/jetbrains/kotlin/codegen/state/KotlinTypeMapper$ContainingClassesInfo$Companion
Event: 27.994 loading class org/jetbrains/kotlin/codegen/state/KotlinTypeMapper$ContainingClassesInfo$Companion done
Event: 27.995 loading class org/jetbrains/kotlin/codegen/intrinsics/ToString$toCallable$1
Event: 27.995 loading class org/jetbrains/kotlin/codegen/intrinsics/ToString$toCallable$1 done
Event: 28.001 loading class org/jetbrains/kotlin/codegen/intrinsics/IntrinsicCallableKt
Event: 28.001 loading class org/jetbrains/kotlin/codegen/intrinsics/IntrinsicCallableKt done


Dynamic libraries:
0x00007ff7a5ba0000 - 0x00007ff7a5bd1000 	C:\Program Files\Android\Android Studio\jre\jre\bin\java.exe
0x00007ff961260000 - 0x00007ff961432000 	C:\WINDOWS\SYSTEM32\ntdll.dll
0x00007ff961030000 - 0x00007ff9610dc000 	C:\WINDOWS\System32\KERNEL32.DLL
0x00007ff95e5d0000 - 0x00007ff95e7ed000 	C:\WINDOWS\System32\KERNELBASE.dll
0x00007ff95eeb0000 - 0x00007ff95ef52000 	C:\WINDOWS\System32\ADVAPI32.dll
0x00007ff95ebb0000 - 0x00007ff95ec4e000 	C:\WINDOWS\System32\msvcrt.dll
0x00007ff95ef60000 - 0x00007ff95efb9000 	C:\WINDOWS\System32\sechost.dll
0x00007ff95f3f0000 - 0x00007ff95f511000 	C:\WINDOWS\System32\RPCRT4.dll
0x00007ff95e840000 - 0x00007ff95e9a5000 	C:\WINDOWS\System32\USER32.dll
0x00007ff95d760000 - 0x00007ff95d77e000 	C:\WINDOWS\System32\win32u.dll
0x00007ff95e7f0000 - 0x00007ff95e824000 	C:\WINDOWS\System32\GDI32.dll
0x00007ff95db70000 - 0x00007ff95dcf0000 	C:\WINDOWS\System32\gdi32full.dll
0x00007ff94b6d0000 - 0x00007ff94b94a000 	C:\WINDOWS\WinSxS\amd64_microsoft.windows.common-controls_6595b64144ccf1df_6.0.14393.953_none_42151e83c686086b\COMCTL32.dll
0x00007ff960d60000 - 0x00007ff961028000 	C:\WINDOWS\System32\combase.dll
0x00007ff95da00000 - 0x00007ff95daf5000 	C:\WINDOWS\System32\ucrtbase.dll
0x00007ff95db00000 - 0x00007ff95db6a000 	C:\WINDOWS\System32\bcryptPrimitives.dll
0x00007ff95eda0000 - 0x00007ff95edce000 	C:\WINDOWS\System32\IMM32.DLL
0x0000000066af0000 - 0x0000000066bc2000 	C:\Program Files\Android\Android Studio\jre\jre\bin\msvcr100.dll
0x0000000067050000 - 0x0000000067896000 	C:\Program Files\Android\Android Studio\jre\jre\bin\server\jvm.dll
0x00007ff95ed90000 - 0x00007ff95ed98000 	C:\WINDOWS\System32\PSAPI.DLL
0x00007ff94f410000 - 0x00007ff94f41a000 	C:\WINDOWS\SYSTEM32\VERSION.dll
0x00007ff95b5e0000 - 0x00007ff95b603000 	C:\WINDOWS\SYSTEM32\WINMM.dll
0x00007ff950a10000 - 0x00007ff950a19000 	C:\WINDOWS\SYSTEM32\WSOCK32.dll
0x00007ff95ee40000 - 0x00007ff95eeaa000 	C:\WINDOWS\System32\WS2_32.dll
0x00007ff95b590000 - 0x00007ff95b5bb000 	C:\WINDOWS\SYSTEM32\WINMMBASE.dll
0x00007ff95dea0000 - 0x00007ff95dee2000 	C:\WINDOWS\System32\cfgmgr32.dll
0x00007ff95a980000 - 0x00007ff95a98f000 	C:\Program Files\Android\Android Studio\jre\jre\bin\verify.dll
0x00007ff95a710000 - 0x00007ff95a739000 	C:\Program Files\Android\Android Studio\jre\jre\bin\java.dll
0x00007ff95a6f0000 - 0x00007ff95a706000 	C:\Program Files\Android\Android Studio\jre\jre\bin\zip.dll
0x00007ff95f790000 - 0x00007ff960c99000 	C:\WINDOWS\System32\SHELL32.dll
0x00007ff95def0000 - 0x00007ff95e5c9000 	C:\WINDOWS\System32\windows.storage.dll
0x00007ff95d710000 - 0x00007ff95d75c000 	C:\WINDOWS\System32\powrprof.dll
0x00007ff961180000 - 0x00007ff9611d2000 	C:\WINDOWS\System32\shlwapi.dll
0x00007ff95d6e0000 - 0x00007ff95d6ef000 	C:\WINDOWS\System32\kernel.appcore.dll
0x00007ff95dd50000 - 0x00007ff95ddf9000 	C:\WINDOWS\System32\shcore.dll
0x00007ff95d6f0000 - 0x00007ff95d704000 	C:\WINDOWS\System32\profapi.dll
0x00007ff9596b0000 - 0x00007ff9596ca000 	C:\Program Files\Android\Android Studio\jre\jre\bin\net.dll
0x00007ff95cfa0000 - 0x00007ff95cffc000 	C:\WINDOWS\system32\mswsock.dll
0x00007ff959690000 - 0x00007ff9596a1000 	C:\Program Files\Android\Android Studio\jre\jre\bin\nio.dll

VM Arguments:
java_command: org.jetbrains.kotlin.cli.jvm.K2JVMCompiler -Xallow-no-source-files -classpath C:\Users\Acer\.gradle\caches\modules-2\files-2.1\org.jetbrains.kotlin\kotlin-android-extensions-runtime\1.3.72\83423235971335be77d2ea025008bc9959738ffc\kotlin-android-extensions-runtime-1.3.72.jar;C:\Users\Acer\.gradle\caches\modules-2\files-2.1\org.jetbrains.kotlin\kotlin-stdlib-jdk7\1.3.72\3adfc2f4ea4243e01204be8081fe63bde6b12815\kotlin-stdlib-jdk7-1.3.72.jar;C:\Users\Acer\.gradle\caches\transforms-2\files-2.1\35dee746bdd807739854ee3c2c27e4de\core-ktx-1.2.0-api.jar;C:\Users\Acer\.gradle\caches\transforms-2\files-2.1\2a726cc3724d35e56c220228b962727b\lifecycle-viewmodel-ktx-2.2.0-api.jar;C:\Users\Acer\.gradle\caches\transforms-2\files-2.1\c4c2f7300eeb2343541ce57e1f167aba\lifecycle-livedata-ktx-2.2.0-api.jar;C:\Users\Acer\.gradle\caches\transforms-2\files-2.1\9fd0fce5ffb38523f62a36e9d17b4688\jetified-kotlinx-coroutines-android-1.3.0.jar;C:\Users\Acer\.gradle\caches\modules-2\files-2.1\org.jetbrains.kotlinx\kotlinx-coroutines-core\1.3.0\36fa8555d92456448ec19e64b00be830df9a7fb5\kotlinx-coroutines-core-1.3.0.jar;C:\Users\Acer\.gradle\caches\transforms-2\files-2.1\55531ddfc8ec62d4a3a0e812b6dff163\lifecycle-livedata-core-ktx-2.2.0-api.jar;C:\Users\Acer\.gradle\caches\modules-2\files-2.1\org.jetbrains.kotlin\kotlin-stdlib\1.3.72\8032138f12c0180bc4e51fe139d4c52b46db6109\kotlin-stdlib-1.3.72.jar;C:\Users\Acer\.gradle\caches\modules-2\files-2.1\org.jetbrains.kotlin\kotlin-stdlib-common\1.3.72\6ca8bee3d88957eaaaef077c41c908c9940492d8\kotlin-stdlib-common-1.3.72.jar;C:\Users\Acer\.gradle\caches\modules-2\files-2.1\org.jetbrains\annotations\13.0\919f0dfe192fb4e063e7dacadee7f8bb9a2672a9\annotations-13.0.jar;C:\Users\Acer\.gradle\caches\transforms-2\files-2.1\2a5e43a1a5172a780ed11bfc9e0a4275\material-1.1.0-api.jar;C:\Users\Acer\.gradle\caches\transforms-2\files-2.1\dcc552481ab0c4d817b7d0b80177fb2e\appcompat-1.1.0-api.jar;C:\Users\Acer\.gradle\caches\transforms-2\files-2.1\921e50f385b74371
java_class_path (initial): C:\Users\Acer\.gradle\caches\modules-2\files-2.1\org.jetbrains.kotlin\kotlin-compiler-embeddable\1.3.72\fb72232c8fa977d5e07d33c43381ddbdc5edab6\kotlin-compiler-embeddable-1.3.72.jar;C:\Users\Acer\.gradle\caches\modules-2\files-2.1\org.jetbrains.kotlin\kotlin-reflect\1.3.72\86613e1a669a701b0c660bfd2af4f82a7ae11fca\kotlin-reflect-1.3.72.jar;C:\Users\Acer\.gradle\caches\modules-2\files-2.1\org.jetbrains.kotlin\kotlin-stdlib\1.3.72\8032138f12c0180bc4e51fe139d4c52b46db6109\kotlin-stdlib-1.3.72.jar;C:\Users\Acer\.gradle\caches\modules-2\files-2.1\org.jetbrains.kotlin\kotlin-script-runtime\1.3.72\657d8d34d91e1964b4439378c09933e840bfe8d5\kotlin-script-runtime-1.3.72.jar;C:\Users\Acer\.gradle\caches\modules-2\files-2.1\org.jetbrains.kotlin\kotlin-daemon-embeddable\1.3.72\53bbaa2816dbf6bdb85f629451b1fcc88f2164d2\kotlin-daemon-embeddable-1.3.72.jar;C:\Users\Acer\.gradle\caches\modules-2\files-2.1\org.jetbrains.intellij.deps\trove4j\1.0.20181211\216c2e14b070f334479d800987affe4054cd563f\trove4j-1.0.20181211.jar;C:\Users\Acer\.gradle\caches\modules-2\files-2.1\org.jetbrains.kotlin\kotlin-stdlib-common\1.3.72\6ca8bee3d88957eaaaef077c41c908c9940492d8\kotlin-stdlib-common-1.3.72.jar;C:\Users\Acer\.gradle\caches\modules-2\files-2.1\org.jetbrains\annotations\13.0\919f0dfe192fb4e063e7dacadee7f8bb9a2672a9\annotations-13.0.jar;C:\Program Files\Android\Android Studio\jre\lib\tools.jar
Launcher Type: SUN_STANDARD

Environment Variables:
PATH=C:\Program Files (x86)\Common Files\Oracle\Java\javapath;C:\eclipse\jre\bin\javawexe;C:\Program Files\Git\cmd;C:\Program Files\Java\jdk-12\bin
USERNAME=Acer
OS=Windows_NT
PROCESSOR_IDENTIFIER=Intel64 Family 6 Model 92 Stepping 9, GenuineIntel



---------------  S Y S T E M  ---------------

OS: Windows 10.0 , 64 bit Build 14393 (10.0.14393.2214)

CPU:total 4 (initial active 4) (4 cores per cpu, 1 threads per core) family 6 model 92 stepping 9, cmov, cx8, fxsr, mmx, sse, sse2, sse3, ssse3, sse4.1, sse4.2, popcnt, aes, clmul, erms, 3dnowpref, tsc, tscinvbit

Memory: 4k page, physical 1921248k(230400k free), swap 4605900k(4988k free)

vm_info: OpenJDK 64-Bit Server VM (25.202-b03) for windows-amd64 JRE (1.8.0_202-release-1483-b03), built by "builder" with MS VC++ 10.0 (VS2010)

time: Sat May 23 21:32:59 2020
timezone: Финландия - лятно часово време
elapsed time: 28 seconds (0d 0h 0m 28s)

