#
# There is insufficient memory for the Java Runtime Environment to continue.
# Native memory allocation (malloc) failed to allocate 1393408 bytes for Chunk::new
# Possible reasons:
#   The system is out of physical RAM or swap space
#   The process is running with CompressedOops enabled, and the Java Heap may be blocking the growth of the native heap
# Possible solutions:
#   Reduce memory load on the system
#   Increase physical memory or swap space
#   Check if swap backing store is full
#   Decrease Java heap size (-Xmx/-Xms)
#   Decrease number of Java threads
#   Decrease Java thread stack sizes (-Xss)
#   Set larger code cache with -XX:ReservedCodeCacheSize=
#   JVM is running with Unscaled Compressed Oops mode in which the Java heap is
#     placed in the first 4GB address space. The Java Heap base address is the
#     maximum limit for the native heap growth. Please use -XX:HeapBaseMinAddress
#     to set the Java Heap base and to place the Java Heap above 4GB virtual address.
# This output file may be truncated or incomplete.
#
#  Out of Memory Error (allocation.cpp:389), pid=3204, tid=0x0000000000000f50
#
# JRE version: OpenJDK Runtime Environment (8.0_202-b03) (build 1.8.0_202-release-1483-b03)
# Java VM: OpenJDK 64-Bit Server VM (25.202-b03 mixed mode windows-amd64 compressed oops)
# Failed to write core dump. Minidumps are not enabled by default on client versions of Windows
#

---------------  T H R E A D  ---------------

Current thread (0x00000000166e5800):  JavaThread "C2 CompilerThread0" daemon [_thread_in_native, id=3920, stack(0x0000000017d20000,0x0000000017e20000)]

Stack: [0x0000000017d20000,0x0000000017e20000]
[error occurred during error reporting (printing stack bounds), id 0xc0000005]

Native frames: (J=compiled Java code, j=interpreted, Vv=VM code, C=native code)


Current CompileTask:
C2:1154475 16508       4       com.android.utils.PositionXmlParser::getPositionHelper (757 bytes)


---------------  P R O C E S S  ---------------

Java Threads: ( => current thread )
  0x0000000024501800 JavaThread "stdout" [_thread_in_native, id=3716, stack(0x000000002b0c0000,0x000000002b1c0000)]
  0x0000000024505800 JavaThread "stderr" [_thread_in_native, id=7728, stack(0x000000002afc0000,0x000000002b0c0000)]
  0x0000000024501000 JavaThread "stdout" [_thread_in_native, id=4172, stack(0x000000002aec0000,0x000000002afc0000)]
  0x0000000024507000 JavaThread "stderr" [_thread_in_native, id=2080, stack(0x000000002adc0000,0x000000002aec0000)]
  0x0000000024502800 JavaThread "stdout" [_thread_in_native, id=2300, stack(0x000000002acc0000,0x000000002adc0000)]
  0x0000000024506000 JavaThread "stderr" [_thread_in_native, id=7444, stack(0x000000002abc0000,0x000000002acc0000)]
  0x0000000024500000 JavaThread "stdout" [_thread_in_native, id=6600, stack(0x000000002aac0000,0x000000002abc0000)]
  0x0000000024504800 JavaThread "stderr" [_thread_in_native, id=3116, stack(0x000000002a9c0000,0x000000002aac0000)]
  0x0000000024504000 JavaThread "pool-8-thread-1" [_thread_blocked, id=1400, stack(0x000000002a8c0000,0x000000002a9c0000)]
  0x0000000018bf6800 JavaThread "WorkerExecutor Queue Thread 4" [_thread_blocked, id=1708, stack(0x000000002a7c0000,0x000000002a8c0000)]
  0x0000000018bf3800 JavaThread "WorkerExecutor Queue Thread 3" [_thread_blocked, id=4604, stack(0x000000002a6c0000,0x000000002a7c0000)]
  0x000000001dced000 JavaThread "WorkerExecutor Queue Thread 2" [_thread_blocked, id=5064, stack(0x000000002a5c0000,0x000000002a6c0000)]
  0x000000001dcec000 JavaThread "WorkerExecutor Queue" [_thread_blocked, id=7316, stack(0x000000002a4c0000,0x000000002a5c0000)]
  0x000000001dce9000 JavaThread "Cache worker for execution history cache (C:\Users\Acer\AndroidStudioProjects\TripOrganizer\.gradle\5.4.1\executionHistory)" [_thread_blocked, id=756, stack(0x000000002a3c0000,0x000000002a4c0000)]
  0x000000001dce6000 JavaThread "Execution worker for ':' Thread 3" [_thread_in_native, id=4516, stack(0x000000002a2c0000,0x000000002a3c0000)]
  0x000000001dce1800 JavaThread "Execution worker for ':' Thread 2" [_thread_blocked, id=8116, stack(0x000000002a1c0000,0x000000002a2c0000)]
  0x000000001dce8800 JavaThread "Execution worker for ':'" [_thread_blocked, id=5224, stack(0x000000002a0c0000,0x000000002a1c0000)]
  0x000000001dce5800 JavaThread "Cache worker for file content cache (C:\Users\Acer\AndroidStudioProjects\TripOrganizer\.gradle\5.4.1\fileContent)" [_thread_blocked, id=5976, stack(0x0000000029fc0000,0x000000002a0c0000)]
  0x000000001dce1000 JavaThread "Cache worker for file content cache (C:\Users\Acer\.gradle\caches\5.4.1\fileContent)" [_thread_blocked, id=2840, stack(0x0000000029ec0000,0x0000000029fc0000)]
  0x000000001dce4800 JavaThread "Cache worker for Build Output Cleanup Cache (C:\Users\Acer\AndroidStudioProjects\TripOrganizer\.gradle\buildOutputCleanup)" [_thread_blocked, id=2656, stack(0x0000000029dc0000,0x0000000029ec0000)]
  0x000000001dce0000 JavaThread "Build operations Thread 4" [_thread_blocked, id=7576, stack(0x0000000029cc0000,0x0000000029dc0000)]
  0x000000001dcde800 JavaThread "Build operations Thread 3" [_thread_blocked, id=5008, stack(0x0000000029bc0000,0x0000000029cc0000)]
  0x0000000018baa800 JavaThread "Build operations Thread 2" [_thread_blocked, id=4236, stack(0x0000000029ac0000,0x0000000029bc0000)]
  0x0000000018baa000 JavaThread "Build operations" [_thread_blocked, id=4076, stack(0x00000000299c0000,0x0000000029ac0000)]
  0x0000000018bab800 JavaThread "Cache worker for cache directory md-rule (C:\Users\Acer\.gradle\caches\5.4.1\md-rule)" [_thread_blocked, id=1192, stack(0x00000000298c0000,0x00000000299c0000)]
  0x0000000018ba7800 JavaThread "Cache worker for cache directory md-supplier (C:\Users\Acer\.gradle\caches\5.4.1\md-supplier)" [_thread_blocked, id=2828, stack(0x00000000297c0000,0x00000000298c0000)]
  0x0000000018b9e000 JavaThread "Cache worker for file hash cache (C:\Users\Acer\AndroidStudioProjects\TripOrganizer\.gradle\5.4.1\fileHashes)" [_thread_blocked, id=5944, stack(0x00000000296c0000,0x00000000297c0000)]
  0x0000000018ba4800 JavaThread "Thread-74" [_thread_blocked, id=220, stack(0x00000000295c0000,0x00000000296c0000)]
  0x0000000018ba1800 JavaThread "Asynchronous log dispatcher for DefaultDaemonConnection: socket connection from /127.0.0.1:50374 to /127.0.0.1:50424" [_thread_blocked, id=1284, stack(0x00000000293c0000,0x00000000294c0000)]
  0x0000000018b9c800 JavaThread "Daemon worker Thread 3" [_thread_blocked, id=7368, stack(0x00000000292c0000,0x00000000293c0000)]
  0x0000000018b9e800 JavaThread "Cancel handler" [_thread_blocked, id=5144, stack(0x00000000291c0000,0x00000000292c0000)]
  0x0000000018ba1000 JavaThread "Handler for socket connection from /127.0.0.1:50374 to /127.0.0.1:50424" [_thread_in_native, id=5804, stack(0x00000000290c0000,0x00000000291c0000)]
  0x0000000018ba3000 JavaThread "Daemon Thread 3" [_thread_blocked, id=1916, stack(0x0000000028fc0000,0x00000000290c0000)]
  0x0000000018ba8800 JavaThread "Memory manager" [_thread_blocked, id=4368, stack(0x0000000023750000,0x0000000023850000)]
  0x0000000018b9f800 JavaThread "Cache worker for execution history cache (C:\Users\Acer\.gradle\caches\5.4.1\executionHistory)" [_thread_blocked, id=3808, stack(0x0000000020460000,0x0000000020560000)]
  0x0000000018bf2800 JavaThread "Cache worker for journal cache (C:\Users\Acer\.gradle\caches\journal-1)" [_thread_blocked, id=3996, stack(0x000000001b260000,0x000000001b360000)]
  0x0000000018bf2000 JavaThread "File lock request listener" [_thread_in_native, id=6332, stack(0x000000001b160000,0x000000001b260000)]
  0x0000000018bf1000 JavaThread "Cache worker for file hash cache (C:\Users\Acer\.gradle\caches\5.4.1\fileHashes)" [_thread_blocked, id=7496, stack(0x000000001b060000,0x000000001b160000)]
  0x000000001933e800 JavaThread "Daemon periodic checks" [_thread_blocked, id=6400, stack(0x000000001a660000,0x000000001a760000)]
  0x0000000019338000 JavaThread "Incoming local TCP Connector on port 50374" [_thread_in_native, id=4668, stack(0x000000001a430000,0x000000001a530000)]
  0x00000000192c4800 JavaThread "Daemon health stats" [_thread_blocked, id=4964, stack(0x0000000019df0000,0x0000000019ef0000)]
  0x0000000018052800 JavaThread "Service Thread" daemon [_thread_blocked, id=3680, stack(0x0000000018420000,0x0000000018520000)]
  0x00000000166f4800 JavaThread "C1 CompilerThread2" daemon [_thread_blocked, id=5472, stack(0x0000000017f20000,0x0000000018020000)]
  0x00000000166e9800 JavaThread "C2 CompilerThread1" daemon [_thread_blocked, id=2960, stack(0x0000000017e20000,0x0000000017f20000)]
=>0x00000000166e5800 JavaThread "C2 CompilerThread0" daemon [_thread_in_native, id=3920, stack(0x0000000017d20000,0x0000000017e20000)]
  0x00000000166e4000 JavaThread "Attach Listener" daemon [_thread_blocked, id=3752, stack(0x0000000017c20000,0x0000000017d20000)]
  0x00000000166e2800 JavaThread "Signal Dispatcher" daemon [_thread_blocked, id=5396, stack(0x0000000017b20000,0x0000000017c20000)]
  0x0000000002d6a800 JavaThread "Finalizer" daemon [_thread_blocked, id=1552, stack(0x0000000017930000,0x0000000017a30000)]
  0x00000000166c9000 JavaThread "Reference Handler" daemon [_thread_blocked, id=3144, stack(0x0000000017830000,0x0000000017930000)]
  0x0000000002c6d800 JavaThread "main" [_thread_blocked, id=6584, stack(0x0000000002ae0000,0x0000000002be0000)]

Other Threads:
  0x00000000166a7000 VMThread [stack: 0x0000000017730000,0x0000000017830000] [id=6396]
  0x0000000018053000 WatcherThread [stack: 0x0000000018520000,0x0000000018620000] [id=6368]

VM state:not at safepoint (normal execution)

VM Mutex/Monitor currently owned by a thread: None

heap address: 0x00000000a0000000, size: 1536 MB, Compressed Oops mode: 32-bit
Narrow klass base: 0x0000000000000000, Narrow klass shift: 3
Compressed class space size: 1073741824 Address: 0x0000000100000000

Heap:
 PSYoungGen      total 241664K, used 193180K [0x00000000e0000000, 0x00000000f3480000, 0x0000000100000000)
  eden space 205312K, 76% used [0x00000000e0000000,0x00000000e9928ed8,0x00000000ec880000)
  from space 36352K, 99% used [0x00000000ef880000,0x00000000f1bfe340,0x00000000f1c00000)
  to   space 49152K, 0% used [0x00000000ec880000,0x00000000ec880000,0x00000000ef880000)
 ParOldGen       total 124416K, used 94343K [0x00000000a0000000, 0x00000000a7980000, 0x00000000e0000000)
  object space 124416K, 75% used [0x00000000a0000000,0x00000000a5c21e68,0x00000000a7980000)
 Metaspace       used 88555K, capacity 92660K, committed 92952K, reserved 1130496K
  class space    used 11372K, capacity 12201K, committed 12328K, reserved 1048576K

Card table byte_map: [0x0000000012130000,0x0000000012440000] byte_map_base: 0x0000000011c30000

Marking Bits: (ParMarkBitMap*) 0x000000005ca29f30
 Begin Bits: [0x0000000012a40000, 0x0000000014240000)
 End Bits:   [0x0000000014240000, 0x0000000015a40000)

Polling page: 0x0000000002a80000

CodeCache: size=245760Kb used=47392Kb max_used=47624Kb free=198367Kb
 bounds [0x0000000002d70000, 0x0000000005c40000, 0x0000000011d70000]
 total_blobs=14295 nmethods=13408 adapters=799
 compilation: enabled

Compilation events (10 events):
Event: 1153.151 Thread 0x00000000166f4800 nmethod 16605 0x0000000004f2ae90 code [0x0000000004f2b000, 0x0000000004f2b248]
Event: 1153.166 Thread 0x00000000166e9800 nmethod 16600 0x0000000004f2f950 code [0x0000000004f2fac0, 0x0000000004f2ffb8]
Event: 1153.198 Thread 0x00000000166f4800 16606       3       org.gradle.api.internal.tasks.properties.AbstractPropertySpec::<init> (10 bytes)
Event: 1153.199 Thread 0x00000000166f4800 nmethod 16606 0x000000000588f890 code [0x000000000588f9e0, 0x000000000588fbb0]
Event: 1153.199 Thread 0x00000000166f4800 16607       3       org.gradle.api.internal.tasks.properties.FileParameterUtils::determineNormalizerForPathSensitivity (79 bytes)
Event: 1153.200 Thread 0x00000000166e9800 16608       4       java.io.ObjectOutputStream$BlockDataOutputStream::writeLong (48 bytes)
Event: 1153.201 Thread 0x00000000166f4800 nmethod 16607 0x00000000054af910 code [0x00000000054afb20, 0x00000000054b0658]
Event: 1153.203 Thread 0x00000000166e9800 nmethod 16608 0x0000000004f2f550 code [0x0000000004f2f6a0, 0x0000000004f2f818]
Event: 1153.550 Thread 0x00000000166f4800 16609       3       java.util.LinkedList::pop (5 bytes)
Event: 1153.551 Thread 0x00000000166f4800 nmethod 16609 0x0000000004f2ef50 code [0x0000000004f2f0e0, 0x0000000004f2f3d8]

GC Heap History (10 events):
Event: 82.468 GC heap before
{Heap before GC invocations=30 (full 4):
 PSYoungGen      total 196608K, used 180736K [0x00000000e0000000, 0x00000000ee780000, 0x0000000100000000)
  eden space 171520K, 100% used [0x00000000e0000000,0x00000000ea780000,0x00000000ea780000)
  from space 25088K, 36% used [0x00000000ea780000,0x00000000eb080320,0x00000000ec000000)
  to   space 23552K, 0% used [0x00000000ed080000,0x00000000ed080000,0x00000000ee780000)
 ParOldGen       total 124416K, used 70242K [0x00000000a0000000, 0x00000000a7980000, 0x00000000e0000000)
  object space 124416K, 56% used [0x00000000a0000000,0x00000000a4498958,0x00000000a7980000)
 Metaspace       used 74429K, capacity 77156K, committed 77464K, reserved 1116160K
  class space    used 9944K, capacity 10576K, committed 10664K, reserved 1048576K
Event: 82.499 GC heap after
Heap after GC invocations=30 (full 4):
 PSYoungGen      total 210432K, used 15753K [0x00000000e0000000, 0x00000000ee700000, 0x0000000100000000)
  eden space 187392K, 0% used [0x00000000e0000000,0x00000000e0000000,0x00000000eb700000)
  from space 23040K, 68% used [0x00000000ed080000,0x00000000edfe2608,0x00000000ee700000)
  to   space 24576K, 0% used [0x00000000eb700000,0x00000000eb700000,0x00000000ecf00000)
 ParOldGen       total 124416K, used 70250K [0x00000000a0000000, 0x00000000a7980000, 0x00000000e0000000)
  object space 124416K, 56% used [0x00000000a0000000,0x00000000a449a958,0x00000000a7980000)
 Metaspace       used 74429K, capacity 77156K, committed 77464K, reserved 1116160K
  class space    used 9944K, capacity 10576K, committed 10664K, reserved 1048576K
}
Event: 790.067 GC heap before
{Heap before GC invocations=31 (full 4):
 PSYoungGen      total 210432K, used 203145K [0x00000000e0000000, 0x00000000ee700000, 0x0000000100000000)
  eden space 187392K, 100% used [0x00000000e0000000,0x00000000eb700000,0x00000000eb700000)
  from space 23040K, 68% used [0x00000000ed080000,0x00000000edfe2608,0x00000000ee700000)
  to   space 24576K, 0% used [0x00000000eb700000,0x00000000eb700000,0x00000000ecf00000)
 ParOldGen       total 124416K, used 70250K [0x00000000a0000000, 0x00000000a7980000, 0x00000000e0000000)
  object space 124416K, 56% used [0x00000000a0000000,0x00000000a449a958,0x00000000a7980000)
 Metaspace       used 80701K, capacity 83990K, committed 84248K, reserved 1122304K
  class space    used 10561K, capacity 11230K, committed 11304K, reserved 1048576K
Event: 793.701 GC heap after
Heap after GC invocations=31 (full 4):
 PSYoungGen      total 211968K, used 23454K [0x00000000e0000000, 0x00000000efc80000, 0x0000000100000000)
  eden space 187392K, 0% used [0x00000000e0000000,0x00000000e0000000,0x00000000eb700000)
  from space 24576K, 95% used [0x00000000eb700000,0x00000000ecde7978,0x00000000ecf00000)
  to   space 28160K, 0% used [0x00000000ee100000,0x00000000ee100000,0x00000000efc80000)
 ParOldGen       total 124416K, used 70258K [0x00000000a0000000, 0x00000000a7980000, 0x00000000e0000000)
  object space 124416K, 56% used [0x00000000a0000000,0x00000000a449c958,0x00000000a7980000)
 Metaspace       used 80701K, capacity 83990K, committed 84248K, reserved 1122304K
  class space    used 10561K, capacity 11230K, committed 11304K, reserved 1048576K
}
Event: 828.222 GC heap before
{Heap before GC invocations=32 (full 4):
 PSYoungGen      total 211968K, used 210846K [0x00000000e0000000, 0x00000000efc80000, 0x0000000100000000)
  eden space 187392K, 100% used [0x00000000e0000000,0x00000000eb700000,0x00000000eb700000)
  from space 24576K, 95% used [0x00000000eb700000,0x00000000ecde7978,0x00000000ecf00000)
  to   space 28160K, 0% used [0x00000000ee100000,0x00000000ee100000,0x00000000efc80000)
 ParOldGen       total 124416K, used 70258K [0x00000000a0000000, 0x00000000a7980000, 0x00000000e0000000)
  object space 124416K, 56% used [0x00000000a0000000,0x00000000a449c958,0x00000000a7980000)
 Metaspace       used 84713K, capacity 88236K, committed 88344K, reserved 1126400K
  class space    used 10984K, capacity 11729K, committed 11816K, reserved 1048576K
Event: 830.325 GC heap after
Heap after GC invocations=32 (full 4):
 PSYoungGen      total 224256K, used 28129K [0x00000000e0000000, 0x00000000f1080000, 0x0000000100000000)
  eden space 196096K, 0% used [0x00000000e0000000,0x00000000e0000000,0x00000000ebf80000)
  from space 28160K, 99% used [0x00000000ee100000,0x00000000efc785c0,0x00000000efc80000)
  to   space 34304K, 0% used [0x00000000ebf80000,0x00000000ebf80000,0x00000000ee100000)
 ParOldGen       total 124416K, used 74356K [0x00000000a0000000, 0x00000000a7980000, 0x00000000e0000000)
  object space 124416K, 59% used [0x00000000a0000000,0x00000000a489d320,0x00000000a7980000)
 Metaspace       used 84713K, capacity 88236K, committed 88344K, reserved 1126400K
  class space    used 10984K, capacity 11729K, committed 11816K, reserved 1048576K
}
Event: 1104.933 GC heap before
{Heap before GC invocations=33 (full 4):
 PSYoungGen      total 224256K, used 224225K [0x00000000e0000000, 0x00000000f1080000, 0x0000000100000000)
  eden space 196096K, 100% used [0x00000000e0000000,0x00000000ebf80000,0x00000000ebf80000)
  from space 28160K, 99% used [0x00000000ee100000,0x00000000efc785c0,0x00000000efc80000)
  to   space 34304K, 0% used [0x00000000ebf80000,0x00000000ebf80000,0x00000000ee100000)
 ParOldGen       total 124416K, used 74356K [0x00000000a0000000, 0x00000000a7980000, 0x00000000e0000000)
  object space 124416K, 59% used [0x00000000a0000000,0x00000000a489d320,0x00000000a7980000)
 Metaspace       used 85663K, capacity 89564K, committed 89752K, reserved 1126400K
  class space    used 11073K, capacity 11863K, committed 11944K, reserved 1048576K
Event: 1107.391 GC heap after
Heap after GC invocations=33 (full 4):
 PSYoungGen      total 230400K, used 25611K [0x00000000e0000000, 0x00000000f1c00000, 0x0000000100000000)
  eden space 196096K, 0% used [0x00000000e0000000,0x00000000e0000000,0x00000000ebf80000)
  from space 34304K, 74% used [0x00000000ebf80000,0x00000000ed882ea8,0x00000000ee100000)
  to   space 36352K, 0% used [0x00000000ef880000,0x00000000ef880000,0x00000000f1c00000)
 ParOldGen       total 124416K, used 76148K [0x00000000a0000000, 0x00000000a7980000, 0x00000000e0000000)
  object space 124416K, 61% used [0x00000000a0000000,0x00000000a4a5d350,0x00000000a7980000)
 Metaspace       used 85663K, capacity 89564K, committed 89752K, reserved 1126400K
  class space    used 11073K, capacity 11863K, committed 11944K, reserved 1048576K
}
Event: 1133.212 GC heap before
{Heap before GC invocations=34 (full 4):
 PSYoungGen      total 230400K, used 221707K [0x00000000e0000000, 0x00000000f1c00000, 0x0000000100000000)
  eden space 196096K, 100% used [0x00000000e0000000,0x00000000ebf80000,0x00000000ebf80000)
  from space 34304K, 74% used [0x00000000ebf80000,0x00000000ed882ea8,0x00000000ee100000)
  to   space 36352K, 0% used [0x00000000ef880000,0x00000000ef880000,0x00000000f1c00000)
 ParOldGen       total 124416K, used 76148K [0x00000000a0000000, 0x00000000a7980000, 0x00000000e0000000)
  object space 124416K, 61% used [0x00000000a0000000,0x00000000a4a5d350,0x00000000a7980000)
 Metaspace       used 87051K, capacity 90976K, committed 91160K, reserved 1128448K
  class space    used 11203K, capacity 12007K, committed 12072K, reserved 1048576K
Event: 1133.633 GC heap after
Heap after GC invocations=34 (full 4):
 PSYoungGen      total 241664K, used 36344K [0x00000000e0000000, 0x00000000f3480000, 0x0000000100000000)
  eden space 205312K, 0% used [0x00000000e0000000,0x00000000e0000000,0x00000000ec880000)
  from space 36352K, 99% used [0x00000000ef880000,0x00000000f1bfe340,0x00000000f1c00000)
  to   space 49152K, 0% used [0x00000000ec880000,0x00000000ec880000,0x00000000ef880000)
 ParOldGen       total 124416K, used 94343K [0x00000000a0000000, 0x00000000a7980000, 0x00000000e0000000)
  object space 124416K, 75% used [0x00000000a0000000,0x00000000a5c21e68,0x00000000a7980000)
 Metaspace       used 87051K, capacity 90976K, committed 91160K, reserved 1128448K
  class space    used 11203K, capacity 12007K, committed 12072K, reserved 1048576K
}

Deoptimization events (10 events):
Event: 1153.024 Thread 0x000000001dce6000 Uncommon trap: reason=class_check action=maybe_recompile pc=0x0000000005256528 method=com.google.gson.stream.JsonWriter.beforeName()V @ 16
Event: 1153.024 Thread 0x000000001dce6000 Uncommon trap: reason=class_check action=maybe_recompile pc=0x0000000005258548 method=com.google.gson.stream.JsonWriter.beforeValue()V @ 111
Event: 1153.025 Thread 0x000000001dce6000 Uncommon trap: reason=class_check action=maybe_recompile pc=0x0000000005258548 method=com.google.gson.stream.JsonWriter.beforeValue()V @ 111
Event: 1153.025 Thread 0x000000001dce6000 Uncommon trap: reason=class_check action=maybe_recompile pc=0x0000000005256528 method=com.google.gson.stream.JsonWriter.beforeName()V @ 16
Event: 1153.026 Thread 0x000000001dce6000 Uncommon trap: reason=class_check action=maybe_recompile pc=0x0000000005256528 method=com.google.gson.stream.JsonWriter.beforeName()V @ 16
Event: 1153.026 Thread 0x000000001dce6000 Uncommon trap: reason=class_check action=maybe_recompile pc=0x0000000005b4e098 method=com.google.gson.stream.JsonWriter.beforeName()V @ 16
Event: 1153.026 Thread 0x000000001dce6000 Uncommon trap: reason=class_check action=maybe_recompile pc=0x0000000005256528 method=com.google.gson.stream.JsonWriter.beforeName()V @ 16
Event: 1153.136 Thread 0x000000001dce9000 Uncommon trap: reason=unstable_if action=reinterpret pc=0x000000000572f364 method=org.gradle.cache.internal.btree.BTreePersistentIndexedCache$DataBlock.useNewValue(Ljava/lang/Object;)Lorg/gradle/cache/internal/btree/BTreePersistentIndexedCache$DataBlockUp
Event: 1153.141 Thread 0x000000001dce9000 Uncommon trap: reason=unstable_if action=reinterpret pc=0x0000000005707468 method=org.gradle.cache.internal.btree.FreeListBlockStore$FreeListBlock.alloc(Lorg/gradle/cache/internal/btree/Block;)V @ 72
Event: 1153.148 Thread 0x000000001dce9000 Uncommon trap: reason=unstable_if action=reinterpret pc=0x0000000004795010 method=java.io.BufferedOutputStream.write([BII)V @ 6

Classes redefined (0 events):
No events

Internal exceptions (10 events):
Event: 1134.044 Thread 0x000000001dce8800 Implicit null exception at 0x000000000582dd93 to 0x000000000582e4cf
Event: 1134.608 Thread 0x000000001dce8800 Implicit null exception at 0x0000000005b01ff7 to 0x0000000005b042d9
Event: 1142.150 Thread 0x000000001dce8800 Implicit null exception at 0x0000000005b3843a to 0x0000000005b36065
Event: 1142.557 Thread 0x000000001dce8800 Exception <a 'java/lang/NoSuchMethodError': <clinit>> (0x00000000e318a320) thrown at [D:\src\AOSP-openjdk-cygwin\jdk8u\hotspot\src\share\vm\prims\jni.cpp, line 1614]
Event: 1142.579 Thread 0x000000001dce8800 Exception <a 'java/lang/NoSuchMethodError': <clinit>> (0x00000000e3be6820) thrown at [D:\src\AOSP-openjdk-cygwin\jdk8u\hotspot\src\share\vm\prims\jni.cpp, line 1614]
Event: 1142.592 Thread 0x000000001dce8800 Exception <a 'java/lang/NoSuchMethodError': <clinit>> (0x00000000e3c01d70) thrown at [D:\src\AOSP-openjdk-cygwin\jdk8u\hotspot\src\share\vm\prims\jni.cpp, line 1614]
Event: 1142.593 Thread 0x000000001dce8800 Exception <a 'java/lang/NoSuchMethodError': <clinit>> (0x00000000e3c06c58) thrown at [D:\src\AOSP-openjdk-cygwin\jdk8u\hotspot\src\share\vm\prims\jni.cpp, line 1614]
Event: 1142.604 Thread 0x000000001dce8800 Exception <a 'java/lang/NoSuchMethodError': <clinit>> (0x00000000e3c172f0) thrown at [D:\src\AOSP-openjdk-cygwin\jdk8u\hotspot\src\share\vm\prims\jni.cpp, line 1614]
Event: 1146.633 Thread 0x000000001dce6000 Exception <a 'java/lang/NoSuchMethodError': <clinit>> (0x00000000e74c9468) thrown at [D:\src\AOSP-openjdk-cygwin\jdk8u\hotspot\src\share\vm\prims\jni.cpp, line 1614]
Event: 1152.590 Thread 0x000000001dce6000 Implicit null exception at 0x000000000305aa16 to 0x000000000305ada9

Events (10 events):
Event: 1153.136 Thread 0x000000001dce9000 DEOPT PACKING pc=0x000000000572f364 sp=0x000000002a4bee80
Event: 1153.136 Thread 0x000000001dce9000 DEOPT UNPACKING pc=0x0000000002db557b sp=0x000000002a4bed70 mode 2
Event: 1153.139 Thread 0x000000001dce9000 Uncommon trap: trap_request=0xffffff65 fr.pc=0x0000000005707468
Event: 1153.141 Thread 0x000000001dce9000 DEOPT PACKING pc=0x0000000005707468 sp=0x000000002a4bec80
Event: 1153.141 Thread 0x000000001dce9000 DEOPT UNPACKING pc=0x0000000002db557b sp=0x000000002a4beca0 mode 2
Event: 1153.148 Thread 0x000000001dce9000 Uncommon trap: trap_request=0xffffff65 fr.pc=0x0000000004795010
Event: 1153.148 Thread 0x000000001dce9000 DEOPT PACKING pc=0x0000000004795010 sp=0x000000002a4bea40
Event: 1153.148 Thread 0x000000001dce9000 DEOPT UNPACKING pc=0x0000000002db557b sp=0x000000002a4bea10 mode 2
Event: 1153.241 Executing VM operation: RevokeBias
Event: 1153.241 Executing VM operation: RevokeBias done


Dynamic libraries:
0x00007ff643c00000 - 0x00007ff643c31000 	C:\Program Files\Android\Android Studio\jre\bin\java.exe
0x00007ffb3d650000 - 0x00007ffb3d822000 	C:\WINDOWS\SYSTEM32\ntdll.dll
0x00007ffb3c8a0000 - 0x00007ffb3c94c000 	C:\WINDOWS\System32\KERNEL32.DLL
0x00007ffb39de0000 - 0x00007ffb39ffd000 	C:\WINDOWS\System32\KERNELBASE.dll
0x00007ffb3d490000 - 0x00007ffb3d532000 	C:\WINDOWS\System32\ADVAPI32.dll
0x00007ffb3caa0000 - 0x00007ffb3cb3e000 	C:\WINDOWS\System32\msvcrt.dll
0x00007ffb3d430000 - 0x00007ffb3d489000 	C:\WINDOWS\System32\sechost.dll
0x00007ffb3d260000 - 0x00007ffb3d381000 	C:\WINDOWS\System32\RPCRT4.dll
0x00007ffb3c2f0000 - 0x00007ffb3c455000 	C:\WINDOWS\System32\USER32.dll
0x00007ffb3a3d0000 - 0x00007ffb3a3ee000 	C:\WINDOWS\System32\win32u.dll
0x00007ffb3d390000 - 0x00007ffb3d3c4000 	C:\WINDOWS\System32\GDI32.dll
0x00007ffb3a250000 - 0x00007ffb3a3d0000 	C:\WINDOWS\System32\gdi32full.dll
0x00007ffb27990000 - 0x00007ffb27c0a000 	C:\WINDOWS\WinSxS\amd64_microsoft.windows.common-controls_6595b64144ccf1df_6.0.14393.953_none_42151e83c686086b\COMCTL32.dll
0x00007ffb3c4d0000 - 0x00007ffb3c798000 	C:\WINDOWS\System32\combase.dll
0x00007ffb3a150000 - 0x00007ffb3a245000 	C:\WINDOWS\System32\ucrtbase.dll
0x00007ffb39d20000 - 0x00007ffb39d8a000 	C:\WINDOWS\System32\bcryptPrimitives.dll
0x00007ffb3c7a0000 - 0x00007ffb3c7ce000 	C:\WINDOWS\System32\IMM32.DLL
0x000000005c180000 - 0x000000005c252000 	C:\Program Files\Android\Android Studio\jre\jre\bin\msvcr100.dll
0x000000005c260000 - 0x000000005caa6000 	C:\Program Files\Android\Android Studio\jre\jre\bin\server\jvm.dll
0x00007ffb3d640000 - 0x00007ffb3d648000 	C:\WINDOWS\System32\PSAPI.DLL
0x00007ffb37b80000 - 0x00007ffb37ba3000 	C:\WINDOWS\SYSTEM32\WINMM.dll
0x00007ffb2c5d0000 - 0x00007ffb2c5d9000 	C:\WINDOWS\SYSTEM32\WSOCK32.dll
0x00007ffb36690000 - 0x00007ffb3669a000 	C:\WINDOWS\SYSTEM32\VERSION.dll
0x00007ffb3d130000 - 0x00007ffb3d19a000 	C:\WINDOWS\System32\WS2_32.dll
0x00007ffb379a0000 - 0x00007ffb379cb000 	C:\WINDOWS\SYSTEM32\WINMMBASE.dll
0x00007ffb39d90000 - 0x00007ffb39dd2000 	C:\WINDOWS\System32\cfgmgr32.dll
0x00007ffb362a0000 - 0x00007ffb362af000 	C:\Program Files\Android\Android Studio\jre\jre\bin\verify.dll
0x00007ffb2a100000 - 0x00007ffb2a129000 	C:\Program Files\Android\Android Studio\jre\jre\bin\java.dll
0x00007ffb2a0e0000 - 0x00007ffb2a0f6000 	C:\Program Files\Android\Android Studio\jre\jre\bin\zip.dll
0x00007ffb3ad40000 - 0x00007ffb3c249000 	C:\WINDOWS\System32\SHELL32.dll
0x00007ffb3a4a0000 - 0x00007ffb3ab79000 	C:\WINDOWS\System32\windows.storage.dll
0x00007ffb39b00000 - 0x00007ffb39b4c000 	C:\WINDOWS\System32\powrprof.dll
0x00007ffb3d3d0000 - 0x00007ffb3d422000 	C:\WINDOWS\System32\shlwapi.dll
0x00007ffb39af0000 - 0x00007ffb39aff000 	C:\WINDOWS\System32\kernel.appcore.dll
0x00007ffb3a3f0000 - 0x00007ffb3a499000 	C:\WINDOWS\System32\shcore.dll
0x00007ffb39ac0000 - 0x00007ffb39ad4000 	C:\WINDOWS\System32\profapi.dll
0x00007ffb2a0c0000 - 0x00007ffb2a0da000 	C:\Program Files\Android\Android Studio\jre\jre\bin\net.dll
0x00007ffb39390000 - 0x00007ffb393ec000 	C:\WINDOWS\system32\mswsock.dll
0x00007ffb2a0a0000 - 0x00007ffb2a0b1000 	C:\Program Files\Android\Android Studio\jre\jre\bin\nio.dll
0x00007ffb33a70000 - 0x00007ffb33a96000 	C:\Users\Acer\.gradle\native\29\windows-amd64\native-platform.dll
0x00007ffb35f30000 - 0x00007ffb35f3d000 	C:\Program Files\Android\Android Studio\jre\jre\bin\management.dll
0x00007ffb39530000 - 0x00007ffb39547000 	C:\WINDOWS\SYSTEM32\CRYPTSP.dll
0x00007ffb38f90000 - 0x00007ffb38fc3000 	C:\WINDOWS\system32\rsaenh.dll
0x00007ffb39a00000 - 0x00007ffb39a2b000 	C:\WINDOWS\SYSTEM32\bcrypt.dll
0x00007ffb39210000 - 0x00007ffb3922f000 	C:\WINDOWS\SYSTEM32\USERENV.dll
0x00007ffb399f0000 - 0x00007ffb399fb000 	C:\WINDOWS\SYSTEM32\CRYPTBASE.dll
0x00007ffb39110000 - 0x00007ffb39148000 	C:\WINDOWS\SYSTEM32\IPHLPAPI.DLL
0x00007ffb3c7d0000 - 0x00007ffb3c7d8000 	C:\WINDOWS\System32\NSI.dll
0x00007ffb32da0000 - 0x00007ffb32db6000 	C:\WINDOWS\SYSTEM32\dhcpcsvc6.DLL
0x00007ffb33010000 - 0x00007ffb3302a000 	C:\WINDOWS\SYSTEM32\dhcpcsvc.DLL
0x00007ffb362f0000 - 0x00007ffb36314000 	C:\Program Files\Android\Android Studio\jre\jre\bin\sunec.dll
0x00007ffb39150000 - 0x00007ffb391f1000 	C:\WINDOWS\SYSTEM32\DNSAPI.dll
0x00007ffb2b340000 - 0x00007ffb2b34a000 	C:\Windows\System32\rasadhlp.dll
0x00007ffb328b0000 - 0x00007ffb3291a000 	C:\WINDOWS\System32\fwpuclnt.dll
0x00007ffb362e0000 - 0x00007ffb362eb000 	C:\Program Files\Android\Android Studio\jre\jre\bin\sunmscapi.dll
0x00007ffb39b50000 - 0x00007ffb39d19000 	C:\WINDOWS\System32\CRYPT32.dll
0x00007ffb39ae0000 - 0x00007ffb39af0000 	C:\WINDOWS\System32\MSASN1.dll

VM Arguments:
jvm_args: -Xmx1536m -Dfile.encoding=windows-1251 -Duser.country=BG -Duser.language=bg -Duser.variant 
java_command: org.gradle.launcher.daemon.bootstrap.GradleDaemon 5.4.1
java_class_path (initial): C:\Users\Acer\.gradle\wrapper\dists\gradle-5.4.1-all\3221gyojl5jsh0helicew7rwx\gradle-5.4.1\lib\gradle-launcher-5.4.1.jar
Launcher Type: SUN_STANDARD

Environment Variables:
PATH=C:\Program Files (x86)\Common Files\Oracle\Java\javapath;C:\eclipse\jre\bin\javawexe;C:\Program Files\Git\cmd;C:\Program Files\Java\jdk-12\bin
USERNAME=Acer
OS=Windows_NT
PROCESSOR_IDENTIFIER=Intel64 Family 6 Model 92 Stepping 9, GenuineIntel



---------------  S Y S T E M  ---------------

OS: Windows 10.0 , 64 bit Build 14393 (10.0.14393.2214)

CPU:total 4 (initial active 4) (4 cores per cpu, 1 threads per core) family 6 model 92 stepping 9, cmov, cx8, fxsr, mmx, sse, sse2, sse3, ssse3, sse4.1, sse4.2, popcnt, aes, clmul, erms, 3dnowpref, tsc, tscinvbit

Memory: 4k page, physical 1921248k(190792k free), swap 4801896k(4648k free)

vm_info: OpenJDK 64-Bit Server VM (25.202-b03) for windows-amd64 JRE (1.8.0_202-release-1483-b03), built by "builder" with MS VC++ 10.0 (VS2010)

time: Sat May 23 02:38:17 2020
timezone: Финландия - лятно часово време
elapsed time: 1153 seconds (0d 0h 19m 13s)

