#
# There is insufficient memory for the Java Runtime Environment to continue.
# Native memory allocation (malloc) failed to allocate 1935696 bytes for Chunk::new
# Possible reasons:
#   The system is out of physical RAM or swap space
#   The process is running with CompressedOops enabled, and the Java Heap may be blocking the growth of the native heap
# Possible solutions:
#   Reduce memory load on the system
#   Increase physical memory or swap space
#   Check if swap backing store is full
#   Decrease Java heap size (-Xmx/-Xms)
#   Decrease number of Java threads
#   Decrease Java thread stack sizes (-Xss)
#   Set larger code cache with -XX:ReservedCodeCacheSize=
#   JVM is running with Unscaled Compressed Oops mode in which the Java heap is
#     placed in the first 4GB address space. The Java Heap base address is the
#     maximum limit for the native heap growth. Please use -XX:HeapBaseMinAddress
#     to set the Java Heap base and to place the Java Heap above 4GB virtual address.
# This output file may be truncated or incomplete.
#
#  Out of Memory Error (allocation.cpp:389), pid=5940, tid=0x000000000000138c
#
# JRE version: OpenJDK Runtime Environment (8.0_202-b03) (build 1.8.0_202-release-1483-b03)
# Java VM: OpenJDK 64-Bit Server VM (25.202-b03 mixed mode windows-amd64 compressed oops)
# Failed to write core dump. Minidumps are not enabled by default on client versions of Windows
#

---------------  T H R E A D  ---------------

Current thread (0x0000000015fc4800):  JavaThread "C2 CompilerThread0" daemon [_thread_in_native, id=5004, stack(0x0000000017610000,0x0000000017710000)]

Stack: [0x0000000017610000,0x0000000017710000]
[error occurred during error reporting (printing stack bounds), id 0xc0000005]

Native frames: (J=compiled Java code, j=interpreted, Vv=VM code, C=native code)


Current CompileTask:
C2:22027755 28160 %     4       com.android.tools.r8.ir.optimize.P::a @ 118 (840 bytes)


---------------  P R O C E S S  ---------------

Java Threads: ( => current thread )
  0x000000001c7b8000 JavaThread "WorkerExecutor Queue Thread 7" [_thread_blocked, id=7632, stack(0x0000000040580000,0x0000000040680000)]
  0x000000001dd06000 JavaThread "WorkerExecutor Queue Thread 4" [_thread_blocked, id=3836, stack(0x000000003fe80000,0x000000003ff80000)]
  0x0000000025d5b800 JavaThread "Cache worker for Java compile cache (C:\Users\Acer\AndroidStudioProjects\TripOrganizer\.gradle\5.4.1\javaCompile)" [_thread_blocked, id=6712, stack(0x000000003f880000,0x000000003f980000)]
  0x0000000025d59000 JavaThread "WorkerExecutor Queue" [_thread_blocked, id=3608, stack(0x000000003f780000,0x000000003f880000)]
  0x0000000025d5d800 JavaThread "Cache worker for execution history cache (C:\Users\Acer\AndroidStudioProjects\TripOrganizer\.gradle\5.4.1\executionHistory)" [_thread_in_native, id=4620, stack(0x000000003f380000,0x000000003f480000)]
  0x0000000025d51800 JavaThread "Execution worker for ':' Thread 3" [_thread_blocked, id=2712, stack(0x000000003f280000,0x000000003f380000)]
  0x0000000025d57800 JavaThread "Execution worker for ':' Thread 2" [_thread_blocked, id=1288, stack(0x000000003f180000,0x000000003f280000)]
  0x0000000025d58800 JavaThread "Execution worker for ':'" [_thread_in_vm, id=1076, stack(0x000000003f080000,0x000000003f180000)]
  0x0000000025d54000 JavaThread "Cache worker for file content cache (C:\Users\Acer\AndroidStudioProjects\TripOrganizer\.gradle\5.4.1\fileContent)" [_thread_blocked, id=7376, stack(0x000000003ef80000,0x000000003f080000)]
  0x0000000025d52800 JavaThread "Cache worker for Build Output Cleanup Cache (C:\Users\Acer\AndroidStudioProjects\TripOrganizer\.gradle\buildOutputCleanup)" [_thread_blocked, id=7072, stack(0x000000003ee80000,0x000000003ef80000)]
  0x0000000025d51000 JavaThread "Build operations Thread 4" [_thread_blocked, id=4136, stack(0x000000003ed80000,0x000000003ee80000)]
  0x0000000025d57000 JavaThread "Build operations Thread 3" [_thread_blocked, id=4448, stack(0x000000003ec80000,0x000000003ed80000)]
  0x0000000025d50000 JavaThread "Build operations Thread 2" [_thread_blocked, id=8104, stack(0x000000003eb80000,0x000000003ec80000)]
  0x000000001c4ec800 JavaThread "Build operations" [_thread_blocked, id=5580, stack(0x000000003ea80000,0x000000003eb80000)]
  0x000000001c4f1800 JavaThread "Cache worker for cache directory md-rule (C:\Users\Acer\.gradle\caches\5.4.1\md-rule)" [_thread_blocked, id=2976, stack(0x000000003e980000,0x000000003ea80000)]
  0x000000001c4ee000 JavaThread "Cache worker for cache directory md-supplier (C:\Users\Acer\.gradle\caches\5.4.1\md-supplier)" [_thread_blocked, id=7528, stack(0x000000003e880000,0x000000003e980000)]
  0x000000001c4f3000 JavaThread "Cache worker for file hash cache (C:\Users\Acer\AndroidStudioProjects\TripOrganizer\.gradle\5.4.1\fileHashes)" [_thread_blocked, id=3828, stack(0x000000003e780000,0x000000003e880000)]
  0x000000001c4f1000 JavaThread "Thread-298" [_thread_blocked, id=8092, stack(0x000000003e680000,0x000000003e780000)]
  0x000000001c4e6800 JavaThread "Asynchronous log dispatcher for DefaultDaemonConnection: socket connection from /127.0.0.1:53720 to /127.0.0.1:54404" [_thread_blocked, id=7476, stack(0x000000003e480000,0x000000003e580000)]
  0x000000001c4e9800 JavaThread "Daemon worker Thread 12" [_thread_blocked, id=1124, stack(0x000000003e380000,0x000000003e480000)]
  0x000000001c4e4000 JavaThread "Cancel handler" [_thread_blocked, id=4788, stack(0x000000003e280000,0x000000003e380000)]
  0x000000001c4e8800 JavaThread "Handler for socket connection from /127.0.0.1:53720 to /127.0.0.1:54404" [_thread_in_native, id=3788, stack(0x000000003e180000,0x000000003e280000)]
  0x000000001c4e5800 JavaThread "Daemon Thread 12" [_thread_blocked, id=7016, stack(0x000000003e080000,0x000000003e180000)]
  0x000000001c4eb000 JavaThread "RMI RenewClean-[127.0.0.1:17948,org.jetbrains.kotlin.daemon.common.LoopbackNetworkInterface$ClientLoopbackSocketFactory@7eb05a1c]" daemon [_thread_blocked, id=6256, stack(0x000000003dc80000,0x000000003dd80000)]
  0x000000001c4e5000 JavaThread "RMI RenewClean-[127.0.0.1:17816,org.jetbrains.kotlin.daemon.common.LoopbackNetworkInterface$ClientLoopbackSocketFactory@69b04daf]" daemon [_thread_blocked, id=6004, stack(0x000000003da80000,0x000000003db80000)]
  0x0000000025d54800 JavaThread "RMI Reaper" [_thread_blocked, id=3628, stack(0x000000003c280000,0x000000003c380000)]
  0x0000000025d53000 JavaThread "RMI RenewClean-[127.0.0.1:17914,org.jetbrains.kotlin.daemon.common.LoopbackNetworkInterface$ClientLoopbackSocketFactory@19eb925c]" daemon [_thread_blocked, id=5212, stack(0x000000003c180000,0x000000003c280000)]
  0x0000000025d4f800 JavaThread "GC Daemon" daemon [_thread_blocked, id=7256, stack(0x000000003bf80000,0x000000003c080000)]
  0x0000000025d55800 JavaThread "RMI RenewClean-[127.0.0.1:17921,org.jetbrains.kotlin.daemon.common.LoopbackNetworkInterface$ClientLoopbackSocketFactory@58363621]" daemon [_thread_blocked, id=1812, stack(0x000000003be80000,0x000000003bf80000)]
  0x000000001c7bb000 JavaThread "Cache worker for Java compile cache (C:\Users\Acer\.gradle\caches\5.4.1\javaCompile)" [_thread_blocked, id=4524, stack(0x00000000247b0000,0x00000000248b0000)]
  0x000000001c7b7000 JavaThread "RMI TCP Accept-0" daemon [_thread_in_native, id=1792, stack(0x00000000243b0000,0x00000000244b0000)]
  0x000000001c7ba000 JavaThread "RMI Scheduler(0)" daemon [_thread_blocked, id=3868, stack(0x0000000023eb0000,0x0000000023fb0000)]
  0x000000001dcfa000 JavaThread "Cache worker for file content cache (C:\Users\Acer\.gradle\caches\5.4.1\fileContent)" [_thread_blocked, id=188, stack(0x00000000231b0000,0x00000000232b0000)]
  0x000000001dcfb800 JavaThread "Memory manager" [_thread_blocked, id=6232, stack(0x0000000021c70000,0x0000000021d70000)]
  0x000000001dcff800 JavaThread "Cache worker for execution history cache (C:\Users\Acer\.gradle\caches\5.4.1\executionHistory)" [_thread_blocked, id=7832, stack(0x0000000020250000,0x0000000020350000)]
  0x00000000194ed800 JavaThread "Cache worker for journal cache (C:\Users\Acer\.gradle\caches\journal-1)" [_thread_blocked, id=6180, stack(0x000000001ab50000,0x000000001ac50000)]
  0x00000000194f1800 JavaThread "File lock request listener" [_thread_in_native, id=6216, stack(0x000000001aa50000,0x000000001ab50000)]
  0x00000000194ec000 JavaThread "Cache worker for file hash cache (C:\Users\Acer\.gradle\caches\5.4.1\fileHashes)" [_thread_blocked, id=2940, stack(0x000000001a950000,0x000000001aa50000)]
  0x00000000193c8800 JavaThread "Daemon periodic checks" [_thread_blocked, id=5824, stack(0x0000000019f50000,0x000000001a050000)]
  0x0000000018d31000 JavaThread "Incoming local TCP Connector on port 53720" [_thread_in_native, id=7916, stack(0x0000000019d20000,0x0000000019e20000)]
  0x000000001935c800 JavaThread "Daemon health stats" [_thread_blocked, id=7772, stack(0x00000000196e0000,0x00000000197e0000)]
  0x0000000017836800 JavaThread "Service Thread" daemon [_thread_blocked, id=6688, stack(0x0000000017d10000,0x0000000017e10000)]
  0x000000001601e800 JavaThread "C1 CompilerThread2" daemon [_thread_blocked, id=1808, stack(0x0000000017c10000,0x0000000017d10000)]
  0x0000000016012800 JavaThread "C2 CompilerThread1" daemon [_thread_in_native, id=7776, stack(0x0000000017710000,0x0000000017810000)]
=>0x0000000015fc4800 JavaThread "C2 CompilerThread0" daemon [_thread_in_native, id=5004, stack(0x0000000017610000,0x0000000017710000)]
  0x0000000015fc3000 JavaThread "Attach Listener" daemon [_thread_blocked, id=7588, stack(0x0000000017510000,0x0000000017610000)]
  0x0000000015fc1800 JavaThread "Signal Dispatcher" daemon [_thread_blocked, id=1308, stack(0x0000000017410000,0x0000000017510000)]
  0x000000000264a800 JavaThread "Finalizer" daemon [_thread_blocked, id=520, stack(0x0000000017220000,0x0000000017320000)]
  0x0000000015fa9000 JavaThread "Reference Handler" daemon [_thread_blocked, id=5680, stack(0x0000000017120000,0x0000000017220000)]
  0x000000000244d800 JavaThread "main" [_thread_blocked, id=3348, stack(0x0000000002450000,0x0000000002550000)]

Other Threads:
  0x0000000015f86000 VMThread [stack: 0x0000000017020000,0x0000000017120000] [id=2164]
  0x0000000017837800 WatcherThread [stack: 0x0000000017e10000,0x0000000017f10000] [id=4812]

VM state:not at safepoint (normal execution)

VM Mutex/Monitor currently owned by a thread: None

heap address: 0x00000000a0000000, size: 1536 MB, Compressed Oops mode: 32-bit
Narrow klass base: 0x0000000000000000, Narrow klass shift: 3
Compressed class space size: 1073741824 Address: 0x0000000100000000

Heap:
 PSYoungGen      total 406528K, used 192045K [0x00000000e0000000, 0x00000000ffe80000, 0x0000000100000000)
  eden space 352768K, 46% used [0x00000000e0000000,0x00000000ea1b1150,0x00000000f5880000)
  from space 53760K, 49% used [0x00000000f5880000,0x00000000f725a3d0,0x00000000f8d00000)
  to   space 55296K, 0% used [0x00000000fc880000,0x00000000fc880000,0x00000000ffe80000)
 ParOldGen       total 115200K, used 69159K [0x00000000a0000000, 0x00000000a7080000, 0x00000000e0000000)
  object space 115200K, 60% used [0x00000000a0000000,0x00000000a4389cd8,0x00000000a7080000)
 Metaspace       used 107788K, capacity 112552K, committed 114392K, reserved 1148928K
  class space    used 13546K, capacity 14396K, committed 14848K, reserved 1048576K

Card table byte_map: [0x0000000011a10000,0x0000000011d20000] byte_map_base: 0x0000000011510000

Marking Bits: (ParMarkBitMap*) 0x0000000073829f30
 Begin Bits: [0x0000000012320000, 0x0000000013b20000)
 End Bits:   [0x0000000013b20000, 0x0000000015320000)

Polling page: 0x00000000007f0000

CodeCache: size=245760Kb used=80908Kb max_used=80908Kb free=164851Kb
 bounds [0x0000000002650000, 0x00000000075d0000, 0x0000000011650000]
 total_blobs=22139 nmethods=21185 adapters=864
 compilation: enabled

Compilation events (10 events):
Event: 22011.345 Thread 0x000000001601e800 28299       2       com.android.tools.r8.ir.code.BasicBlock::c (76 bytes)
Event: 22011.346 Thread 0x000000001601e800 nmethod 28299 0x0000000007580f10 code [0x0000000007581080, 0x0000000007581268]
Event: 22011.390 Thread 0x000000001601e800 28300       3       com.android.tools.r8.ir.conversion.IRBuilder::a (2002 bytes)
Event: 22011.407 Thread 0x000000001601e800 nmethod 28300 0x00000000075a0690 code [0x00000000075a1280, 0x00000000075a8ed8]
Event: 22011.424 Thread 0x000000001601e800 28301       2       org.gradle.internal.logging.source.PrintStreamLoggingSystem::install (87 bytes)
Event: 22011.451 Thread 0x000000001601e800 nmethod 28301 0x0000000007580890 code [0x0000000007580a40, 0x0000000007580da8]
Event: 22011.452 Thread 0x000000001601e800 28302       2       org.gradle.internal.logging.services.TextStreamOutputEventListener::onLogLevelChange (12 bytes)
Event: 22011.475 Thread 0x000000001601e800 nmethod 28302 0x0000000007580510 code [0x0000000007580660, 0x00000000075807d0]
Event: 22011.509 Thread 0x000000001601e800 28304       2       com.android.tools.r8.code.h0::<init> (44 bytes)
Event: 22011.510 Thread 0x000000001601e800 nmethod 28304 0x00000000075801d0 code [0x0000000007580320, 0x0000000007580470]

GC Heap History (10 events):
Event: 21893.564 GC heap before
{Heap before GC invocations=39 (full 6):
 PSYoungGen      total 360960K, used 313856K [0x00000000e0000000, 0x00000000f9a80000, 0x0000000100000000)
  eden space 313856K, 100% used [0x00000000e0000000,0x00000000f3280000,0x00000000f3280000)
  from space 47104K, 0% used [0x00000000f6480000,0x00000000f6480000,0x00000000f9280000)
  to   space 51200K, 0% used [0x00000000f3280000,0x00000000f3280000,0x00000000f6480000)
 ParOldGen       total 115200K, used 69135K [0x00000000a0000000, 0x00000000a7080000, 0x00000000e0000000)
  object space 115200K, 60% used [0x00000000a0000000,0x00000000a4383cd8,0x00000000a7080000)
 Metaspace       used 105303K, capacity 109864K, committed 112216K, reserved 1146880K
  class space    used 13395K, capacity 14192K, committed 14720K, reserved 1048576K
Event: 21898.655 GC heap after
Heap after GC invocations=39 (full 6):
 PSYoungGen      total 365056K, used 11056K [0x00000000e0000000, 0x00000000fbd80000, 0x0000000100000000)
  eden space 313856K, 0% used [0x00000000e0000000,0x00000000e0000000,0x00000000f3280000)
  from space 51200K, 21% used [0x00000000f3280000,0x00000000f3d4c040,0x00000000f6480000)
  to   space 49664K, 0% used [0x00000000f8d00000,0x00000000f8d00000,0x00000000fbd80000)
 ParOldGen       total 115200K, used 69135K [0x00000000a0000000, 0x00000000a7080000, 0x00000000e0000000)
  object space 115200K, 60% used [0x00000000a0000000,0x00000000a4383cd8,0x00000000a7080000)
 Metaspace       used 105303K, capacity 109864K, committed 112216K, reserved 1146880K
  class space    used 13395K, capacity 14192K, committed 14720K, reserved 1048576K
}
Event: 21942.667 GC heap before
{Heap before GC invocations=40 (full 6):
 PSYoungGen      total 365056K, used 324912K [0x00000000e0000000, 0x00000000fbd80000, 0x0000000100000000)
  eden space 313856K, 100% used [0x00000000e0000000,0x00000000f3280000,0x00000000f3280000)
  from space 51200K, 21% used [0x00000000f3280000,0x00000000f3d4c040,0x00000000f6480000)
  to   space 49664K, 0% used [0x00000000f8d00000,0x00000000f8d00000,0x00000000fbd80000)
 ParOldGen       total 115200K, used 69135K [0x00000000a0000000, 0x00000000a7080000, 0x00000000e0000000)
  object space 115200K, 60% used [0x00000000a0000000,0x00000000a4383cd8,0x00000000a7080000)
 Metaspace       used 106880K, capacity 111606K, committed 113496K, reserved 1148928K
  class space    used 13498K, capacity 14327K, committed 14720K, reserved 1048576K
Event: 21944.557 GC heap after
Heap after GC invocations=40 (full 6):
 PSYoungGen      total 402432K, used 39084K [0x00000000e0000000, 0x00000000fce80000, 0x0000000100000000)
  eden space 352768K, 0% used [0x00000000e0000000,0x00000000e0000000,0x00000000f5880000)
  from space 49664K, 78% used [0x00000000f8d00000,0x00000000fb32b1c8,0x00000000fbd80000)
  to   space 53760K, 0% used [0x00000000f5880000,0x00000000f5880000,0x00000000f8d00000)
 ParOldGen       total 115200K, used 69143K [0x00000000a0000000, 0x00000000a7080000, 0x00000000e0000000)
  object space 115200K, 60% used [0x00000000a0000000,0x00000000a4385cd8,0x00000000a7080000)
 Metaspace       used 106880K, capacity 111606K, committed 113496K, reserved 1148928K
  class space    used 13498K, capacity 14327K, committed 14720K, reserved 1048576K
}
Event: 21973.542 GC heap before
{Heap before GC invocations=41 (full 6):
 PSYoungGen      total 402432K, used 391852K [0x00000000e0000000, 0x00000000fce80000, 0x0000000100000000)
  eden space 352768K, 100% used [0x00000000e0000000,0x00000000f5880000,0x00000000f5880000)
  from space 49664K, 78% used [0x00000000f8d00000,0x00000000fb32b1c8,0x00000000fbd80000)
  to   space 53760K, 0% used [0x00000000f5880000,0x00000000f5880000,0x00000000f8d00000)
 ParOldGen       total 115200K, used 69143K [0x00000000a0000000, 0x00000000a7080000, 0x00000000e0000000)
  object space 115200K, 60% used [0x00000000a0000000,0x00000000a4385cd8,0x00000000a7080000)
 Metaspace       used 107430K, capacity 112174K, committed 114136K, reserved 1148928K
  class space    used 13515K, capacity 14373K, committed 14848K, reserved 1048576K
Event: 21976.141 GC heap after
Heap after GC invocations=41 (full 6):
 PSYoungGen      total 406528K, used 37437K [0x00000000e0000000, 0x00000000fce80000, 0x0000000100000000)
  eden space 352768K, 0% used [0x00000000e0000000,0x00000000e0000000,0x00000000f5880000)
  from space 53760K, 69% used [0x00000000f5880000,0x00000000f7d0f728,0x00000000f8d00000)
  to   space 49664K, 0% used [0x00000000f8d00000,0x00000000f8d00000,0x00000000fbd80000)
 ParOldGen       total 115200K, used 69151K [0x00000000a0000000, 0x00000000a7080000, 0x00000000e0000000)
  object space 115200K, 60% used [0x00000000a0000000,0x00000000a4387cd8,0x00000000a7080000)
 Metaspace       used 107430K, capacity 112174K, committed 114136K, reserved 1148928K
  class space    used 13515K, capacity 14373K, committed 14848K, reserved 1048576K
}
Event: 21993.797 GC heap before
{Heap before GC invocations=42 (full 6):
 PSYoungGen      total 406528K, used 390205K [0x00000000e0000000, 0x00000000fce80000, 0x0000000100000000)
  eden space 352768K, 100% used [0x00000000e0000000,0x00000000f5880000,0x00000000f5880000)
  from space 53760K, 69% used [0x00000000f5880000,0x00000000f7d0f728,0x00000000f8d00000)
  to   space 49664K, 0% used [0x00000000f8d00000,0x00000000f8d00000,0x00000000fbd80000)
 ParOldGen       total 115200K, used 69151K [0x00000000a0000000, 0x00000000a7080000, 0x00000000e0000000)
  object space 115200K, 60% used [0x00000000a0000000,0x00000000a4387cd8,0x00000000a7080000)
 Metaspace       used 107600K, capacity 112362K, committed 114136K, reserved 1148928K
  class space    used 13537K, capacity 14387K, committed 14848K, reserved 1048576K
Event: 21994.928 GC heap after
Heap after GC invocations=42 (full 6):
 PSYoungGen      total 402432K, used 34988K [0x00000000e0000000, 0x00000000fce80000, 0x0000000100000000)
  eden space 352768K, 0% used [0x00000000e0000000,0x00000000e0000000,0x00000000f5880000)
  from space 49664K, 70% used [0x00000000f8d00000,0x00000000faf2b148,0x00000000fbd80000)
  to   space 53760K, 0% used [0x00000000f5880000,0x00000000f5880000,0x00000000f8d00000)
 ParOldGen       total 115200K, used 69151K [0x00000000a0000000, 0x00000000a7080000, 0x00000000e0000000)
  object space 115200K, 60% used [0x00000000a0000000,0x00000000a4387cd8,0x00000000a7080000)
 Metaspace       used 107600K, capacity 112362K, committed 114136K, reserved 1148928K
  class space    used 13537K, capacity 14387K, committed 14848K, reserved 1048576K
}
Event: 22009.908 GC heap before
{Heap before GC invocations=43 (full 6):
 PSYoungGen      total 402432K, used 387756K [0x00000000e0000000, 0x00000000fce80000, 0x0000000100000000)
  eden space 352768K, 100% used [0x00000000e0000000,0x00000000f5880000,0x00000000f5880000)
  from space 49664K, 70% used [0x00000000f8d00000,0x00000000faf2b148,0x00000000fbd80000)
  to   space 53760K, 0% used [0x00000000f5880000,0x00000000f5880000,0x00000000f8d00000)
 ParOldGen       total 115200K, used 69151K [0x00000000a0000000, 0x00000000a7080000, 0x00000000e0000000)
  object space 115200K, 60% used [0x00000000a0000000,0x00000000a4387cd8,0x00000000a7080000)
 Metaspace       used 107765K, capacity 112542K, committed 114392K, reserved 1148928K
  class space    used 13545K, capacity 14395K, committed 14848K, reserved 1048576K
Event: 22010.017 GC heap after
Heap after GC invocations=43 (full 6):
 PSYoungGen      total 406528K, used 26472K [0x00000000e0000000, 0x00000000ffe80000, 0x0000000100000000)
  eden space 352768K, 0% used [0x00000000e0000000,0x00000000e0000000,0x00000000f5880000)
  from space 53760K, 49% used [0x00000000f5880000,0x00000000f725a3d0,0x00000000f8d00000)
  to   space 55296K, 0% used [0x00000000fc880000,0x00000000fc880000,0x00000000ffe80000)
 ParOldGen       total 115200K, used 69159K [0x00000000a0000000, 0x00000000a7080000, 0x00000000e0000000)
  object space 115200K, 60% used [0x00000000a0000000,0x00000000a4389cd8,0x00000000a7080000)
 Metaspace       used 107765K, capacity 112542K, committed 114392K, reserved 1148928K
  class space    used 13545K, capacity 14395K, committed 14848K, reserved 1048576K
}

Deoptimization events (10 events):
Event: 22006.071 Thread 0x0000000025d59000 Uncommon trap: reason=unstable_if action=reinterpret pc=0x00000000042c63a0 method=java.io.ObjectOutputStream$BlockDataOutputStream.writeShort(I)V @ 9
Event: 22006.078 Thread 0x0000000025d59000 Uncommon trap: reason=unstable_if action=reinterpret pc=0x000000000385d514 method=java.io.ObjectOutputStream$BlockDataOutputStream.writeByte(I)V @ 7
Event: 22006.081 Thread 0x0000000025d59000 Uncommon trap: reason=unstable_if action=reinterpret pc=0x0000000006978aec method=java.io.ObjectOutputStream$BlockDataOutputStream.writeInt(I)V @ 9
Event: 22006.211 Thread 0x0000000025d58800 Uncommon trap: reason=bimorphic action=maybe_recompile pc=0x0000000006ede308 method=com.android.tools.r8.ir.analysis.g.e.a(Lcom/android/tools/r8/ir/code/Phi;)V @ 91
Event: 22007.699 Thread 0x0000000025d58800 Uncommon trap: reason=class_check action=maybe_recompile pc=0x0000000007539a58 method=com.android.tools.r8.ir.optimize.CodeRewriter.f(Lcom/android/tools/r8/ir/code/IRCode;)V @ 955
Event: 22008.075 Thread 0x0000000025d58800 Uncommon trap: reason=speculate_class_check action=maybe_recompile pc=0x000000000735e854 method=com.android.tools.r8.ir.conversion.I.a()Lcom/android/tools/r8/graph/DexCode; @ 837
Event: 22009.208 Thread 0x0000000025d58800 Uncommon trap: reason=unstable_if action=reinterpret pc=0x00000000074ee420 method=com.android.tools.r8.ir.conversion.I.a(Lcom/android/tools/r8/ir/code/IRCode;)V @ 685
Event: 22010.218 Thread 0x0000000025d58800 Uncommon trap: reason=class_check action=maybe_recompile pc=0x0000000007504504 method=com.android.tools.r8.ir.optimize.CodeRewriter.i(Lcom/android/tools/r8/ir/code/IRCode;)V @ 987
Event: 22011.183 Thread 0x0000000025d58800 Uncommon trap: reason=class_check action=maybe_recompile pc=0x000000000587f540 method=com.android.tools.r8.ir.optimize.g.b(Lcom/android/tools/r8/ir/code/IRCode;)Z @ 358
Event: 22011.357 Thread 0x0000000025d58800 Uncommon trap: reason=unstable_if action=reinterpret pc=0x000000000758c7dc method=com.android.tools.r8.ir.conversion.N.traceInstruction(ILcom/android/tools/r8/ir/conversion/IRBuilder;)I @ 193

Classes redefined (0 events):
No events

Internal exceptions (10 events):
Event: 21965.484 Thread 0x000000001dd06000 Exception <a 'sun/nio/fs/WindowsException'> (0x00000000f1e47198) thrown at [D:\src\AOSP-openjdk-cygwin\jdk8u\hotspot\src\share\vm\prims\jni.cpp, line 710]
Event: 21965.606 Thread 0x000000001dd06000 Exception <a 'sun/nio/fs/WindowsException'> (0x00000000f1e50890) thrown at [D:\src\AOSP-openjdk-cygwin\jdk8u\hotspot\src\share\vm\prims\jni.cpp, line 710]
Event: 21965.822 Thread 0x000000001dd06000 Exception <a 'sun/nio/fs/WindowsException'> (0x00000000f1e5b710) thrown at [D:\src\AOSP-openjdk-cygwin\jdk8u\hotspot\src\share\vm\prims\jni.cpp, line 710]
Event: 21966.456 Thread 0x000000001dd06000 Exception <a 'sun/nio/fs/WindowsException'> (0x00000000f22f0e10) thrown at [D:\src\AOSP-openjdk-cygwin\jdk8u\hotspot\src\share\vm\prims\jni.cpp, line 710]
Event: 21966.497 Thread 0x000000001dd06000 Exception <a 'sun/nio/fs/WindowsException'> (0x00000000f22fae98) thrown at [D:\src\AOSP-openjdk-cygwin\jdk8u\hotspot\src\share\vm\prims\jni.cpp, line 710]
Event: 21966.600 Thread 0x000000001dd06000 Exception <a 'sun/nio/fs/WindowsException'> (0x00000000f2551bf0) thrown at [D:\src\AOSP-openjdk-cygwin\jdk8u\hotspot\src\share\vm\prims\jni.cpp, line 710]
Event: 21976.691 Thread 0x000000001c4e9800 Exception <a 'java/lang/NoSuchMethodError': <clinit>> (0x00000000e00ac948) thrown at [D:\src\AOSP-openjdk-cygwin\jdk8u\hotspot\src\share\vm\prims\jni.cpp, line 1614]
Event: 21982.740 Thread 0x000000001dd06000 Exception <a 'sun/nio/fs/WindowsException'> (0x00000000e8ca0a58) thrown at [D:\src\AOSP-openjdk-cygwin\jdk8u\hotspot\src\share\vm\prims\jni.cpp, line 710]
Event: 21987.031 Thread 0x000000001c7b8000 Exception <a 'sun/nio/fs/WindowsException'> (0x00000000effa32a0) thrown at [D:\src\AOSP-openjdk-cygwin\jdk8u\hotspot\src\share\vm\prims\jni.cpp, line 710]
Event: 22001.346 Thread 0x0000000025d51800 Exception <a 'sun/nio/fs/WindowsException'> (0x00000000e7af1818) thrown at [D:\src\AOSP-openjdk-cygwin\jdk8u\hotspot\src\share\vm\prims\jni.cpp, line 710]

Events (10 events):
Event: 22011.183 Thread 0x0000000025d58800 DEOPT UNPACKING pc=0x000000000269557b sp=0x000000003f17c710 mode 2
Event: 22011.303 Thread 0x0000000025d58800 DEOPT PACKING pc=0x000000000754f16e sp=0x000000003f17c6e0
Event: 22011.303 Thread 0x0000000025d58800 DEOPT UNPACKING pc=0x00000000026971d0 sp=0x000000003f17c608 mode 0
Event: 22011.351 Thread 0x0000000025d58800 DEOPT PACKING pc=0x0000000005802129 sp=0x000000003f17c6d0
Event: 22011.351 Thread 0x0000000025d58800 DEOPT UNPACKING pc=0x00000000026971d0 sp=0x000000003f17c7f0 mode 0
Event: 22011.357 Thread 0x0000000025d58800 Uncommon trap: trap_request=0xffffff65 fr.pc=0x000000000758c7dc
Event: 22011.374 Thread 0x0000000025d58800 DEOPT PACKING pc=0x000000000758c7dc sp=0x000000003f17c790
Event: 22011.374 Thread 0x0000000025d58800 DEOPT UNPACKING pc=0x000000000269557b sp=0x000000003f17c788 mode 2
Event: 22011.437 Thread 0x0000000025d58800 DEOPT PACKING pc=0x0000000005842b05 sp=0x000000003f17c9c0
Event: 22011.437 Thread 0x0000000025d58800 DEOPT UNPACKING pc=0x00000000026971d0 sp=0x000000003f17c800 mode 0


Dynamic libraries:
0x00007ff63f270000 - 0x00007ff63f2a1000 	C:\Program Files\Android\Android Studio\jre\bin\java.exe
0x00007ffaeb7f0000 - 0x00007ffaeb9c2000 	C:\WINDOWS\SYSTEM32\ntdll.dll
0x00007ffaeae20000 - 0x00007ffaeaecc000 	C:\WINDOWS\System32\KERNEL32.DLL
0x00007ffae80e0000 - 0x00007ffae82fd000 	C:\WINDOWS\System32\KERNELBASE.dll
0x00007ffaeb3f0000 - 0x00007ffaeb492000 	C:\WINDOWS\System32\ADVAPI32.dll
0x00007ffaead80000 - 0x00007ffaeae1e000 	C:\WINDOWS\System32\msvcrt.dll
0x00007ffaeb500000 - 0x00007ffaeb559000 	C:\WINDOWS\System32\sechost.dll
0x00007ffaeb560000 - 0x00007ffaeb681000 	C:\WINDOWS\System32\RPCRT4.dll
0x00007ffaeaa60000 - 0x00007ffaeabc5000 	C:\WINDOWS\System32\USER32.dll
0x00007ffae8300000 - 0x00007ffae831e000 	C:\WINDOWS\System32\win32u.dll
0x00007ffae8d80000 - 0x00007ffae8db4000 	C:\WINDOWS\System32\GDI32.dll
0x00007ffae8320000 - 0x00007ffae84a0000 	C:\WINDOWS\System32\gdi32full.dll
0x00007ffadbf80000 - 0x00007ffadc1fa000 	C:\WINDOWS\WinSxS\amd64_microsoft.windows.common-controls_6595b64144ccf1df_6.0.14393.953_none_42151e83c686086b\COMCTL32.dll
0x00007ffaea4c0000 - 0x00007ffaea788000 	C:\WINDOWS\System32\combase.dll
0x00007ffae85a0000 - 0x00007ffae8695000 	C:\WINDOWS\System32\ucrtbase.dll
0x00007ffae8070000 - 0x00007ffae80da000 	C:\WINDOWS\System32\bcryptPrimitives.dll
0x00007ffaea410000 - 0x00007ffaea43e000 	C:\WINDOWS\System32\IMM32.DLL
0x0000000072b00000 - 0x0000000072bd2000 	C:\Program Files\Android\Android Studio\jre\jre\bin\msvcr100.dll
0x0000000073060000 - 0x00000000738a6000 	C:\Program Files\Android\Android Studio\jre\jre\bin\server\jvm.dll
0x00007ffaeaa50000 - 0x00007ffaeaa58000 	C:\WINDOWS\System32\PSAPI.DLL
0x00007ffad83a0000 - 0x00007ffad83a9000 	C:\WINDOWS\SYSTEM32\WSOCK32.dll
0x00007ffae0a60000 - 0x00007ffae0a6a000 	C:\WINDOWS\SYSTEM32\VERSION.dll
0x00007ffaeaf50000 - 0x00007ffaeafba000 	C:\WINDOWS\System32\WS2_32.dll
0x00007ffae60b0000 - 0x00007ffae60d3000 	C:\WINDOWS\SYSTEM32\WINMM.dll
0x00007ffae5e40000 - 0x00007ffae5e6b000 	C:\WINDOWS\SYSTEM32\winmmbase.dll
0x00007ffae7cf0000 - 0x00007ffae7d32000 	C:\WINDOWS\System32\cfgmgr32.dll
0x00007ffae2890000 - 0x00007ffae289f000 	C:\Program Files\Android\Android Studio\jre\jre\bin\verify.dll
0x00007ffae0dd0000 - 0x00007ffae0df9000 	C:\Program Files\Android\Android Studio\jre\jre\bin\java.dll
0x00007ffae26c0000 - 0x00007ffae26d6000 	C:\Program Files\Android\Android Studio\jre\jre\bin\zip.dll
0x00007ffae8dc0000 - 0x00007ffaea2c9000 	C:\WINDOWS\System32\SHELL32.dll
0x00007ffae86a0000 - 0x00007ffae8d79000 	C:\WINDOWS\System32\windows.storage.dll
0x00007ffae7ca0000 - 0x00007ffae7cec000 	C:\WINDOWS\System32\powrprof.dll
0x00007ffaeb790000 - 0x00007ffaeb7e2000 	C:\WINDOWS\System32\shlwapi.dll
0x00007ffae7c70000 - 0x00007ffae7c7f000 	C:\WINDOWS\System32\kernel.appcore.dll
0x00007ffae7d40000 - 0x00007ffae7de9000 	C:\WINDOWS\System32\shcore.dll
0x00007ffae7c80000 - 0x00007ffae7c94000 	C:\WINDOWS\System32\profapi.dll
0x00007ffae0cf0000 - 0x00007ffae0d0a000 	C:\Program Files\Android\Android Studio\jre\jre\bin\net.dll
0x00007ffae7530000 - 0x00007ffae758c000 	C:\WINDOWS\system32\mswsock.dll
0x00007ffae0310000 - 0x00007ffae0321000 	C:\Program Files\Android\Android Studio\jre\jre\bin\nio.dll
0x00007ffadfc90000 - 0x00007ffadfcb6000 	C:\Users\Acer\.gradle\native\29\windows-amd64\native-platform.dll
0x00007ffae0300000 - 0x00007ffae030d000 	C:\Program Files\Android\Android Studio\jre\jre\bin\management.dll
0x00007ffae76d0000 - 0x00007ffae76e7000 	C:\WINDOWS\SYSTEM32\CRYPTSP.dll
0x00007ffae7130000 - 0x00007ffae7163000 	C:\WINDOWS\system32\rsaenh.dll
0x00007ffae7bb0000 - 0x00007ffae7bdb000 	C:\WINDOWS\SYSTEM32\bcrypt.dll
0x00007ffae73b0000 - 0x00007ffae73cf000 	C:\WINDOWS\SYSTEM32\USERENV.dll
0x00007ffae76f0000 - 0x00007ffae76fb000 	C:\WINDOWS\SYSTEM32\CRYPTBASE.dll
0x00007ffae72b0000 - 0x00007ffae72e8000 	C:\WINDOWS\SYSTEM32\IPHLPAPI.DLL
0x00007ffaead70000 - 0x00007ffaead78000 	C:\WINDOWS\System32\NSI.dll
0x00007ffadfe00000 - 0x00007ffadfe16000 	C:\WINDOWS\SYSTEM32\dhcpcsvc6.DLL
0x00007ffae01d0000 - 0x00007ffae01ea000 	C:\WINDOWS\SYSTEM32\dhcpcsvc.DLL
0x00007ffae0270000 - 0x00007ffae028e000 	C:\Users\Acer\AppData\Local\Temp\native-platform1675365095385613182dir\native-platform.dll
0x00007ffae1060000 - 0x00007ffae1084000 	C:\Program Files\Android\Android Studio\jre\jre\bin\sunec.dll
0x00007ffae72f0000 - 0x00007ffae7391000 	C:\WINDOWS\SYSTEM32\DNSAPI.dll
0x00007ffad7750000 - 0x00007ffad775a000 	C:\Windows\System32\rasadhlp.dll
0x00007ffadf640000 - 0x00007ffadf6aa000 	C:\WINDOWS\System32\fwpuclnt.dll
0x00007ffae2840000 - 0x00007ffae284b000 	C:\Program Files\Android\Android Studio\jre\jre\bin\sunmscapi.dll
0x00007ffae7df0000 - 0x00007ffae7fb9000 	C:\WINDOWS\System32\CRYPT32.dll
0x00007ffae7c60000 - 0x00007ffae7c70000 	C:\WINDOWS\System32\MSASN1.dll

VM Arguments:
jvm_args: -Xmx1536m -Dfile.encoding=windows-1251 -Duser.country=BG -Duser.language=bg -Duser.variant 
java_command: org.gradle.launcher.daemon.bootstrap.GradleDaemon 5.4.1
java_class_path (initial): C:\Users\Acer\.gradle\wrapper\dists\gradle-5.4.1-all\3221gyojl5jsh0helicew7rwx\gradle-5.4.1\lib\gradle-launcher-5.4.1.jar
Launcher Type: SUN_STANDARD

Environment Variables:
PATH=C:\Program Files (x86)\Common Files\Oracle\Java\javapath;C:\eclipse\jre\bin\javawexe;C:\Program Files\Git\cmd;C:\Program Files\Java\jdk-12\bin
USERNAME=Acer
OS=Windows_NT
PROCESSOR_IDENTIFIER=Intel64 Family 6 Model 92 Stepping 9, GenuineIntel



---------------  S Y S T E M  ---------------

OS: Windows 10.0 , 64 bit Build 14393 (10.0.14393.2214)

CPU:total 4 (initial active 4) (4 cores per cpu, 1 threads per core) family 6 model 92 stepping 9, cmov, cx8, fxsr, mmx, sse, sse2, sse3, ssse3, sse4.1, sse4.2, popcnt, aes, clmul, erms, 3dnowpref, tsc, tscinvbit

Memory: 4k page, physical 1921248k(87116k free), swap 4824808k(5056k free)

vm_info: OpenJDK 64-Bit Server VM (25.202-b03) for windows-amd64 JRE (1.8.0_202-release-1483-b03), built by "builder" with MS VC++ 10.0 (VS2010)

time: Fri May 22 02:09:13 2020
timezone: Финландия - лятно часово време
elapsed time: 22013 seconds (0d 6h 6m 53s)

