#
# There is insufficient memory for the Java Runtime Environment to continue.
# Native memory allocation (malloc) failed to allocate 660576 bytes for Chunk::new
# Possible reasons:
#   The system is out of physical RAM or swap space
#   The process is running with CompressedOops enabled, and the Java Heap may be blocking the growth of the native heap
# Possible solutions:
#   Reduce memory load on the system
#   Increase physical memory or swap space
#   Check if swap backing store is full
#   Decrease Java heap size (-Xmx/-Xms)
#   Decrease number of Java threads
#   Decrease Java thread stack sizes (-Xss)
#   Set larger code cache with -XX:ReservedCodeCacheSize=
#   JVM is running with Unscaled Compressed Oops mode in which the Java heap is
#     placed in the first 4GB address space. The Java Heap base address is the
#     maximum limit for the native heap growth. Please use -XX:HeapBaseMinAddress
#     to set the Java Heap base and to place the Java Heap above 4GB virtual address.
# This output file may be truncated or incomplete.
#
#  Out of Memory Error (allocation.cpp:389), pid=4844, tid=0x00000000000003e4
#
# JRE version: OpenJDK Runtime Environment (8.0_202-b03) (build 1.8.0_202-release-1483-b03)
# Java VM: OpenJDK 64-Bit Server VM (25.202-b03 mixed mode windows-amd64 compressed oops)
# Failed to write core dump. Minidumps are not enabled by default on client versions of Windows
#

---------------  T H R E A D  ---------------

Current thread (0x0000000013e94000):  JavaThread "C2 CompilerThread1" daemon [_thread_in_native, id=996, stack(0x00000000155c0000,0x00000000156c0000)]

Stack: [0x00000000155c0000,0x00000000156c0000]
[error occurred during error reporting (printing stack bounds), id 0xc0000005]

Native frames: (J=compiled Java code, j=interpreted, Vv=VM code, C=native code)


Current CompileTask:
C2:  36014 8545       4       org.jetbrains.kotlin.load.kotlin.TypeSignatureMappingKt::mapType (910 bytes)


---------------  P R O C E S S  ---------------

Java Threads: ( => current thread )
  0x0000000013ede800 JavaThread "Service Thread" daemon [_thread_blocked, id=8056, stack(0x0000000015bc0000,0x0000000015cc0000)]
  0x0000000013e98800 JavaThread "C1 CompilerThread2" daemon [_thread_blocked, id=2592, stack(0x00000000156c0000,0x00000000157c0000)]
=>0x0000000013e94000 JavaThread "C2 CompilerThread1" daemon [_thread_in_native, id=996, stack(0x00000000155c0000,0x00000000156c0000)]
  0x0000000013e90800 JavaThread "C2 CompilerThread0" daemon [_thread_in_native, id=5796, stack(0x00000000154c0000,0x00000000155c0000)]
  0x0000000013e8c800 JavaThread "Attach Listener" daemon [_thread_blocked, id=1868, stack(0x00000000153c0000,0x00000000154c0000)]
  0x0000000013e89000 JavaThread "Signal Dispatcher" daemon [_thread_blocked, id=4000, stack(0x00000000152c0000,0x00000000153c0000)]
  0x0000000002c8d000 JavaThread "Finalizer" daemon [_thread_blocked, id=5584, stack(0x00000000150d0000,0x00000000151d0000)]
  0x0000000013e69000 JavaThread "Reference Handler" daemon [_thread_blocked, id=5716, stack(0x0000000014fd0000,0x00000000150d0000)]
  0x0000000002b97800 JavaThread "main" [_thread_in_Java, id=5332, stack(0x0000000002a90000,0x0000000002b90000)]

Other Threads:
  0x0000000013e47000 VMThread [stack: 0x0000000014ed0000,0x0000000014fd0000] [id=5624]
  0x00000000157f3000 WatcherThread [stack: 0x0000000015cc0000,0x0000000015dc0000] [id=6612]

VM state:not at safepoint (normal execution)

VM Mutex/Monitor currently owned by a thread: None

heap address: 0x00000000e2a00000, size: 470 MB, Compressed Oops mode: 32-bit
Narrow klass base: 0x0000000000000000, Narrow klass shift: 3
Compressed class space size: 1073741824 Address: 0x0000000100000000

Heap:
 PSYoungGen      total 92160K, used 54664K [0x00000000f6380000, 0x00000000fd380000, 0x0000000100000000)
  eden space 72704K, 68% used [0x00000000f6380000,0x00000000f94456f0,0x00000000faa80000)
  from space 19456K, 24% used [0x00000000faa80000,0x00000000faf1ca28,0x00000000fbd80000)
  to   space 17408K, 0% used [0x00000000fbd80000,0x00000000fbd80000,0x00000000fce80000)
 ParOldGen       total 44032K, used 44018K [0x00000000e2a00000, 0x00000000e5500000, 0x00000000f6380000)
  object space 44032K, 99% used [0x00000000e2a00000,0x00000000e54fc9d8,0x00000000e5500000)
 Metaspace       used 58752K, capacity 59885K, committed 60080K, reserved 1101824K
  class space    used 7014K, capacity 7311K, committed 7344K, reserved 1048576K

Card table byte_map: [0x0000000012050000,0x0000000012140000] byte_map_base: 0x000000001193b000

Marking Bits: (ParMarkBitMap*) 0x0000000073829f30
 Begin Bits: [0x0000000012540000, 0x0000000012c98000)
 End Bits:   [0x0000000012c98000, 0x00000000133f0000)

Polling page: 0x0000000000fa0000

CodeCache: size=245760Kb used=25380Kb max_used=25380Kb free=220379Kb
 bounds [0x0000000002c90000, 0x0000000004580000, 0x0000000011c90000]
 total_blobs=8095 nmethods=7586 adapters=421
 compilation: enabled

Compilation events (10 events):
Event: 35.896 Thread 0x0000000013e98800 8563       3       kotlin.sequences.DropSequence::<init> (93 bytes)
Event: 35.899 Thread 0x0000000013e98800 nmethod 8563 0x0000000004570bd0 code [0x0000000004570e40, 0x0000000004571dc8]
Event: 35.899 Thread 0x0000000013e98800 8564       3       kotlin.sequences.DropSequence::iterator (12 bytes)
Event: 35.899 Thread 0x0000000013e98800 nmethod 8564 0x00000000045726d0 code [0x0000000004572860, 0x0000000004572c08]
Event: 35.900 Thread 0x0000000013e98800 8565       3       kotlin.sequences.SequencesKt___SequencesKt::drop (112 bytes)
Event: 35.902 Thread 0x0000000013e98800 nmethod 8565 0x0000000004572d90 code [0x0000000004572fe0, 0x0000000004573eb8]
Event: 35.902 Thread 0x0000000013e98800 8566       3       org.jetbrains.kotlin.load.java.components.JavaSourceElementImpl::getPsi (29 bytes)
Event: 35.903 Thread 0x0000000013e98800 nmethod 8566 0x0000000004574450 code [0x00000000045745e0, 0x0000000004574ba8]
Event: 35.904 Thread 0x0000000013e98800 8567       3       org.jetbrains.kotlin.resolve.jvm.diagnostics.JvmDeclarationOrigin::<init> (32 bytes)
Event: 35.905 Thread 0x0000000013e98800 nmethod 8567 0x0000000004574cd0 code [0x0000000004574e40, 0x0000000004575148]

GC Heap History (10 events):
Event: 21.140 GC heap before
{Heap before GC invocations=14 (full 2):
 PSYoungGen      total 56320K, used 50102K [0x00000000f6380000, 0x00000000fb480000, 0x0000000100000000)
  eden space 49152K, 100% used [0x00000000f6380000,0x00000000f9380000,0x00000000f9380000)
  from space 7168K, 13% used [0x00000000f9380000,0x00000000f946d980,0x00000000f9a80000)
  to   space 11776K, 0% used [0x00000000fa900000,0x00000000fa900000,0x00000000fb480000)
 ParOldGen       total 44032K, used 20876K [0x00000000e2a00000, 0x00000000e5500000, 0x00000000f6380000)
  object space 44032K, 47% used [0x00000000e2a00000,0x00000000e3e631f8,0x00000000e5500000)
 Metaspace       used 37718K, capacity 38325K, committed 38832K, reserved 1083392K
  class space    used 4776K, capacity 4921K, committed 5040K, reserved 1048576K
Event: 21.178 GC heap after
Heap after GC invocations=14 (full 2):
 PSYoungGen      total 69632K, used 11196K [0x00000000f6380000, 0x00000000fbb80000, 0x0000000100000000)
  eden space 57856K, 0% used [0x00000000f6380000,0x00000000f6380000,0x00000000f9c00000)
  from space 11776K, 95% used [0x00000000fa900000,0x00000000fb3ef2d0,0x00000000fb480000)
  to   space 13312K, 0% used [0x00000000f9c00000,0x00000000f9c00000,0x00000000fa900000)
 ParOldGen       total 44032K, used 21271K [0x00000000e2a00000, 0x00000000e5500000, 0x00000000f6380000)
  object space 44032K, 48% used [0x00000000e2a00000,0x00000000e3ec5db0,0x00000000e5500000)
 Metaspace       used 37718K, capacity 38325K, committed 38832K, reserved 1083392K
  class space    used 4776K, capacity 4921K, committed 5040K, reserved 1048576K
}
Event: 24.473 GC heap before
{Heap before GC invocations=15 (full 2):
 PSYoungGen      total 69632K, used 69052K [0x00000000f6380000, 0x00000000fbb80000, 0x0000000100000000)
  eden space 57856K, 100% used [0x00000000f6380000,0x00000000f9c00000,0x00000000f9c00000)
  from space 11776K, 95% used [0x00000000fa900000,0x00000000fb3ef2d0,0x00000000fb480000)
  to   space 13312K, 0% used [0x00000000f9c00000,0x00000000f9c00000,0x00000000fa900000)
 ParOldGen       total 44032K, used 21271K [0x00000000e2a00000, 0x00000000e5500000, 0x00000000f6380000)
  object space 44032K, 48% used [0x00000000e2a00000,0x00000000e3ec5db0,0x00000000e5500000)
 Metaspace       used 41389K, capacity 42033K, committed 42416K, reserved 1087488K
  class space    used 5050K, capacity 5205K, committed 5296K, reserved 1048576K
Event: 24.518 GC heap after
Heap after GC invocations=15 (full 2):
 PSYoungGen      total 71168K, used 13300K [0x00000000f6380000, 0x00000000fce80000, 0x0000000100000000)
  eden space 57856K, 0% used [0x00000000f6380000,0x00000000f6380000,0x00000000f9c00000)
  from space 13312K, 99% used [0x00000000f9c00000,0x00000000fa8fd380,0x00000000fa900000)
  to   space 17408K, 0% used [0x00000000fbd80000,0x00000000fbd80000,0x00000000fce80000)
 ParOldGen       total 44032K, used 26008K [0x00000000e2a00000, 0x00000000e5500000, 0x00000000f6380000)
  object space 44032K, 59% used [0x00000000e2a00000,0x00000000e4366310,0x00000000e5500000)
 Metaspace       used 41389K, capacity 42033K, committed 42416K, reserved 1087488K
  class space    used 5050K, capacity 5205K, committed 5296K, reserved 1048576K
}
Event: 27.258 GC heap before
{Heap before GC invocations=16 (full 2):
 PSYoungGen      total 71168K, used 71156K [0x00000000f6380000, 0x00000000fce80000, 0x0000000100000000)
  eden space 57856K, 100% used [0x00000000f6380000,0x00000000f9c00000,0x00000000f9c00000)
  from space 13312K, 99% used [0x00000000f9c00000,0x00000000fa8fd380,0x00000000fa900000)
  to   space 17408K, 0% used [0x00000000fbd80000,0x00000000fbd80000,0x00000000fce80000)
 ParOldGen       total 44032K, used 26008K [0x00000000e2a00000, 0x00000000e5500000, 0x00000000f6380000)
  object space 44032K, 59% used [0x00000000e2a00000,0x00000000e4366310,0x00000000e5500000)
 Metaspace       used 46667K, capacity 47469K, committed 47792K, reserved 1091584K
  class space    used 5766K, capacity 6003K, committed 6064K, reserved 1048576K
Event: 27.319 GC heap after
Heap after GC invocations=16 (full 2):
 PSYoungGen      total 90112K, used 15536K [0x00000000f6380000, 0x00000000fd380000, 0x0000000100000000)
  eden space 72704K, 0% used [0x00000000f6380000,0x00000000f6380000,0x00000000faa80000)
  from space 17408K, 89% used [0x00000000fbd80000,0x00000000fccac080,0x00000000fce80000)
  to   space 19456K, 0% used [0x00000000faa80000,0x00000000faa80000,0x00000000fbd80000)
 ParOldGen       total 44032K, used 34642K [0x00000000e2a00000, 0x00000000e5500000, 0x00000000f6380000)
  object space 44032K, 78% used [0x00000000e2a00000,0x00000000e4bd4bb8,0x00000000e5500000)
 Metaspace       used 46667K, capacity 47469K, committed 47792K, reserved 1091584K
  class space    used 5766K, capacity 6003K, committed 6064K, reserved 1048576K
}
Event: 32.100 GC heap before
{Heap before GC invocations=17 (full 2):
 PSYoungGen      total 90112K, used 78525K [0x00000000f6380000, 0x00000000fd380000, 0x0000000100000000)
  eden space 72704K, 86% used [0x00000000f6380000,0x00000000fa103508,0x00000000faa80000)
  from space 17408K, 89% used [0x00000000fbd80000,0x00000000fccac080,0x00000000fce80000)
  to   space 19456K, 0% used [0x00000000faa80000,0x00000000faa80000,0x00000000fbd80000)
 ParOldGen       total 44032K, used 34642K [0x00000000e2a00000, 0x00000000e5500000, 0x00000000f6380000)
  object space 44032K, 78% used [0x00000000e2a00000,0x00000000e4bd4bb8,0x00000000e5500000)
 Metaspace       used 52594K, capacity 53571K, committed 53628K, reserved 1095680K
  class space    used 6422K, capacity 6694K, committed 6704K, reserved 1048576K
Event: 32.136 GC heap after
Heap after GC invocations=17 (full 2):
 PSYoungGen      total 92160K, used 15330K [0x00000000f6380000, 0x00000000fd380000, 0x0000000100000000)
  eden space 72704K, 0% used [0x00000000f6380000,0x00000000f6380000,0x00000000faa80000)
  from space 19456K, 78% used [0x00000000faa80000,0x00000000fb9789f8,0x00000000fbd80000)
  to   space 17408K, 0% used [0x00000000fbd80000,0x00000000fbd80000,0x00000000fce80000)
 ParOldGen       total 44032K, used 42288K [0x00000000e2a00000, 0x00000000e5500000, 0x00000000f6380000)
  object space 44032K, 96% used [0x00000000e2a00000,0x00000000e534c160,0x00000000e5500000)
 Metaspace       used 52594K, capacity 53571K, committed 53628K, reserved 1095680K
  class space    used 6422K, capacity 6694K, committed 6704K, reserved 1048576K
}
Event: 32.136 GC heap before
{Heap before GC invocations=18 (full 3):
 PSYoungGen      total 92160K, used 15330K [0x00000000f6380000, 0x00000000fd380000, 0x0000000100000000)
  eden space 72704K, 0% used [0x00000000f6380000,0x00000000f6380000,0x00000000faa80000)
  from space 19456K, 78% used [0x00000000faa80000,0x00000000fb9789f8,0x00000000fbd80000)
  to   space 17408K, 0% used [0x00000000fbd80000,0x00000000fbd80000,0x00000000fce80000)
 ParOldGen       total 44032K, used 42288K [0x00000000e2a00000, 0x00000000e5500000, 0x00000000f6380000)
  object space 44032K, 96% used [0x00000000e2a00000,0x00000000e534c160,0x00000000e5500000)
 Metaspace       used 52594K, capacity 53571K, committed 53628K, reserved 1095680K
  class space    used 6422K, capacity 6694K, committed 6704K, reserved 1048576K
Event: 32.662 GC heap after
Heap after GC invocations=18 (full 3):
 PSYoungGen      total 92160K, used 4722K [0x00000000f6380000, 0x00000000fd380000, 0x0000000100000000)
  eden space 72704K, 0% used [0x00000000f6380000,0x00000000f6380000,0x00000000faa80000)
  from space 19456K, 24% used [0x00000000faa80000,0x00000000faf1ca28,0x00000000fbd80000)
  to   space 17408K, 0% used [0x00000000fbd80000,0x00000000fbd80000,0x00000000fce80000)
 ParOldGen       total 44032K, used 44018K [0x00000000e2a00000, 0x00000000e5500000, 0x00000000f6380000)
  object space 44032K, 99% used [0x00000000e2a00000,0x00000000e54fc9d8,0x00000000e5500000)
 Metaspace       used 52594K, capacity 53571K, committed 53628K, reserved 1095680K
  class space    used 6422K, capacity 6694K, committed 6704K, reserved 1048576K
}

Deoptimization events (10 events):
Event: 34.729 Thread 0x0000000002b97800 Uncommon trap: reason=class_check action=maybe_recompile pc=0x0000000003fd8b2c method=org.jetbrains.kotlin.storage.LockBasedStorageManager$LockBasedLazyValue.invoke()Ljava/lang/Object; @ 24
Event: 34.734 Thread 0x0000000002b97800 Uncommon trap: reason=class_check action=maybe_recompile pc=0x00000000037552f8 method=org.jetbrains.kotlin.storage.LockBasedStorageManager$LockBasedLazyValue.invoke()Ljava/lang/Object; @ 24
Event: 34.826 Thread 0x0000000002b97800 Uncommon trap: reason=unstable_if action=reinterpret pc=0x0000000003bf7c5c method=kotlin.text.StringsKt__StringsKt.substringAfter(Ljava/lang/String;Ljava/lang/String;Ljava/lang/String;)Ljava/lang/String; @ 37
Event: 35.153 Thread 0x0000000002b97800 Uncommon trap: reason=speculate_class_check action=maybe_recompile pc=0x000000000404aca0 method=java.util.ArrayList.<init>(Ljava/util/Collection;)V @ 36
Event: 35.332 Thread 0x0000000002b97800 Uncommon trap: reason=speculate_class_check action=maybe_recompile pc=0x000000000404aca0 method=java.util.ArrayList.<init>(Ljava/util/Collection;)V @ 36
Event: 35.460 Thread 0x0000000002b97800 Uncommon trap: reason=unstable_if action=reinterpret pc=0x0000000003c45d18 method=org.jetbrains.kotlin.descriptors.impl.ValueParameterDescriptorImpl.declaresDefaultValue()Z @ 4
Event: 35.637 Thread 0x0000000002b97800 Uncommon trap: reason=class_check action=maybe_recompile pc=0x00000000044fb560 method=org.jetbrains.kotlin.builtins.FunctionTypesKt.isSuspendFunctionType(Lorg/jetbrains/kotlin/types/KotlinType;)Z @ 19
Event: 35.640 Thread 0x0000000002b97800 Uncommon trap: reason=class_check action=maybe_recompile pc=0x00000000044fb560 method=org.jetbrains.kotlin.builtins.FunctionTypesKt.isSuspendFunctionType(Lorg/jetbrains/kotlin/types/KotlinType;)Z @ 19
Event: 35.640 Thread 0x0000000002b97800 Uncommon trap: reason=class_check action=maybe_recompile pc=0x00000000044fb560 method=org.jetbrains.kotlin.builtins.FunctionTypesKt.isSuspendFunctionType(Lorg/jetbrains/kotlin/types/KotlinType;)Z @ 19
Event: 35.642 Thread 0x0000000002b97800 Uncommon trap: reason=class_check action=maybe_recompile pc=0x00000000044fb560 method=org.jetbrains.kotlin.builtins.FunctionTypesKt.isSuspendFunctionType(Lorg/jetbrains/kotlin/types/KotlinType;)Z @ 19

Classes redefined (0 events):
No events

Internal exceptions (10 events):
Event: 31.437 Thread 0x0000000002b97800 Implicit null exception at 0x0000000003eb9cd3 to 0x0000000003ebaa51
Event: 31.619 Thread 0x0000000002b97800 Implicit null exception at 0x0000000002eedd15 to 0x0000000002eedf01
Event: 31.619 Thread 0x0000000002b97800 Implicit null exception at 0x0000000002f822ef to 0x0000000002f82359
Event: 31.629 Thread 0x0000000002b97800 Implicit null exception at 0x00000000034e2b0c to 0x00000000034e2b66
Event: 31.928 Thread 0x0000000002b97800 Implicit null exception at 0x000000000409e2a1 to 0x00000000040a3e05
Event: 32.928 Thread 0x0000000002b97800 Implicit null exception at 0x0000000003112c94 to 0x0000000003112e64
Event: 33.938 Thread 0x0000000002b97800 Exception <a 'java/lang/NoSuchMethodError': java.lang.Object.lambda$static$0(Lorg/jetbrains/kotlin/descriptors/ValueParameterDescriptor;Lorg/jetbrains/kotlin/codegen/ExpressionCodegen;)Lorg/jetbrains/kotlin/codegen/StackValue;> (0x00000000f75be6a8) thrown
Event: 34.232 Thread 0x0000000002b97800 Implicit null exception at 0x000000000382b916 to 0x000000000382bc61
Event: 34.873 Thread 0x0000000002b97800 Exception <a 'java/lang/NoSuchMethodError': java.lang.Object.lambda$static$0(Ljava/lang/String;)Z> (0x00000000f81ceaf0) thrown at [D:\src\AOSP-openjdk-cygwin\jdk8u\hotspot\src\share\vm\interpreter\linkResolver.cpp, line 620]
Event: 34.873 Thread 0x0000000002b97800 Exception <a 'java/lang/NoSuchMethodError': java.lang.Object.lambda$static$1(Ljava/lang/String;)Z> (0x00000000f81d1770) thrown at [D:\src\AOSP-openjdk-cygwin\jdk8u\hotspot\src\share\vm\interpreter\linkResolver.cpp, line 620]

Events (10 events):
Event: 35.804 loading class org/jetbrains/kotlin/codegen/state/BuilderFactoryForDuplicateSignatureDiagnosticsKt
Event: 35.804 loading class org/jetbrains/kotlin/codegen/state/BuilderFactoryForDuplicateSignatureDiagnosticsKt done
Event: 35.805 loading class org/jetbrains/kotlin/codegen/state/BuilderFactoryForDuplicateSignatureDiagnostics$groupMembersDescriptorsBySignature$1
Event: 35.805 loading class org/jetbrains/kotlin/codegen/state/BuilderFactoryForDuplicateSignatureDiagnostics$groupMembersDescriptorsBySignature$1 done
Event: 35.807 loading class org/jetbrains/kotlin/resolve/descriptorUtil/DescriptorUtilsKt$overriddenTreeUniqueAsSequence$1
Event: 35.807 loading class org/jetbrains/kotlin/resolve/descriptorUtil/DescriptorUtilsKt$overriddenTreeUniqueAsSequence$1 done
Event: 35.809 loading class org/jetbrains/kotlin/resolve/descriptorUtil/DescriptorUtilsKt$overriddenTreeUniqueAsSequence$1$doBuildOverriddenTreeAsSequence$$inlined$with$lambda$1
Event: 35.809 loading class org/jetbrains/kotlin/resolve/descriptorUtil/DescriptorUtilsKt$overriddenTreeUniqueAsSequence$1$doBuildOverriddenTreeAsSequence$$inlined$with$lambda$1 done
Event: 35.826 Executing VM operation: ForceSafepoint
Event: 35.827 Executing VM operation: ForceSafepoint done


Dynamic libraries:
0x00007ff66e440000 - 0x00007ff66e471000 	C:\Program Files\Android\Android Studio\jre\jre\bin\java.exe
0x00007ffaeb7f0000 - 0x00007ffaeb9c2000 	C:\WINDOWS\SYSTEM32\ntdll.dll
0x00007ffaeae20000 - 0x00007ffaeaecc000 	C:\WINDOWS\System32\KERNEL32.DLL
0x00007ffae80e0000 - 0x00007ffae82fd000 	C:\WINDOWS\System32\KERNELBASE.dll
0x00007ffaeb3f0000 - 0x00007ffaeb492000 	C:\WINDOWS\System32\ADVAPI32.dll
0x00007ffaead80000 - 0x00007ffaeae1e000 	C:\WINDOWS\System32\msvcrt.dll
0x00007ffaeb500000 - 0x00007ffaeb559000 	C:\WINDOWS\System32\sechost.dll
0x00007ffaeb560000 - 0x00007ffaeb681000 	C:\WINDOWS\System32\RPCRT4.dll
0x00007ffaeaa60000 - 0x00007ffaeabc5000 	C:\WINDOWS\System32\USER32.dll
0x00007ffae8300000 - 0x00007ffae831e000 	C:\WINDOWS\System32\win32u.dll
0x00007ffae8d80000 - 0x00007ffae8db4000 	C:\WINDOWS\System32\GDI32.dll
0x00007ffae8320000 - 0x00007ffae84a0000 	C:\WINDOWS\System32\gdi32full.dll
0x00007ffadbf80000 - 0x00007ffadc1fa000 	C:\WINDOWS\WinSxS\amd64_microsoft.windows.common-controls_6595b64144ccf1df_6.0.14393.953_none_42151e83c686086b\COMCTL32.dll
0x00007ffaea4c0000 - 0x00007ffaea788000 	C:\WINDOWS\System32\combase.dll
0x00007ffae85a0000 - 0x00007ffae8695000 	C:\WINDOWS\System32\ucrtbase.dll
0x00007ffae8070000 - 0x00007ffae80da000 	C:\WINDOWS\System32\bcryptPrimitives.dll
0x00007ffaea410000 - 0x00007ffaea43e000 	C:\WINDOWS\System32\IMM32.DLL
0x0000000072b00000 - 0x0000000072bd2000 	C:\Program Files\Android\Android Studio\jre\jre\bin\msvcr100.dll
0x0000000073060000 - 0x00000000738a6000 	C:\Program Files\Android\Android Studio\jre\jre\bin\server\jvm.dll
0x00007ffaeaa50000 - 0x00007ffaeaa58000 	C:\WINDOWS\System32\PSAPI.DLL
0x00007ffad83a0000 - 0x00007ffad83a9000 	C:\WINDOWS\SYSTEM32\WSOCK32.dll
0x00007ffae60b0000 - 0x00007ffae60d3000 	C:\WINDOWS\SYSTEM32\WINMM.dll
0x00007ffae0a60000 - 0x00007ffae0a6a000 	C:\WINDOWS\SYSTEM32\VERSION.dll
0x00007ffae5e40000 - 0x00007ffae5e6b000 	C:\WINDOWS\SYSTEM32\WINMMBASE.dll
0x00007ffae7cf0000 - 0x00007ffae7d32000 	C:\WINDOWS\System32\cfgmgr32.dll
0x00007ffaeaf50000 - 0x00007ffaeafba000 	C:\WINDOWS\System32\WS2_32.dll
0x00007ffae2890000 - 0x00007ffae289f000 	C:\Program Files\Android\Android Studio\jre\jre\bin\verify.dll
0x00007ffae0dd0000 - 0x00007ffae0df9000 	C:\Program Files\Android\Android Studio\jre\jre\bin\java.dll
0x00007ffae26c0000 - 0x00007ffae26d6000 	C:\Program Files\Android\Android Studio\jre\jre\bin\zip.dll
0x00007ffae8dc0000 - 0x00007ffaea2c9000 	C:\WINDOWS\System32\SHELL32.dll
0x00007ffae86a0000 - 0x00007ffae8d79000 	C:\WINDOWS\System32\windows.storage.dll
0x00007ffae7ca0000 - 0x00007ffae7cec000 	C:\WINDOWS\System32\powrprof.dll
0x00007ffaeb790000 - 0x00007ffaeb7e2000 	C:\WINDOWS\System32\shlwapi.dll
0x00007ffae7c70000 - 0x00007ffae7c7f000 	C:\WINDOWS\System32\kernel.appcore.dll
0x00007ffae7d40000 - 0x00007ffae7de9000 	C:\WINDOWS\System32\shcore.dll
0x00007ffae7c80000 - 0x00007ffae7c94000 	C:\WINDOWS\System32\profapi.dll
0x00007ffae0cf0000 - 0x00007ffae0d0a000 	C:\Program Files\Android\Android Studio\jre\jre\bin\net.dll
0x00007ffae7530000 - 0x00007ffae758c000 	C:\WINDOWS\system32\mswsock.dll
0x00007ffae0310000 - 0x00007ffae0321000 	C:\Program Files\Android\Android Studio\jre\jre\bin\nio.dll

VM Arguments:
java_command: org.jetbrains.kotlin.cli.jvm.K2JVMCompiler -Xallow-no-source-files -classpath C:\Users\Acer\.gradle\caches\modules-2\files-2.1\org.jetbrains.kotlin\kotlin-android-extensions-runtime\1.3.72\83423235971335be77d2ea025008bc9959738ffc\kotlin-android-extensions-runtime-1.3.72.jar;C:\Users\Acer\.gradle\caches\modules-2\files-2.1\org.jetbrains.kotlin\kotlin-stdlib-jdk7\1.3.72\3adfc2f4ea4243e01204be8081fe63bde6b12815\kotlin-stdlib-jdk7-1.3.72.jar;C:\Users\Acer\.gradle\caches\transforms-2\files-2.1\35dee746bdd807739854ee3c2c27e4de\core-ktx-1.2.0-api.jar;C:\Users\Acer\.gradle\caches\transforms-2\files-2.1\2a726cc3724d35e56c220228b962727b\lifecycle-viewmodel-ktx-2.2.0-api.jar;C:\Users\Acer\.gradle\caches\transforms-2\files-2.1\c4c2f7300eeb2343541ce57e1f167aba\lifecycle-livedata-ktx-2.2.0-api.jar;C:\Users\Acer\.gradle\caches\transforms-2\files-2.1\9fd0fce5ffb38523f62a36e9d17b4688\jetified-kotlinx-coroutines-android-1.3.0.jar;C:\Users\Acer\.gradle\caches\modules-2\files-2.1\org.jetbrains.kotlinx\kotlinx-coroutines-core\1.3.0\36fa8555d92456448ec19e64b00be830df9a7fb5\kotlinx-coroutines-core-1.3.0.jar;C:\Users\Acer\.gradle\caches\transforms-2\files-2.1\55531ddfc8ec62d4a3a0e812b6dff163\lifecycle-livedata-core-ktx-2.2.0-api.jar;C:\Users\Acer\.gradle\caches\modules-2\files-2.1\org.jetbrains.kotlin\kotlin-stdlib\1.3.72\8032138f12c0180bc4e51fe139d4c52b46db6109\kotlin-stdlib-1.3.72.jar;C:\Users\Acer\.gradle\caches\modules-2\files-2.1\org.jetbrains.kotlin\kotlin-stdlib-common\1.3.72\6ca8bee3d88957eaaaef077c41c908c9940492d8\kotlin-stdlib-common-1.3.72.jar;C:\Users\Acer\.gradle\caches\modules-2\files-2.1\org.jetbrains\annotations\13.0\919f0dfe192fb4e063e7dacadee7f8bb9a2672a9\annotations-13.0.jar;C:\Users\Acer\.gradle\caches\transforms-2\files-2.1\2a5e43a1a5172a780ed11bfc9e0a4275\material-1.1.0-api.jar;C:\Users\Acer\.gradle\caches\transforms-2\files-2.1\dcc552481ab0c4d817b7d0b80177fb2e\appcompat-1.1.0-api.jar;C:\Users\Acer\.gradle\caches\transforms-2\files-2.1\921e50f385b74371
java_class_path (initial): C:\Users\Acer\.gradle\caches\modules-2\files-2.1\org.jetbrains.kotlin\kotlin-compiler-embeddable\1.3.72\fb72232c8fa977d5e07d33c43381ddbdc5edab6\kotlin-compiler-embeddable-1.3.72.jar;C:\Users\Acer\.gradle\caches\modules-2\files-2.1\org.jetbrains.kotlin\kotlin-reflect\1.3.72\86613e1a669a701b0c660bfd2af4f82a7ae11fca\kotlin-reflect-1.3.72.jar;C:\Users\Acer\.gradle\caches\modules-2\files-2.1\org.jetbrains.kotlin\kotlin-stdlib\1.3.72\8032138f12c0180bc4e51fe139d4c52b46db6109\kotlin-stdlib-1.3.72.jar;C:\Users\Acer\.gradle\caches\modules-2\files-2.1\org.jetbrains.kotlin\kotlin-script-runtime\1.3.72\657d8d34d91e1964b4439378c09933e840bfe8d5\kotlin-script-runtime-1.3.72.jar;C:\Users\Acer\.gradle\caches\modules-2\files-2.1\org.jetbrains.kotlin\kotlin-daemon-embeddable\1.3.72\53bbaa2816dbf6bdb85f629451b1fcc88f2164d2\kotlin-daemon-embeddable-1.3.72.jar;C:\Users\Acer\.gradle\caches\modules-2\files-2.1\org.jetbrains.intellij.deps\trove4j\1.0.20181211\216c2e14b070f334479d800987affe4054cd563f\trove4j-1.0.20181211.jar;C:\Users\Acer\.gradle\caches\modules-2\files-2.1\org.jetbrains.kotlin\kotlin-stdlib-common\1.3.72\6ca8bee3d88957eaaaef077c41c908c9940492d8\kotlin-stdlib-common-1.3.72.jar;C:\Users\Acer\.gradle\caches\modules-2\files-2.1\org.jetbrains\annotations\13.0\919f0dfe192fb4e063e7dacadee7f8bb9a2672a9\annotations-13.0.jar;C:\Program Files\Android\Android Studio\jre\lib\tools.jar
Launcher Type: SUN_STANDARD

Environment Variables:
PATH=C:\Program Files (x86)\Common Files\Oracle\Java\javapath;C:\eclipse\jre\bin\javawexe;C:\Program Files\Git\cmd;C:\Program Files\Java\jdk-12\bin
USERNAME=Acer
OS=Windows_NT
PROCESSOR_IDENTIFIER=Intel64 Family 6 Model 92 Stepping 9, GenuineIntel



---------------  S Y S T E M  ---------------

OS: Windows 10.0 , 64 bit Build 14393 (10.0.14393.2214)

CPU:total 4 (initial active 4) (4 cores per cpu, 1 threads per core) family 6 model 92 stepping 9, cmov, cx8, fxsr, mmx, sse, sse2, sse3, ssse3, sse4.1, sse4.2, popcnt, aes, clmul, erms, 3dnowpref, tsc, tscinvbit

Memory: 4k page, physical 1921248k(251936k free), swap 4824808k(348k free)

vm_info: OpenJDK 64-Bit Server VM (25.202-b03) for windows-amd64 JRE (1.8.0_202-release-1483-b03), built by "builder" with MS VC++ 10.0 (VS2010)

time: Fri May 22 02:02:05 2020
timezone: Финландия - лятно часово време
elapsed time: 36 seconds (0d 0h 0m 36s)

