#
# There is insufficient memory for the Java Runtime Environment to continue.
# Native memory allocation (malloc) failed to allocate 413968 bytes for Chunk::new
# Possible reasons:
#   The system is out of physical RAM or swap space
#   The process is running with CompressedOops enabled, and the Java Heap may be blocking the growth of the native heap
# Possible solutions:
#   Reduce memory load on the system
#   Increase physical memory or swap space
#   Check if swap backing store is full
#   Decrease Java heap size (-Xmx/-Xms)
#   Decrease number of Java threads
#   Decrease Java thread stack sizes (-Xss)
#   Set larger code cache with -XX:ReservedCodeCacheSize=
#   JVM is running with Unscaled Compressed Oops mode in which the Java heap is
#     placed in the first 4GB address space. The Java Heap base address is the
#     maximum limit for the native heap growth. Please use -XX:HeapBaseMinAddress
#     to set the Java Heap base and to place the Java Heap above 4GB virtual address.
# This output file may be truncated or incomplete.
#
#  Out of Memory Error (allocation.cpp:389), pid=4520, tid=0x000000000000109c
#
# JRE version: OpenJDK Runtime Environment (8.0_202-b03) (build 1.8.0_202-release-1483-b03)
# Java VM: OpenJDK 64-Bit Server VM (25.202-b03 mixed mode windows-amd64 compressed oops)
# Failed to write core dump. Minidumps are not enabled by default on client versions of Windows
#

---------------  T H R E A D  ---------------

Current thread (0x0000000014591000):  JavaThread "C2 CompilerThread1" daemon [_thread_in_native, id=4252, stack(0x0000000015cd0000,0x0000000015dd0000)]

Stack: [0x0000000015cd0000,0x0000000015dd0000]
[error occurred during error reporting (printing stack bounds), id 0xc0000005]

Native frames: (J=compiled Java code, j=interpreted, Vv=VM code, C=native code)


Current CompileTask:
C2:  20305 4753       4       org.jetbrains.org.objectweb.asm.ClassReader::readElementValue (1237 bytes)


---------------  P R O C E S S  ---------------

Java Threads: ( => current thread )
  0x0000000015efe800 JavaThread "Service Thread" daemon [_thread_blocked, id=4280, stack(0x00000000162d0000,0x00000000163d0000)]
  0x000000001459a800 JavaThread "C1 CompilerThread2" daemon [_thread_in_native, id=6900, stack(0x0000000015dd0000,0x0000000015ed0000)]
=>0x0000000014591000 JavaThread "C2 CompilerThread1" daemon [_thread_in_native, id=4252, stack(0x0000000015cd0000,0x0000000015dd0000)]
  0x000000001458a000 JavaThread "C2 CompilerThread0" daemon [_thread_blocked, id=3128, stack(0x0000000015bd0000,0x0000000015cd0000)]
  0x0000000014589000 JavaThread "Attach Listener" daemon [_thread_blocked, id=4504, stack(0x0000000015ad0000,0x0000000015bd0000)]
  0x000000001458f000 JavaThread "Signal Dispatcher" daemon [_thread_blocked, id=3420, stack(0x00000000159d0000,0x0000000015ad0000)]
  0x0000000014570000 JavaThread "Finalizer" daemon [_thread_blocked, id=5224, stack(0x00000000157e0000,0x00000000158e0000)]
  0x0000000014569800 JavaThread "Reference Handler" daemon [_thread_blocked, id=4336, stack(0x00000000156e0000,0x00000000157e0000)]
  0x0000000003298000 JavaThread "main" [_thread_in_Java, id=5972, stack(0x0000000003190000,0x0000000003290000)]

Other Threads:
  0x0000000014546800 VMThread [stack: 0x00000000155e0000,0x00000000156e0000] [id=1564]
  0x0000000015f00800 WatcherThread [stack: 0x00000000163d0000,0x00000000164d0000] [id=1144]

VM state:not at safepoint (normal execution)

VM Mutex/Monitor currently owned by a thread: None

heap address: 0x00000000e2a00000, size: 470 MB, Compressed Oops mode: 32-bit
Narrow klass base: 0x0000000000000000, Narrow klass shift: 3
Compressed class space size: 1073741824 Address: 0x0000000100000000

Heap:
 PSYoungGen      total 55808K, used 27077K [0x00000000f6380000, 0x00000000faa00000, 0x0000000100000000)
  eden space 46592K, 38% used [0x00000000f6380000,0x00000000f74f3620,0x00000000f9100000)
  from space 9216K, 99% used [0x00000000f9c80000,0x00000000fa57dfc8,0x00000000fa580000)
  to   space 11776K, 0% used [0x00000000f9100000,0x00000000f9100000,0x00000000f9c80000)
 ParOldGen       total 38912K, used 19962K [0x00000000e2a00000, 0x00000000e5000000, 0x00000000f6380000)
  object space 38912K, 51% used [0x00000000e2a00000,0x00000000e3d7e920,0x00000000e5000000)
 Metaspace       used 41435K, capacity 42030K, committed 42416K, reserved 1087488K
  class space    used 5057K, capacity 5207K, committed 5296K, reserved 1048576K

Card table byte_map: [0x0000000012750000,0x0000000012840000] byte_map_base: 0x000000001203b000

Marking Bits: (ParMarkBitMap*) 0x0000000067819f30
 Begin Bits: [0x0000000012c40000, 0x0000000013398000)
 End Bits:   [0x0000000013398000, 0x0000000013af0000)

Polling page: 0x0000000001320000

CodeCache: size=245760Kb used=14293Kb max_used=14296Kb free=231466Kb
 bounds [0x0000000003390000, 0x00000000041a0000, 0x0000000012390000]
 total_blobs=4972 nmethods=4524 adapters=362
 compilation: enabled

Compilation events (10 events):
Event: 20.269 Thread 0x000000001459a800 nmethod 4827 0x0000000004192e90 code [0x00000000041930a0, 0x00000000041938c8]
Event: 20.269 Thread 0x000000001458a000 nmethod 4828 0x00000000038cbb90 code [0x00000000038cbcc0, 0x00000000038cbdb8]
Event: 20.272 Thread 0x000000001459a800 4829       3       org.jetbrains.kotlin.storage.LockBasedStorageManager::createMemoizedFunction (27 bytes)
Event: 20.273 Thread 0x000000001459a800 nmethod 4829 0x0000000004192610 code [0x00000000041927e0, 0x0000000004192cb8]
Event: 20.276 Thread 0x000000001459a800 4830       3       kotlin.collections.EmptyMap::get (6 bytes)
Event: 20.277 Thread 0x000000001459a800 nmethod 4830 0x0000000003935990 code [0x0000000003935b00, 0x0000000003935d30]
Event: 20.277 Thread 0x000000001459a800 4831       3       org.jetbrains.kotlin.codegen.coroutines.CoroutineCodegenUtilKt::isSuspendFunctionNotSuspensionView (46 bytes)
Event: 20.277 Thread 0x000000001459a800 nmethod 4831 0x0000000004191c50 code [0x0000000004191e00, 0x0000000004192488]
Event: 20.278 Thread 0x000000001459a800 4832       1       org.jetbrains.kotlin.codegen.signature.JvmSignatureWriter::makeJavaGenericSignature (2 bytes)
Event: 20.278 Thread 0x000000001459a800 nmethod 4832 0x0000000003953790 code [0x00000000039538e0, 0x00000000039539f0]

GC Heap History (10 events):
Event: 12.921 GC heap before
{Heap before GC invocations=14 (full 1):
 PSYoungGen      total 34816K, used 34626K [0x00000000f6380000, 0x00000000f8d80000, 0x0000000100000000)
  eden space 28672K, 100% used [0x00000000f6380000,0x00000000f7f80000,0x00000000f7f80000)
  from space 6144K, 96% used [0x00000000f8600000,0x00000000f8bd08b8,0x00000000f8c00000)
  to   space 6656K, 0% used [0x00000000f7f80000,0x00000000f7f80000,0x00000000f8600000)
 ParOldGen       total 22528K, used 12550K [0x00000000e2a00000, 0x00000000e4000000, 0x00000000f6380000)
  object space 22528K, 55% used [0x00000000e2a00000,0x00000000e3641910,0x00000000e4000000)
 Metaspace       used 32662K, capacity 33152K, committed 33584K, reserved 1079296K
  class space    used 4135K, capacity 4282K, committed 4400K, reserved 1048576K
Event: 12.936 GC heap after
Heap after GC invocations=14 (full 1):
 PSYoungGen      total 35328K, used 6642K [0x00000000f6380000, 0x00000000f9b00000, 0x0000000100000000)
  eden space 28672K, 0% used [0x00000000f6380000,0x00000000f6380000,0x00000000f7f80000)
  from space 6656K, 99% used [0x00000000f7f80000,0x00000000f85fc9d8,0x00000000f8600000)
  to   space 8704K, 0% used [0x00000000f9280000,0x00000000f9280000,0x00000000f9b00000)
 ParOldGen       total 22528K, used 15777K [0x00000000e2a00000, 0x00000000e4000000, 0x00000000f6380000)
  object space 22528K, 70% used [0x00000000e2a00000,0x00000000e39684a0,0x00000000e4000000)
 Metaspace       used 32662K, capacity 33152K, committed 33584K, reserved 1079296K
  class space    used 4135K, capacity 4282K, committed 4400K, reserved 1048576K
}
Event: 13.492 GC heap before
{Heap before GC invocations=15 (full 1):
 PSYoungGen      total 35328K, used 14073K [0x00000000f6380000, 0x00000000f9b00000, 0x0000000100000000)
  eden space 28672K, 25% used [0x00000000f6380000,0x00000000f6ac1cc0,0x00000000f7f80000)
  from space 6656K, 99% used [0x00000000f7f80000,0x00000000f85fc9d8,0x00000000f8600000)
  to   space 8704K, 0% used [0x00000000f9280000,0x00000000f9280000,0x00000000f9b00000)
 ParOldGen       total 22528K, used 15777K [0x00000000e2a00000, 0x00000000e4000000, 0x00000000f6380000)
  object space 22528K, 70% used [0x00000000e2a00000,0x00000000e39684a0,0x00000000e4000000)
 Metaspace       used 34714K, capacity 35194K, committed 35496K, reserved 1081344K
  class space    used 4413K, capacity 4551K, committed 4656K, reserved 1048576K
Event: 13.507 GC heap after
Heap after GC invocations=15 (full 1):
 PSYoungGen      total 48128K, used 2102K [0x00000000f6380000, 0x00000000f9b80000, 0x0000000100000000)
  eden space 39424K, 0% used [0x00000000f6380000,0x00000000f6380000,0x00000000f8a00000)
  from space 8704K, 24% used [0x00000000f9280000,0x00000000f948d858,0x00000000f9b00000)
  to   space 8704K, 0% used [0x00000000f8a00000,0x00000000f8a00000,0x00000000f9280000)
 ParOldGen       total 22528K, used 18142K [0x00000000e2a00000, 0x00000000e4000000, 0x00000000f6380000)
  object space 22528K, 80% used [0x00000000e2a00000,0x00000000e3bb7ae8,0x00000000e4000000)
 Metaspace       used 34714K, capacity 35194K, committed 35496K, reserved 1081344K
  class space    used 4413K, capacity 4551K, committed 4656K, reserved 1048576K
}
Event: 13.507 GC heap before
{Heap before GC invocations=16 (full 2):
 PSYoungGen      total 48128K, used 2102K [0x00000000f6380000, 0x00000000f9b80000, 0x0000000100000000)
  eden space 39424K, 0% used [0x00000000f6380000,0x00000000f6380000,0x00000000f8a00000)
  from space 8704K, 24% used [0x00000000f9280000,0x00000000f948d858,0x00000000f9b00000)
  to   space 8704K, 0% used [0x00000000f8a00000,0x00000000f8a00000,0x00000000f9280000)
 ParOldGen       total 22528K, used 18142K [0x00000000e2a00000, 0x00000000e4000000, 0x00000000f6380000)
  object space 22528K, 80% used [0x00000000e2a00000,0x00000000e3bb7ae8,0x00000000e4000000)
 Metaspace       used 34714K, capacity 35194K, committed 35496K, reserved 1081344K
  class space    used 4413K, capacity 4551K, committed 4656K, reserved 1048576K
Event: 13.675 GC heap after
Heap after GC invocations=16 (full 2):
 PSYoungGen      total 48128K, used 0K [0x00000000f6380000, 0x00000000f9b80000, 0x0000000100000000)
  eden space 39424K, 0% used [0x00000000f6380000,0x00000000f6380000,0x00000000f8a00000)
  from space 8704K, 0% used [0x00000000f9280000,0x00000000f9280000,0x00000000f9b00000)
  to   space 8704K, 0% used [0x00000000f8a00000,0x00000000f8a00000,0x00000000f9280000)
 ParOldGen       total 38912K, used 16807K [0x00000000e2a00000, 0x00000000e5000000, 0x00000000f6380000)
  object space 38912K, 43% used [0x00000000e2a00000,0x00000000e3a69c40,0x00000000e5000000)
 Metaspace       used 34714K, capacity 35194K, committed 35496K, reserved 1081344K
  class space    used 4413K, capacity 4551K, committed 4656K, reserved 1048576K
}
Event: 16.599 GC heap before
{Heap before GC invocations=17 (full 2):
 PSYoungGen      total 48128K, used 39424K [0x00000000f6380000, 0x00000000f9b80000, 0x0000000100000000)
  eden space 39424K, 100% used [0x00000000f6380000,0x00000000f8a00000,0x00000000f8a00000)
  from space 8704K, 0% used [0x00000000f9280000,0x00000000f9280000,0x00000000f9b00000)
  to   space 8704K, 0% used [0x00000000f8a00000,0x00000000f8a00000,0x00000000f9280000)
 ParOldGen       total 38912K, used 16807K [0x00000000e2a00000, 0x00000000e5000000, 0x00000000f6380000)
  object space 38912K, 43% used [0x00000000e2a00000,0x00000000e3a69c40,0x00000000e5000000)
 Metaspace       used 38135K, capacity 38730K, committed 39088K, reserved 1083392K
  class space    used 4841K, capacity 4993K, committed 5040K, reserved 1048576K
Event: 16.612 GC heap after
Heap after GC invocations=17 (full 2):
 PSYoungGen      total 48128K, used 6521K [0x00000000f6380000, 0x00000000fa580000, 0x0000000100000000)
  eden space 39424K, 0% used [0x00000000f6380000,0x00000000f6380000,0x00000000f8a00000)
  from space 8704K, 74% used [0x00000000f8a00000,0x00000000f905e618,0x00000000f9280000)
  to   space 9216K, 0% used [0x00000000f9c80000,0x00000000f9c80000,0x00000000fa580000)
 ParOldGen       total 38912K, used 16815K [0x00000000e2a00000, 0x00000000e5000000, 0x00000000f6380000)
  object space 38912K, 43% used [0x00000000e2a00000,0x00000000e3a6bc40,0x00000000e5000000)
 Metaspace       used 38135K, capacity 38730K, committed 39088K, reserved 1083392K
  class space    used 4841K, capacity 4993K, committed 5040K, reserved 1048576K
}
Event: 19.292 GC heap before
{Heap before GC invocations=18 (full 2):
 PSYoungGen      total 48128K, used 45945K [0x00000000f6380000, 0x00000000fa580000, 0x0000000100000000)
  eden space 39424K, 100% used [0x00000000f6380000,0x00000000f8a00000,0x00000000f8a00000)
  from space 8704K, 74% used [0x00000000f8a00000,0x00000000f905e618,0x00000000f9280000)
  to   space 9216K, 0% used [0x00000000f9c80000,0x00000000f9c80000,0x00000000fa580000)
 ParOldGen       total 38912K, used 16815K [0x00000000e2a00000, 0x00000000e5000000, 0x00000000f6380000)
  object space 38912K, 43% used [0x00000000e2a00000,0x00000000e3a6bc40,0x00000000e5000000)
 Metaspace       used 40767K, capacity 41366K, committed 41648K, reserved 1085440K
  class space    used 5036K, capacity 5199K, committed 5296K, reserved 1048576K
Event: 19.317 GC heap after
Heap after GC invocations=18 (full 2):
 PSYoungGen      total 55808K, used 9207K [0x00000000f6380000, 0x00000000faa00000, 0x0000000100000000)
  eden space 46592K, 0% used [0x00000000f6380000,0x00000000f6380000,0x00000000f9100000)
  from space 9216K, 99% used [0x00000000f9c80000,0x00000000fa57dfc8,0x00000000fa580000)
  to   space 11776K, 0% used [0x00000000f9100000,0x00000000f9100000,0x00000000f9c80000)
 ParOldGen       total 38912K, used 19962K [0x00000000e2a00000, 0x00000000e5000000, 0x00000000f6380000)
  object space 38912K, 51% used [0x00000000e2a00000,0x00000000e3d7e920,0x00000000e5000000)
 Metaspace       used 40767K, capacity 41366K, committed 41648K, reserved 1085440K
  class space    used 5036K, capacity 5199K, committed 5296K, reserved 1048576K
}

Deoptimization events (10 events):
Event: 17.428 Thread 0x0000000003298000 Uncommon trap: reason=unstable_if action=reinterpret pc=0x0000000003547d88 method=org.jetbrains.kotlin.protobuf.CodedOutputStream.computeRawVarint32Size(I)I @ 14
Event: 17.947 Thread 0x0000000003298000 Uncommon trap: reason=class_check action=maybe_recompile pc=0x0000000003d4af4c method=org.jetbrains.kotlin.load.java.structure.impl.classFiles.BinaryClassSignatureParser.parseParameterizedClassRefSignature(Ljava/text/CharacterIterator;Lorg/jetbrains/kotli
Event: 17.959 Thread 0x0000000003298000 Uncommon trap: reason=class_check action=maybe_recompile pc=0x0000000003d4af4c method=org.jetbrains.kotlin.load.java.structure.impl.classFiles.BinaryClassSignatureParser.parseParameterizedClassRefSignature(Ljava/text/CharacterIterator;Lorg/jetbrains/kotli
Event: 17.959 Thread 0x0000000003298000 Uncommon trap: reason=class_check action=maybe_recompile pc=0x0000000003d4af4c method=org.jetbrains.kotlin.load.java.structure.impl.classFiles.BinaryClassSignatureParser.parseParameterizedClassRefSignature(Ljava/text/CharacterIterator;Lorg/jetbrains/kotli
Event: 17.960 Thread 0x0000000003298000 Uncommon trap: reason=class_check action=maybe_recompile pc=0x0000000003d4af4c method=org.jetbrains.kotlin.load.java.structure.impl.classFiles.BinaryClassSignatureParser.parseParameterizedClassRefSignature(Ljava/text/CharacterIterator;Lorg/jetbrains/kotli
Event: 18.345 Thread 0x0000000003298000 Uncommon trap: reason=unstable_if action=reinterpret pc=0x0000000003c91694 method=org.jetbrains.kotlin.metadata.ProtoBuf$ValueParameter.getSerializedSize()I @ 132
Event: 18.345 Thread 0x0000000003298000 Uncommon trap: reason=unstable_if action=reinterpret pc=0x0000000003ccd874 method=org.jetbrains.kotlin.metadata.ProtoBuf$ValueParameter.getSerializedSize()I @ 132
Event: 18.504 Thread 0x0000000003298000 Uncommon trap: reason=unstable_if action=reinterpret pc=0x0000000003b423c0 method=gnu.trove.TObjectHash.insertionIndex(Ljava/lang/Object;)I @ 65
Event: 18.575 Thread 0x0000000003298000 Uncommon trap: reason=unstable_if action=reinterpret pc=0x0000000003db629c method=org.jetbrains.org.objectweb.asm.ClassReader.readMethod(Lorg/jetbrains/org/objectweb/asm/ClassVisitor;Lorg/jetbrains/org/objectweb/asm/Context;I)I @ 316
Event: 19.362 Thread 0x0000000003298000 Uncommon trap: reason=unstable_if action=reinterpret pc=0x0000000003dfec7c method=org.jetbrains.org.objectweb.asm.Type.getDescriptor()Ljava/lang/String; @ 35

Classes redefined (0 events):
No events

Internal exceptions (10 events):
Event: 6.885 Thread 0x0000000003298000 Exception <a 'java/lang/NoSuchMethodError': java.lang.Object.lambda$static$0()J> (0x00000000f65e10a0) thrown at [D:\src\AOSP-openjdk-cygwin\jdk8u\hotspot\src\share\vm\interpreter\linkResolver.cpp, line 620]
Event: 7.431 Thread 0x0000000003298000 Exception <a 'java/lang/NoSuchMethodError': java.lang.Object.lambda$static$0(I)[Lorg/jetbrains/kotlin/com/intellij/openapi/editor/event/DocumentListener;> (0x00000000f6d2fd90) thrown at [D:\src\AOSP-openjdk-cygwin\jdk8u\hotspot\src\share\vm\interpreter\li
Event: 7.567 Thread 0x0000000003298000 Exception <a 'java/lang/NoSuchMethodError': java.lang.Object.lambda$static$0(I)[Lorg/jetbrains/kotlin/com/intellij/psi/PsiAnnotation;> (0x00000000f6f4c590) thrown at [D:\src\AOSP-openjdk-cygwin\jdk8u\hotspot\src\share\vm\interpreter\linkResolver.cpp, line
Event: 7.930 Thread 0x0000000003298000 Exception <a 'java/lang/NoSuchMethodError': java.lang.Object.lambda$static$0(I)[Lorg/jetbrains/kotlin/com/intellij/psi/PsiElement;> (0x00000000f6511c30) thrown at [D:\src\AOSP-openjdk-cygwin\jdk8u\hotspot\src\share\vm\interpreter\linkResolver.cpp, line 62
Event: 11.190 Thread 0x0000000003298000 Exception <a 'java/lang/ArrayIndexOutOfBoundsException': 126> (0x00000000f71c6ec8) thrown at [D:\src\AOSP-openjdk-cygwin\jdk8u\hotspot\src\share\vm\interpreter\interpreterRuntime.cpp, line 368]
Event: 11.192 Thread 0x0000000003298000 Exception <a 'java/lang/ArrayIndexOutOfBoundsException': 86> (0x00000000f71c8350) thrown at [D:\src\AOSP-openjdk-cygwin\jdk8u\hotspot\src\share\vm\interpreter\interpreterRuntime.cpp, line 368]
Event: 13.280 Thread 0x0000000003298000 Exception <a 'java/lang/NoSuchMethodError': java.lang.Object.lambda$static$0(I)[Lorg/jetbrains/kotlin/psi/KtExpression;> (0x00000000f6833f70) thrown at [D:\src\AOSP-openjdk-cygwin\jdk8u\hotspot\src\share\vm\interpreter\linkResolver.cpp, line 620]
Event: 13.784 Thread 0x0000000003298000 Exception <a 'java/lang/NoSuchMethodError': java.lang.Object.lambda$static$0(I)[Lorg/jetbrains/kotlin/psi/KtDeclaration;> (0x00000000f64bcb18) thrown at [D:\src\AOSP-openjdk-cygwin\jdk8u\hotspot\src\share\vm\interpreter\linkResolver.cpp, line 620]
Event: 13.895 Thread 0x0000000003298000 Exception <a 'java/lang/NoSuchMethodError': java.lang.Object.lambda$static$0(I)[Lorg/jetbrains/kotlin/psi/KtTypeElement;> (0x00000000f66293c8) thrown at [D:\src\AOSP-openjdk-cygwin\jdk8u\hotspot\src\share\vm\interpreter\linkResolver.cpp, line 620]
Event: 16.185 Thread 0x0000000003298000 Exception <a 'java/lang/NoSuchMethodError': java.lang.Object.lambda$static$0(I)[Lorg/jetbrains/kotlin/com/intellij/psi/PsiClass;> (0x00000000f86863d0) thrown at [D:\src\AOSP-openjdk-cygwin\jdk8u\hotspot\src\share\vm\interpreter\linkResolver.cpp, line 620]

Events (10 events):
Event: 20.223 Thread 0x000000001459a800 flushing nmethod 0x00000000038ab250
Event: 20.223 Thread 0x000000001459a800 flushing nmethod 0x00000000038bd150
Event: 20.223 Thread 0x000000001459a800 flushing nmethod 0x00000000038c6510
Event: 20.223 Thread 0x000000001459a800 flushing nmethod 0x00000000038cbb90
Event: 20.224 Thread 0x000000001459a800 flushing nmethod 0x00000000038f9e50
Event: 20.224 Thread 0x000000001459a800 flushing nmethod 0x0000000003935990
Event: 20.225 Thread 0x000000001459a800 flushing nmethod 0x000000000393f7d0
Event: 20.225 Thread 0x000000001459a800 flushing nmethod 0x0000000003953790
Event: 20.225 Thread 0x000000001459a800 flushing nmethod 0x0000000003954590
Event: 20.225 Thread 0x000000001459a800 flushing nmethod 0x000000000395afd0


Dynamic libraries:
0x00007ff69afa0000 - 0x00007ff69afd1000 	C:\Program Files\Android\Android Studio\jre\jre\bin\java.exe
0x00007ff961260000 - 0x00007ff961432000 	C:\WINDOWS\SYSTEM32\ntdll.dll
0x00007ff961030000 - 0x00007ff9610dc000 	C:\WINDOWS\System32\KERNEL32.DLL
0x00007ff95e5d0000 - 0x00007ff95e7ed000 	C:\WINDOWS\System32\KERNELBASE.dll
0x00007ff95eeb0000 - 0x00007ff95ef52000 	C:\WINDOWS\System32\ADVAPI32.dll
0x00007ff95ebb0000 - 0x00007ff95ec4e000 	C:\WINDOWS\System32\msvcrt.dll
0x00007ff95ef60000 - 0x00007ff95efb9000 	C:\WINDOWS\System32\sechost.dll
0x00007ff95f3f0000 - 0x00007ff95f511000 	C:\WINDOWS\System32\RPCRT4.dll
0x00007ff95e840000 - 0x00007ff95e9a5000 	C:\WINDOWS\System32\USER32.dll
0x00007ff95d760000 - 0x00007ff95d77e000 	C:\WINDOWS\System32\win32u.dll
0x00007ff95e7f0000 - 0x00007ff95e824000 	C:\WINDOWS\System32\GDI32.dll
0x00007ff95db70000 - 0x00007ff95dcf0000 	C:\WINDOWS\System32\gdi32full.dll
0x00007ff94b6d0000 - 0x00007ff94b94a000 	C:\WINDOWS\WinSxS\amd64_microsoft.windows.common-controls_6595b64144ccf1df_6.0.14393.953_none_42151e83c686086b\COMCTL32.dll
0x00007ff960d60000 - 0x00007ff961028000 	C:\WINDOWS\System32\combase.dll
0x00007ff95da00000 - 0x00007ff95daf5000 	C:\WINDOWS\System32\ucrtbase.dll
0x00007ff95db00000 - 0x00007ff95db6a000 	C:\WINDOWS\System32\bcryptPrimitives.dll
0x00007ff95eda0000 - 0x00007ff95edce000 	C:\WINDOWS\System32\IMM32.DLL
0x0000000066af0000 - 0x0000000066bc2000 	C:\Program Files\Android\Android Studio\jre\jre\bin\msvcr100.dll
0x0000000067050000 - 0x0000000067896000 	C:\Program Files\Android\Android Studio\jre\jre\bin\server\jvm.dll
0x00007ff95ed90000 - 0x00007ff95ed98000 	C:\WINDOWS\System32\PSAPI.DLL
0x00007ff950a10000 - 0x00007ff950a19000 	C:\WINDOWS\SYSTEM32\WSOCK32.dll
0x00007ff95b5e0000 - 0x00007ff95b603000 	C:\WINDOWS\SYSTEM32\WINMM.dll
0x00007ff94f410000 - 0x00007ff94f41a000 	C:\WINDOWS\SYSTEM32\VERSION.dll
0x0000000001770000 - 0x000000000179b000 	C:\WINDOWS\SYSTEM32\WINMMBASE.dll
0x00007ff95ee40000 - 0x00007ff95eeaa000 	C:\WINDOWS\System32\WS2_32.dll
0x00007ff95dea0000 - 0x00007ff95dee2000 	C:\WINDOWS\System32\cfgmgr32.dll
0x00007ff95a980000 - 0x00007ff95a98f000 	C:\Program Files\Android\Android Studio\jre\jre\bin\verify.dll
0x00007ff95a710000 - 0x00007ff95a739000 	C:\Program Files\Android\Android Studio\jre\jre\bin\java.dll
0x00007ff95a6f0000 - 0x00007ff95a706000 	C:\Program Files\Android\Android Studio\jre\jre\bin\zip.dll
0x00007ff95f790000 - 0x00007ff960c99000 	C:\WINDOWS\System32\SHELL32.dll
0x00007ff95def0000 - 0x00007ff95e5c9000 	C:\WINDOWS\System32\windows.storage.dll
0x00007ff95d710000 - 0x00007ff95d75c000 	C:\WINDOWS\System32\powrprof.dll
0x00007ff961180000 - 0x00007ff9611d2000 	C:\WINDOWS\System32\shlwapi.dll
0x00007ff95d6e0000 - 0x00007ff95d6ef000 	C:\WINDOWS\System32\kernel.appcore.dll
0x00007ff95dd50000 - 0x00007ff95ddf9000 	C:\WINDOWS\System32\shcore.dll
0x00007ff95d6f0000 - 0x00007ff95d704000 	C:\WINDOWS\System32\profapi.dll
0x00007ff9596b0000 - 0x00007ff9596ca000 	C:\Program Files\Android\Android Studio\jre\jre\bin\net.dll
0x00007ff95cfa0000 - 0x00007ff95cffc000 	C:\WINDOWS\system32\mswsock.dll
0x00007ff959690000 - 0x00007ff9596a1000 	C:\Program Files\Android\Android Studio\jre\jre\bin\nio.dll

VM Arguments:
java_command: org.jetbrains.kotlin.cli.jvm.K2JVMCompiler -Xallow-no-source-files -classpath C:\Users\Acer\.gradle\caches\modules-2\files-2.1\org.jetbrains.kotlin\kotlin-android-extensions-runtime\1.3.72\83423235971335be77d2ea025008bc9959738ffc\kotlin-android-extensions-runtime-1.3.72.jar;C:\Users\Acer\.gradle\caches\modules-2\files-2.1\org.jetbrains.kotlin\kotlin-stdlib-jdk7\1.3.72\3adfc2f4ea4243e01204be8081fe63bde6b12815\kotlin-stdlib-jdk7-1.3.72.jar;C:\Users\Acer\.gradle\caches\transforms-2\files-2.1\35dee746bdd807739854ee3c2c27e4de\core-ktx-1.2.0-api.jar;C:\Users\Acer\.gradle\caches\transforms-2\files-2.1\2a726cc3724d35e56c220228b962727b\lifecycle-viewmodel-ktx-2.2.0-api.jar;C:\Users\Acer\.gradle\caches\transforms-2\files-2.1\c4c2f7300eeb2343541ce57e1f167aba\lifecycle-livedata-ktx-2.2.0-api.jar;C:\Users\Acer\.gradle\caches\transforms-2\files-2.1\9fd0fce5ffb38523f62a36e9d17b4688\jetified-kotlinx-coroutines-android-1.3.0.jar;C:\Users\Acer\.gradle\caches\modules-2\files-2.1\org.jetbrains.kotlinx\kotlinx-coroutines-core\1.3.0\36fa8555d92456448ec19e64b00be830df9a7fb5\kotlinx-coroutines-core-1.3.0.jar;C:\Users\Acer\.gradle\caches\transforms-2\files-2.1\55531ddfc8ec62d4a3a0e812b6dff163\lifecycle-livedata-core-ktx-2.2.0-api.jar;C:\Users\Acer\.gradle\caches\modules-2\files-2.1\org.jetbrains.kotlin\kotlin-stdlib\1.3.72\8032138f12c0180bc4e51fe139d4c52b46db6109\kotlin-stdlib-1.3.72.jar;C:\Users\Acer\.gradle\caches\modules-2\files-2.1\org.jetbrains.kotlin\kotlin-stdlib-common\1.3.72\6ca8bee3d88957eaaaef077c41c908c9940492d8\kotlin-stdlib-common-1.3.72.jar;C:\Users\Acer\.gradle\caches\modules-2\files-2.1\org.jetbrains\annotations\13.0\919f0dfe192fb4e063e7dacadee7f8bb9a2672a9\annotations-13.0.jar;C:\Users\Acer\.gradle\caches\transforms-2\files-2.1\2a5e43a1a5172a780ed11bfc9e0a4275\material-1.1.0-api.jar;C:\Users\Acer\.gradle\caches\transforms-2\files-2.1\dcc552481ab0c4d817b7d0b80177fb2e\appcompat-1.1.0-api.jar;C:\Users\Acer\.gradle\caches\transforms-2\files-2.1\921e50f385b74371
java_class_path (initial): C:\Users\Acer\.gradle\caches\modules-2\files-2.1\org.jetbrains.kotlin\kotlin-compiler-embeddable\1.3.72\fb72232c8fa977d5e07d33c43381ddbdc5edab6\kotlin-compiler-embeddable-1.3.72.jar;C:\Users\Acer\.gradle\caches\modules-2\files-2.1\org.jetbrains.kotlin\kotlin-reflect\1.3.72\86613e1a669a701b0c660bfd2af4f82a7ae11fca\kotlin-reflect-1.3.72.jar;C:\Users\Acer\.gradle\caches\modules-2\files-2.1\org.jetbrains.kotlin\kotlin-stdlib\1.3.72\8032138f12c0180bc4e51fe139d4c52b46db6109\kotlin-stdlib-1.3.72.jar;C:\Users\Acer\.gradle\caches\modules-2\files-2.1\org.jetbrains.kotlin\kotlin-script-runtime\1.3.72\657d8d34d91e1964b4439378c09933e840bfe8d5\kotlin-script-runtime-1.3.72.jar;C:\Users\Acer\.gradle\caches\modules-2\files-2.1\org.jetbrains.kotlin\kotlin-daemon-embeddable\1.3.72\53bbaa2816dbf6bdb85f629451b1fcc88f2164d2\kotlin-daemon-embeddable-1.3.72.jar;C:\Users\Acer\.gradle\caches\modules-2\files-2.1\org.jetbrains.intellij.deps\trove4j\1.0.20181211\216c2e14b070f334479d800987affe4054cd563f\trove4j-1.0.20181211.jar;C:\Users\Acer\.gradle\caches\modules-2\files-2.1\org.jetbrains.kotlin\kotlin-stdlib-common\1.3.72\6ca8bee3d88957eaaaef077c41c908c9940492d8\kotlin-stdlib-common-1.3.72.jar;C:\Users\Acer\.gradle\caches\modules-2\files-2.1\org.jetbrains\annotations\13.0\919f0dfe192fb4e063e7dacadee7f8bb9a2672a9\annotations-13.0.jar;C:\Program Files\Android\Android Studio\jre\lib\tools.jar
Launcher Type: SUN_STANDARD

Environment Variables:
PATH=C:\Program Files (x86)\Common Files\Oracle\Java\javapath;C:\eclipse\jre\bin\javawexe;C:\Program Files\Git\cmd;C:\Program Files\Java\jdk-12\bin
USERNAME=Acer
OS=Windows_NT
PROCESSOR_IDENTIFIER=Intel64 Family 6 Model 92 Stepping 9, GenuineIntel



---------------  S Y S T E M  ---------------

OS: Windows 10.0 , 64 bit Build 14393 (10.0.14393.2214)

CPU:total 4 (initial active 4) (4 cores per cpu, 1 threads per core) family 6 model 92 stepping 9, cmov, cx8, fxsr, mmx, sse, sse2, sse3, ssse3, sse4.1, sse4.2, popcnt, aes, clmul, erms, 3dnowpref, tsc, tscinvbit

Memory: 4k page, physical 1921248k(244136k free), swap 4605900k(3580k free)

vm_info: OpenJDK 64-Bit Server VM (25.202-b03) for windows-amd64 JRE (1.8.0_202-release-1483-b03), built by "builder" with MS VC++ 10.0 (VS2010)

time: Sat May 23 21:59:24 2020
timezone: Финландия - лятно часово време
elapsed time: 20 seconds (0d 0h 0m 20s)

